This is MetaPost, version 2.00 (MiKTeX 2.9.7380 64-bit) (MiKTeX 2.9.7380 64-bit)  30 MAR 2020 14:00
**a.mp
(C:/Program Files/MiKTeX 2.9/metapost/base/mpost.mp
(C:/Program Files/MiKTeX 2.9/metapost/base/plain.mp
Preloading the plain mem file, version 1.005) ) (./a.mp
(C:/Program Files/MiKTeX 2.9/metapost/metauml/metauml.mp
(C:/Program Files/MiKTeX 2.9/metapost/metauml/util_infrastructure.mp
(C:/Program Files/MiKTeX 2.9/metapost/metauml/util_log.mp))
(C:/Program Files/MiKTeX 2.9/metapost/metauml/util_object.mp)
(C:/Program Files/MiKTeX 2.9/metapost/metauml/util_commons.mp)
(C:/Program Files/MiKTeX 2.9/metapost/metauml/util_margins.mp)
(C:/Program Files/MiKTeX 2.9/metapost/metauml/util_picture.mp
(C:/Program Files/MiKTeX 2.9/metapost/base/boxes.mp))
(C:/Program Files/MiKTeX 2.9/metapost/metauml/util_group.mp)
(C:/Program Files/MiKTeX 2.9/metapost/metauml/util_picture_stack.mp)
(C:/Program Files/MiKTeX 2.9/metapost/metauml/util_positioning.mp)
(C:/Program Files/MiKTeX 2.9/metapost/metauml/util_shade.mp)
(C:/Program Files/MiKTeX 2.9/metapost/metauml/metauml_base.mp)
(C:/Program Files/MiKTeX 2.9/metapost/metauml/metauml_links.mp)
(C:/Program Files/MiKTeX 2.9/metapost/metauml/metauml_paths.mp)
(C:/Program Files/MiKTeX 2.9/metapost/metauml/metauml_note.mp
(C:/Program Files/MiKTeX 2.9/metapost/metauml/metauml_defaults.mp))
(C:/Program Files/MiKTeX 2.9/metapost/metauml/metauml_stereotype.mp)
(C:/Program Files/MiKTeX 2.9/metapost/metauml/metauml_class.mp)
(C:/Program Files/MiKTeX 2.9/metapost/metauml/metauml_instance.mp)
(C:/Program Files/MiKTeX 2.9/metapost/metauml/metauml_class_relations.mp)
(C:/Program Files/MiKTeX 2.9/metapost/metauml/metauml_class_assoc.mp)
(C:/Program Files/MiKTeX 2.9/metapost/metauml/metauml_package.mp)
(C:/Program Files/MiKTeX 2.9/metapost/metauml/metauml_package_relations.mp)
(C:/Program Files/MiKTeX 2.9/metapost/metauml/metauml_behavioral_common.mp)
(C:/Program Files/MiKTeX 2.9/metapost/metauml/metauml_activity.mp)
(C:/Program Files/MiKTeX 2.9/metapost/metauml/metauml_state.mp)
(C:/Program Files/MiKTeX 2.9/metapost/metauml/metauml_usecase_clipart.mp)
(C:/Program Files/MiKTeX 2.9/metapost/metauml/metauml_usecase.mp)
(C:/Program Files/MiKTeX 2.9/metapost/metauml/metauml_behavioral_common.mp)
(C:/Program Files/MiKTeX 2.9/metapost/metauml/metauml_activity.mp)
(C:/Program Files/MiKTeX 2.9/metapost/metauml/metauml_state.mp)
(C:/Program Files/MiKTeX 2.9/metapost/metauml/metauml_usecase_clipart.mp)
(C:/Program Files/MiKTeX 2.9/metapost/metauml/metauml_usecase.mp)
(C:/Program Files/MiKTeX 2.9/metapost/metauml/metauml_component.mp)
(C:/Program Files/MiKTeX 2.9/metapost/metauml/metauml_component_relations.mp)
(C:/Program Files/MiKTeX 2.9/metapost/metauml/metauml_templates.mp)) [1] )
1 output file written: a.1

