C51 COMPILER V9.60.0.0   TIMER                                                             05/23/2021 12:56:48 PAGE 1   


C51 COMPILER V9.60.0.0, COMPILATION OF MODULE TIMER
OBJECT MODULE PLACED IN .\Objects\timer.obj
COMPILER INVOKED BY: C:\Keil_v5\C51\BIN\C51.EXE timer.c OPTIMIZE(8,SPEED) BROWSE DEBUG OBJECTEXTEND PRINT(.\Listings\tim
                    -er.lst) TABS(2) OBJECT(.\Objects\timer.obj)

line level    source

   1          #include<reg52.h>
   2          
   3          void t0_m1_delay_5ms();
   4          
   5          void main(){
   6   1        
   7   1        TMOD = 0x01; //timer 0, mode 1
   8   1        
   9   1        while(1){
  10   2        P1 = 0xFF;
  11   2        t0_m1_delay_5ms();
  12   2        P1 = 0x00;
  13   2        t0_m1_delay_5ms();
  14   2        }
  15   1      }
  16          
  17          void t0_m1_delay_5ms(){
  18   1        TH0 = 0xEE;
  19   1        TL0 = 0x00; //5ms delay
  20   1        TR0 = 1;  //start timer
  21   1        
  22   1        while(!TF0); 
  23   1        
  24   1        TR0 = 0;
  25   1        TF0 = 0;
  26   1      }


MODULE INFORMATION:   STATIC OVERLAYABLE
   CODE SIZE        =     33    ----
   CONSTANT SIZE    =   ----    ----
   XDATA SIZE       =   ----    ----
   PDATA SIZE       =   ----    ----
   DATA SIZE        =   ----    ----
   IDATA SIZE       =   ----    ----
   BIT SIZE         =   ----    ----
END OF MODULE INFORMATION.


C51 COMPILATION COMPLETE.  0 WARNING(S),  0 ERROR(S)
