#
# A fatal error has been detected by the Java Runtime Environment:
#
#  EXCEPTION_ACCESS_VIOLATION (0xc0000005) at pc=0x00007ff8853e45a9, pid=11824, tid=6388
#
# JRE version: Java(TM) SE Runtime Environment (12.0.2+10) (build 12.0.2+10)
# Java VM: Java HotSpot(TM) 64-Bit Server VM (12.0.2+10, mixed mode, sharing, tiered, compressed oops, g1 gc, windows-amd64)
# Problematic frame:
# C  0x00007ff8853e45a9
#
# No core dump will be written. Minidumps are not enabled by default on client versions of Windows
#
# If you would like to submit a bug report, please visit:
#   http://bugreport.java.com/bugreport/crash.jsp
#

---------------  S U M M A R Y ------------

Command Line: -Djava.library.path=C:\Users\ACER DEMO\OpenCV\opencv\build\java\x64 -javaagent:C:\Program Files\JetBrains\IntelliJ IDEA 2019.2\lib\idea_rt.jar=57370:C:\Program Files\JetBrains\IntelliJ IDEA 2019.2\bin -Dfile.encoding=UTF-8 com.George.Main

Host: Intel(R) Core(TM) i7-7500U CPU @ 2.70GHz, 4 cores, 7G,  Windows 10 , 64 bit Build 18362 (10.0.18362.1110)
Time: Wed Oct 28 00:15:38 2020 GTB Standard Time elapsed time: 208 seconds (0d 0h 3m 28s)

---------------  T H R E A D  ---------------

Current thread (0x0000027bfcb2d000):  VMThread "VM Thread" [stack: 0x000000d353700000,0x000000d353800000] [id=6388]

Stack: [0x000000d353700000,0x000000d353800000],  sp=0x000000d3537fe820,  free space=1018k
Native frames: (J=compiled Java code, j=interpreted, Vv=VM code, C=native code)
C  0x00007ff8853e45a9


siginfo: EXCEPTION_ACCESS_VIOLATION (0xc0000005), reading address 0x0000027bfd7f5000


Register to memory mapping:

RIP=0x00007ff8853e45a9 points into unknown readable memory: 48 8b b0 f0 03 00 00
RAX=0x0000027bfd7f4c10 points into unknown readable memory: b0 c3 27 fe 7b 02 00 00
RBX=0x00007ff8853e4590 points into unknown readable memory: 48 89 5c 24 08 48 89 74
RCX=0x0000027bfdd8afc0 points into unknown readable memory: 30 e9 5c 85 f8 7f 00 00
RDX=0x0 is NULL
RSP=0x000000d3537fe820 points into unknown readable memory: d8 00 06 c4 f8 7f 00 00
RBP=0x0 is NULL
RSI=0x0000027b801d8840 points into unknown readable memory: 02 01 00 00 5c 00 55 00
RDI=0x0000027bfdd8afc0 points into unknown readable memory: 30 e9 5c 85 f8 7f 00 00
R8 =0x000000000000003d is an unknown value
R9 =0x000000000000003d is an unknown value
R10=0x000000000000003b is an unknown value
R11=0x000000d3537fe860 points into unknown readable memory: 00 00 00 00 00 00 00 00
R12=0x00007ff8c41c6120 ntdll.dll
R13=0x00007ff8c41c6168 ntdll.dll
R14=0x00007ff874946200 opencv_java440.dll
R15=0x00007ff873022370 opencv_java440.dll


Registers:
RAX=0x0000027bfd7f4c10, RBX=0x00007ff8853e4590, RCX=0x0000027bfdd8afc0, RDX=0x0000000000000000
RSP=0x000000d3537fe820, RBP=0x0000000000000000, RSI=0x0000027b801d8840, RDI=0x0000027bfdd8afc0
R8 =0x000000000000003d, R9 =0x000000000000003d, R10=0x000000000000003b, R11=0x000000d3537fe860
R12=0x00007ff8c41c6120, R13=0x00007ff8c41c6168, R14=0x00007ff874946200, R15=0x00007ff873022370
RIP=0x00007ff8853e45a9, EFLAGS=0x0000000000010202

Top of Stack: (sp=0x000000d3537fe820)
0x000000d3537fe820:   00007ff8c40600d8 0000000000000000
0x000000d3537fe830:   0000027bdc632ea0 000000d3537fe901
0x000000d3537fe840:   0000027bfdd8afc0 00007ff88536917e
0x000000d3537fe850:   00007ff8853e4590 0000027b801d8840
0x000000d3537fe860:   0000000000000000 00007ff89e372b4f
0x000000d3537fe870:   fffffffffffffffe 0000027b00000000
0x000000d3537fe880:   00005435f39a9f7a 00007ff8749488a0
0x000000d3537fe890:   0000000000000001 00007ff87314131e
0x000000d3537fe8a0:   0000027b80824130 0000027b80824130
0x000000d3537fe8b0:   0000027bdc940000 00007ff873ceb93f
0x000000d3537fe8c0:   00007ff874948900 00007ff87383f69f
0x000000d3537fe8d0:   0000000000000000 0000027b80824130
0x000000d3537fe8e0:   0000000000000000 00007ff873cebda7
0x000000d3537fe8f0:   00007ff800000000 00007ff8731619f5
0x000000d3537fe900:   000030ada2322cf9 0000000000000000
0x000000d3537fe910:   0000000000000001 00007ff873141600 

Instructions: (pc=0x00007ff8853e45a9)
0x00007ff8853e44a9:   8b 85 b0 08 00 00 89 44 24 28 48 8d 45 68 48 89
0x00007ff8853e44b9:   44 24 20 41 b8 02 00 00 00 48 8d 95 00 08 00 00
0x00007ff8853e44c9:   48 8b cf e8 1f 52 fe ff 49 8b cf e8 27 65 fb ff
0x00007ff8853e44d9:   48 8b 8f f0 00 00 00 48 83 b9 48 01 00 00 00 74
0x00007ff8853e44e9:   1d 49 8d 46 10 48 89 44 24 40 4c 8d 4c 24 40 ba
0x00007ff8853e44f9:   04 00 00 00 44 8d 42 11 e8 2a 9a ff ff 90 48 8d
0x00007ff8853e4509:   05 ca 08 1e 00 48 89 45 20 48 8b 7d 30 48 8b 07
0x00007ff8853e4519:   48 8b 58 10 48 8b cb ff 15 5a 30 1c 00 48 8d 54
0x00007ff8853e4529:   24 40 48 8b cf ff d3 90 48 8b 7c 24 48 48 85 ff
0x00007ff8853e4539:   74 14 48 8b 5c 24 40 48 8b cb ff 15 37 30 1c 00
0x00007ff8853e4549:   48 8b cf ff d3 90 48 89 75 30 48 8d 4d 68 e8 64
0x00007ff8853e4559:   9e ff ff 33 c0 48 8b 8d 10 08 00 00 48 33 cc e8
0x00007ff8853e4569:   b3 16 17 00 48 81 c4 28 09 00 00 41 5f 41 5e 41
0x00007ff8853e4579:   5d 41 5c 5f 5e 5b 5d c3 e8 ea f1 f8 ff 90 cc cc
0x00007ff8853e4589:   cc cc cc cc cc cc cc 48 89 5c 24 08 48 89 74 24
0x00007ff8853e4599:   10 57 48 83 ec 20 48 8b 81 f8 00 00 00 48 8b f9
0x00007ff8853e45a9:   48 8b b0 f0 03 00 00 48 8b 06 48 8b 58 18 48 8b
0x00007ff8853e45b9:   cb ff 15 c0 2f 1c 00 48 8b ce ff d3 48 8b cf e8
0x00007ff8853e45c9:   a3 1d fc ff 84 c0 75 f4 48 8b 8f d8 00 00 00 8b
0x00007ff8853e45d9:   9f d0 00 00 00 e8 9d 68 0d 00 45 33 c9 4c 8b c0
0x00007ff8853e45e9:   8b d3 48 8b cf e8 9d 20 fc ff 45 33 c0 8b d3 48
0x00007ff8853e45f9:   8b ce e8 80 fd 0b 00 48 8b 5c 24 30 33 c0 48 8b
0x00007ff8853e4609:   74 24 38 48 83 c4 20 5f c3 cc cc cc cc cc cc cc
0x00007ff8853e4619:   cc cc cc cc cc cc cc 48 89 5c 24 08 57 48 83 ec
0x00007ff8853e4629:   20 48 8b 81 f8 00 00 00 48 8b b8 f0 03 00 00 48
0x00007ff8853e4639:   8b 07 48 8b 58 18 48 8b cb ff 15 38 2f 1c 00 48
0x00007ff8853e4649:   8b cf ff d3 48 8b 5c 24 30 33 c0 48 83 c4 20 5f
0x00007ff8853e4659:   c3 cc cc cc cc cc cc 48 89 5c 24 10 48 89 74 24
0x00007ff8853e4669:   18 48 89 7c 24 20 55 41 54 41 55 41 56 41 57 48
0x00007ff8853e4679:   8d 6c 24 e0 48 81 ec 20 01 00 00 48 8b f2 4c 8b
0x00007ff8853e4689:   e9 e8 91 51 fb ff 49 8b 95 f0 00 00 00 48 8b c8
0x00007ff8853e4699:   e8 72 5d fb ff 33 d2 48 8d 4c 24 50 41 b8 d0 00 


Stack slot to memory mapping:
stack at sp + 0 slots: 0x00007ff8c40600d8 ntdll.dll
stack at sp + 1 slots: 0x0 is NULL
stack at sp + 2 slots: 0x0000027bdc632ea0 points into unknown readable memory: 43 00 3a 00 5c 00 57 00
stack at sp + 3 slots: 0x000000d3537fe901 points into unknown readable memory: 2c 32 a2 ad 30 00 00
stack at sp + 4 slots: 0x0000027bfdd8afc0 points into unknown readable memory: 30 e9 5c 85 f8 7f 00 00
stack at sp + 5 slots: 0x00007ff88536917e points into unknown readable memory: eb 05
stack at sp + 6 slots: 0x00007ff8853e4590 points into unknown readable memory: 48 89 5c 24 08 48 89 74
stack at sp + 7 slots: 0x0000027b801d8840 points into unknown readable memory: 02 01 00 00 5c 00 55 00

VM_Operation (0x000000d3546fe760): Exit, mode: safepoint, requested by thread 0x0000027bfdbd1000


---------------  P R O C E S S  ---------------

Threads class SMR info:
_java_thread_list=0x0000027b808233b0, length=15, elements={
0x0000027bfcb30800, 0x0000027bfcb33800, 0x0000027bfcb4c800, 0x0000027bfcb4f000,
0x0000027bfcb51000, 0x0000027bfcb5e800, 0x0000027bfd4d2800, 0x0000027bfcb16000,
0x0000027bfd5f8000, 0x0000027bfd5f9000, 0x0000027bfd7fd800, 0x0000027bfd7fe800,
0x0000027bfdbd1000, 0x0000027bdc828800, 0x0000027b80343000
}

Java Threads: ( => current thread )
  0x0000027bfcb30800 JavaThread "Reference Handler" daemon [_thread_blocked, id=13020, stack(0x000000d353800000,0x000000d353900000)]
  0x0000027bfcb33800 JavaThread "Finalizer" daemon [_thread_blocked, id=21800, stack(0x000000d353900000,0x000000d353a00000)]
  0x0000027bfcb4c800 JavaThread "Signal Dispatcher" daemon [_thread_blocked, id=19540, stack(0x000000d353a00000,0x000000d353b00000)]
  0x0000027bfcb4f000 JavaThread "Attach Listener" daemon [_thread_blocked, id=12548, stack(0x000000d353b00000,0x000000d353c00000)]
  0x0000027bfcb51000 JavaThread "C2 CompilerThread0" daemon [_thread_blocked, id=20840, stack(0x000000d353c00000,0x000000d353d00000)]
  0x0000027bfcb5e800 JavaThread "C1 CompilerThread0" daemon [_thread_blocked, id=22432, stack(0x000000d353d00000,0x000000d353e00000)]
  0x0000027bfd4d2800 JavaThread "Sweeper thread" daemon [_thread_blocked, id=21844, stack(0x000000d353e00000,0x000000d353f00000)]
  0x0000027bfcb16000 JavaThread "Common-Cleaner" daemon [_thread_blocked, id=14324, stack(0x000000d353f00000,0x000000d354000000)]
  0x0000027bfd5f8000 JavaThread "Monitor Ctrl-Break" daemon [_thread_in_native, id=15504, stack(0x000000d354000000,0x000000d354100000)]
  0x0000027bfd5f9000 JavaThread "Service Thread" daemon [_thread_blocked, id=18272, stack(0x000000d354100000,0x000000d354200000)]
  0x0000027bfd7fd800 JavaThread "Java2D Disposer" daemon [_thread_blocked, id=3060, stack(0x000000d354300000,0x000000d354400000)]
  0x0000027bfd7fe800 JavaThread "AWT-Shutdown" [_thread_blocked, id=20020, stack(0x000000d354400000,0x000000d354500000)]
  0x0000027bfdbd1000 JavaThread "AWT-EventQueue-0" [_thread_blocked, id=13716, stack(0x000000d354600000,0x000000d354700000)]
  0x0000027bdc828800 JavaThread "DestroyJavaVM" [_thread_blocked, id=14488, stack(0x000000d353100000,0x000000d353200000)]
  0x0000027b80343000 JavaThread "Thread-0" [_thread_blocked, id=18500, stack(0x000000d354e00000,0x000000d354f00000)]

Other Threads:
=>0x0000027bfcb2d000 VMThread "VM Thread" [stack: 0x000000d353700000,0x000000d353800000] [id=6388]
  0x0000027bdc868800 GCTaskThread "GC Thread#0" [stack: 0x000000d353200000,0x000000d353300000] [id=4628]
  0x0000027bfe1fa800 GCTaskThread "GC Thread#1" [stack: 0x000000d355800000,0x000000d355900000] [id=19064]
  0x0000027bfdef8800 GCTaskThread "GC Thread#2" [stack: 0x000000d355900000,0x000000d355a00000] [id=11232]
  0x0000027bfd4f6800 GCTaskThread "GC Thread#3" [stack: 0x000000d355a00000,0x000000d355b00000] [id=20536]
  0x0000027bdc877800 ConcurrentGCThread "G1 Main Marker" [stack: 0x000000d353300000,0x000000d353400000] [id=21068]
  0x0000027bdc87a000 ConcurrentGCThread "G1 Conc#0" [stack: 0x000000d353400000,0x000000d353500000] [id=5500]
  0x0000027bdc8fe000 ConcurrentGCThread "G1 Refine#0" [stack: 0x000000d353500000,0x000000d353600000] [id=17360]
  0x0000027bfc9b0800 ConcurrentGCThread "G1 Young RemSet Sampling" [stack: 0x000000d353600000,0x000000d353700000] [id=9204]

Threads with active compile tasks:

VM state:at safepoint (shutting down)

VM Mutex/Monitor currently owned by a thread:  ([mutex/lock_event])
[0x0000027bdc825d10] Threads_lock - owner thread: 0x0000027bfcb2d000

Heap address: 0x0000000082000000, size: 2016 MB, Compressed Oops mode: 32-bit
Narrow klass base: 0x0000000800000000, Narrow klass shift: 3
Compressed class space size: 1073741824 Address: 0x0000000801190000

Heap:
 garbage-first heap   total 251904K, used 191039K [0x0000000082000000, 0x0000000100000000)
  region size 1024K, 2 young (2048K), 1 survivors (1024K)
 Metaspace       used 12711K, capacity 13056K, committed 13312K, reserved 1060864K
  class space    used 1521K, capacity 1684K, committed 1792K, reserved 1048576K
Heap Regions: E=young(eden), S=young(survivor), O=old, HS=humongous(starts), HC=humongous(continues), CS=collection set, F=free, A=archive, TAMS=top-at-mark-start (previous, next)
|   0|0x0000000082000000, 0x0000000082100000, 0x0000000082100000|100%|HS|  |TAMS 0x0000000082100000, 0x0000000082000000| Complete 
|   1|0x0000000082100000, 0x0000000082200000, 0x0000000082200000|100%|HC|  |TAMS 0x0000000082200000, 0x0000000082100000| Complete 
|   2|0x0000000082200000, 0x0000000082300000, 0x0000000082300000|100%|HC|  |TAMS 0x0000000082300000, 0x0000000082200000| Complete 
|   3|0x0000000082300000, 0x0000000082400000, 0x0000000082400000|100%|HS|  |TAMS 0x0000000082300000, 0x0000000082300000| Complete 
|   4|0x0000000082400000, 0x0000000082500000, 0x0000000082500000|100%|HS|  |TAMS 0x0000000082400000, 0x0000000082400000| Complete 
|   5|0x0000000082500000, 0x0000000082600000, 0x0000000082600000|100%|HS|  |TAMS 0x0000000082500000, 0x0000000082500000| Complete 
|   6|0x0000000082600000, 0x0000000082700000, 0x0000000082700000|100%|HS|  |TAMS 0x0000000082600000, 0x0000000082600000| Complete 
|   7|0x0000000082700000, 0x0000000082800000, 0x0000000082800000|100%|HS|  |TAMS 0x0000000082700000, 0x0000000082700000| Complete 
|   8|0x0000000082800000, 0x0000000082900000, 0x0000000082900000|100%|HS|  |TAMS 0x0000000082800000, 0x0000000082800000| Complete 
|   9|0x0000000082900000, 0x0000000082a00000, 0x0000000082a00000|100%|HS|  |TAMS 0x0000000082900000, 0x0000000082900000| Complete 
|  10|0x0000000082a00000, 0x0000000082b00000, 0x0000000082b00000|100%|HS|  |TAMS 0x0000000082a00000, 0x0000000082a00000| Complete 
|  11|0x0000000082b00000, 0x0000000082c00000, 0x0000000082c00000|100%|HS|  |TAMS 0x0000000082b00000, 0x0000000082b00000| Complete 
|  12|0x0000000082c00000, 0x0000000082d00000, 0x0000000082d00000|100%|HS|  |TAMS 0x0000000082c00000, 0x0000000082c00000| Complete 
|  13|0x0000000082d00000, 0x0000000082e00000, 0x0000000082e00000|100%|HS|  |TAMS 0x0000000082d00000, 0x0000000082d00000| Complete 
|  14|0x0000000082e00000, 0x0000000082f00000, 0x0000000082f00000|100%|HS|  |TAMS 0x0000000082e00000, 0x0000000082e00000| Complete 
|  15|0x0000000082f00000, 0x0000000083000000, 0x0000000083000000|100%|HS|  |TAMS 0x0000000082f00000, 0x0000000082f00000| Complete 
|  16|0x0000000083000000, 0x0000000083100000, 0x0000000083100000|100%|HS|  |TAMS 0x0000000083000000, 0x0000000083000000| Complete 
|  17|0x0000000083100000, 0x0000000083200000, 0x0000000083200000|100%|HS|  |TAMS 0x0000000083100000, 0x0000000083100000| Complete 
|  18|0x0000000083200000, 0x0000000083300000, 0x0000000083300000|100%|HS|  |TAMS 0x0000000083200000, 0x0000000083200000| Complete 
|  19|0x0000000083300000, 0x0000000083400000, 0x0000000083400000|100%|HS|  |TAMS 0x0000000083300000, 0x0000000083300000| Complete 
|  20|0x0000000083400000, 0x0000000083500000, 0x0000000083500000|100%|HS|  |TAMS 0x0000000083400000, 0x0000000083400000| Complete 
|  21|0x0000000083500000, 0x0000000083600000, 0x0000000083600000|100%|HS|  |TAMS 0x0000000083500000, 0x0000000083500000| Complete 
|  22|0x0000000083600000, 0x0000000083700000, 0x0000000083700000|100%|HS|  |TAMS 0x0000000083600000, 0x0000000083600000| Complete 
|  23|0x0000000083700000, 0x0000000083800000, 0x0000000083800000|100%|HS|  |TAMS 0x0000000083700000, 0x0000000083700000| Complete 
|  24|0x0000000083800000, 0x0000000083807c00, 0x0000000083900000|  3%| O|  |TAMS 0x0000000083807c00, 0x0000000083800000| Complete 
|  25|0x0000000083900000, 0x0000000083902400, 0x0000000083a00000|  0%| O|  |TAMS 0x0000000083902400, 0x0000000083900000| Complete 
|  26|0x0000000083a00000, 0x0000000083b00000, 0x0000000083b00000|100%|HS|  |TAMS 0x0000000083a00000, 0x0000000083a00000| Complete 
|  27|0x0000000083b00000, 0x0000000083c00000, 0x0000000083c00000|100%|HS|  |TAMS 0x0000000083b00000, 0x0000000083b00000| Complete 
|  28|0x0000000083c00000, 0x0000000083d00000, 0x0000000083d00000|100%|HS|  |TAMS 0x0000000083c00000, 0x0000000083c00000| Complete 
|  29|0x0000000083d00000, 0x0000000083e00000, 0x0000000083e00000|100%|HS|  |TAMS 0x0000000083d00000, 0x0000000083d00000| Complete 
|  30|0x0000000083e00000, 0x0000000083f00000, 0x0000000083f00000|100%|HS|  |TAMS 0x0000000083e00000, 0x0000000083e00000| Complete 
|  31|0x0000000083f00000, 0x0000000084000000, 0x0000000084000000|100%|HS|  |TAMS 0x0000000083f00000, 0x0000000083f00000| Complete 
|  32|0x0000000084000000, 0x0000000084100000, 0x0000000084100000|100%|HS|  |TAMS 0x0000000084000000, 0x0000000084000000| Complete 
|  33|0x0000000084100000, 0x0000000084200000, 0x0000000084200000|100%|HS|  |TAMS 0x0000000084100000, 0x0000000084100000| Complete 
|  34|0x0000000084200000, 0x0000000084300000, 0x0000000084300000|100%|HS|  |TAMS 0x0000000084200000, 0x0000000084200000| Complete 
|  35|0x0000000084300000, 0x0000000084400000, 0x0000000084400000|100%|HS|  |TAMS 0x0000000084300000, 0x0000000084300000| Complete 
|  36|0x0000000084400000, 0x0000000084500000, 0x0000000084500000|100%|HS|  |TAMS 0x0000000084400000, 0x0000000084400000| Complete 
|  37|0x0000000084500000, 0x0000000084600000, 0x0000000084600000|100%|HS|  |TAMS 0x0000000084500000, 0x0000000084500000| Complete 
|  38|0x0000000084600000, 0x0000000084700000, 0x0000000084700000|100%|HS|  |TAMS 0x0000000084600000, 0x0000000084600000| Complete 
|  39|0x0000000084700000, 0x0000000084800000, 0x0000000084800000|100%|HS|  |TAMS 0x0000000084700000, 0x0000000084700000| Complete 
|  40|0x0000000084800000, 0x0000000084900000, 0x0000000084900000|100%|HS|  |TAMS 0x0000000084800000, 0x0000000084800000| Complete 
|  41|0x0000000084900000, 0x0000000084a00000, 0x0000000084a00000|100%|HS|  |TAMS 0x0000000084900000, 0x0000000084900000| Complete 
|  42|0x0000000084a00000, 0x0000000084b00000, 0x0000000084b00000|100%|HS|  |TAMS 0x0000000084a00000, 0x0000000084a00000| Complete 
|  43|0x0000000084b00000, 0x0000000084c00000, 0x0000000084c00000|100%|HS|  |TAMS 0x0000000084b00000, 0x0000000084b00000| Complete 
|  44|0x0000000084c00000, 0x0000000084d00000, 0x0000000084d00000|100%|HS|  |TAMS 0x0000000084c00000, 0x0000000084c00000| Complete 
|  45|0x0000000084d00000, 0x0000000084e00000, 0x0000000084e00000|100%| O|  |TAMS 0x0000000084e00000, 0x0000000084d00000| Untracked 
|  46|0x0000000084e00000, 0x0000000084f00000, 0x0000000084f00000|100%| O|  |TAMS 0x0000000084f00000, 0x0000000084e00000| Untracked 
|  47|0x0000000084f00000, 0x0000000084f0a000, 0x0000000085000000|  3%| O|  |TAMS 0x0000000084f0a000, 0x0000000084f00000| Complete 
|  48|0x0000000085000000, 0x0000000085100000, 0x0000000085100000|100%|HS|  |TAMS 0x0000000085000000, 0x0000000085000000| Complete 
|  49|0x0000000085100000, 0x0000000085200000, 0x0000000085200000|100%|HS|  |TAMS 0x0000000085100000, 0x0000000085100000| Complete 
|  50|0x0000000085200000, 0x0000000085300000, 0x0000000085300000|100%|HS|  |TAMS 0x0000000085200000, 0x0000000085200000| Complete 
|  51|0x0000000085300000, 0x0000000085400000, 0x0000000085400000|100%|HS|  |TAMS 0x0000000085300000, 0x0000000085300000| Complete 
|  52|0x0000000085400000, 0x0000000085500000, 0x0000000085500000|100%|HS|  |TAMS 0x0000000085400000, 0x0000000085400000| Complete 
|  53|0x0000000085500000, 0x0000000085600000, 0x0000000085600000|100%|HS|  |TAMS 0x0000000085500000, 0x0000000085500000| Complete 
|  54|0x0000000085600000, 0x0000000085700000, 0x0000000085700000|100%|HS|  |TAMS 0x0000000085600000, 0x0000000085600000| Complete 
|  55|0x0000000085700000, 0x0000000085800000, 0x0000000085800000|100%|HS|  |TAMS 0x0000000085700000, 0x0000000085700000| Complete 
|  56|0x0000000085800000, 0x0000000085900000, 0x0000000085900000|100%| O|  |TAMS 0x0000000085900000, 0x0000000085800000| Untracked 
|  57|0x0000000085900000, 0x0000000085966e00, 0x0000000085a00000| 40%| O|  |TAMS 0x0000000085966e00, 0x0000000085900000| Complete 
|  58|0x0000000085a00000, 0x0000000085b00000, 0x0000000085b00000|100%|HS|  |TAMS 0x0000000085a00000, 0x0000000085a00000| Complete 
|  59|0x0000000085b00000, 0x0000000085c00000, 0x0000000085c00000|100%|HS|  |TAMS 0x0000000085b00000, 0x0000000085b00000| Complete 
|  60|0x0000000085c00000, 0x0000000085d00000, 0x0000000085d00000|100%|HS|  |TAMS 0x0000000085c00000, 0x0000000085c00000| Complete 
|  61|0x0000000085d00000, 0x0000000085e00000, 0x0000000085e00000|100%|HS|  |TAMS 0x0000000085d00000, 0x0000000085d00000| Complete 
|  62|0x0000000085e00000, 0x0000000085f00000, 0x0000000085f00000|100%|HS|  |TAMS 0x0000000085e00000, 0x0000000085e00000| Complete 
|  63|0x0000000085f00000, 0x0000000086000000, 0x0000000086000000|100%|HS|  |TAMS 0x0000000085f00000, 0x0000000085f00000| Complete 
|  64|0x0000000086000000, 0x0000000086100000, 0x0000000086100000|100%|HS|  |TAMS 0x0000000086000000, 0x0000000086000000| Complete 
|  65|0x0000000086100000, 0x0000000086200000, 0x0000000086200000|100%|HS|  |TAMS 0x0000000086100000, 0x0000000086100000| Complete 
|  66|0x0000000086200000, 0x0000000086300000, 0x0000000086300000|100%|HS|  |TAMS 0x0000000086200000, 0x0000000086200000| Complete 
|  67|0x0000000086300000, 0x0000000086400000, 0x0000000086400000|100%|HS|  |TAMS 0x0000000086300000, 0x0000000086300000| Complete 
|  68|0x0000000086400000, 0x0000000086500000, 0x0000000086500000|100%|HS|  |TAMS 0x0000000086400000, 0x0000000086400000| Complete 
|  69|0x0000000086500000, 0x0000000086600000, 0x0000000086600000|100%|HS|  |TAMS 0x0000000086500000, 0x0000000086500000| Complete 
|  70|0x0000000086600000, 0x0000000086700000, 0x0000000086700000|100%|HS|  |TAMS 0x0000000086600000, 0x0000000086600000| Complete 
|  71|0x0000000086700000, 0x0000000086800000, 0x0000000086800000|100%|HS|  |TAMS 0x0000000086700000, 0x0000000086700000| Complete 
|  72|0x0000000086800000, 0x0000000086900000, 0x0000000086900000|100%|HS|  |TAMS 0x0000000086800000, 0x0000000086800000| Complete 
|  73|0x0000000086900000, 0x0000000086a00000, 0x0000000086a00000|100%|HS|  |TAMS 0x0000000086900000, 0x0000000086900000| Complete 
|  74|0x0000000086a00000, 0x0000000086b00000, 0x0000000086b00000|100%|HS|  |TAMS 0x0000000086a00000, 0x0000000086a00000| Complete 
|  75|0x0000000086b00000, 0x0000000086c00000, 0x0000000086c00000|100%|HS|  |TAMS 0x0000000086b00000, 0x0000000086b00000| Complete 
|  76|0x0000000086c00000, 0x0000000086d00000, 0x0000000086d00000|100%|HS|  |TAMS 0x0000000086c00000, 0x0000000086c00000| Complete 
|  77|0x0000000086d00000, 0x0000000086e00000, 0x0000000086e00000|100%|HS|  |TAMS 0x0000000086d00000, 0x0000000086d00000| Complete 
|  78|0x0000000086e00000, 0x0000000086f00000, 0x0000000086f00000|100%|HS|  |TAMS 0x0000000086e00000, 0x0000000086e00000| Complete 
|  79|0x0000000086f00000, 0x0000000087000000, 0x0000000087000000|100%|HS|  |TAMS 0x0000000086f00000, 0x0000000086f00000| Complete 
|  80|0x0000000087000000, 0x0000000087100000, 0x0000000087100000|100%|HS|  |TAMS 0x0000000087000000, 0x0000000087000000| Complete 
|  81|0x0000000087100000, 0x0000000087200000, 0x0000000087200000|100%|HS|  |TAMS 0x0000000087100000, 0x0000000087100000| Complete 
|  82|0x0000000087200000, 0x0000000087300000, 0x0000000087300000|100%|HS|  |TAMS 0x0000000087200000, 0x0000000087200000| Complete 
|  83|0x0000000087300000, 0x0000000087400000, 0x0000000087400000|100%|HS|  |TAMS 0x0000000087300000, 0x0000000087300000| Complete 
|  84|0x0000000087400000, 0x0000000087500000, 0x0000000087500000|100%|HS|  |TAMS 0x0000000087400000, 0x0000000087400000| Complete 
|  85|0x0000000087500000, 0x0000000087600000, 0x0000000087600000|100%|HS|  |TAMS 0x0000000087500000, 0x0000000087500000| Complete 
|  86|0x0000000087600000, 0x0000000087700000, 0x0000000087700000|100%|HS|  |TAMS 0x0000000087600000, 0x0000000087600000| Complete 
|  87|0x0000000087700000, 0x0000000087800000, 0x0000000087800000|100%|HS|  |TAMS 0x0000000087700000, 0x0000000087700000| Complete 
|  88|0x0000000087800000, 0x0000000087900000, 0x0000000087900000|100%|HS|  |TAMS 0x0000000087800000, 0x0000000087800000| Complete 
|  89|0x0000000087900000, 0x0000000087a00000, 0x0000000087a00000|100%|HS|  |TAMS 0x0000000087900000, 0x0000000087900000| Complete 
|  90|0x0000000087a00000, 0x0000000087b00000, 0x0000000087b00000|100%|HS|  |TAMS 0x0000000087a00000, 0x0000000087a00000| Complete 
|  91|0x0000000087b00000, 0x0000000087c00000, 0x0000000087c00000|100%|HS|  |TAMS 0x0000000087b00000, 0x0000000087b00000| Complete 
|  92|0x0000000087c00000, 0x0000000087d00000, 0x0000000087d00000|100%|HS|  |TAMS 0x0000000087c00000, 0x0000000087c00000| Complete 
|  93|0x0000000087d00000, 0x0000000087e00000, 0x0000000087e00000|100%|HS|  |TAMS 0x0000000087d00000, 0x0000000087d00000| Complete 
|  94|0x0000000087e00000, 0x0000000087f00000, 0x0000000087f00000|100%|HS|  |TAMS 0x0000000087e00000, 0x0000000087e00000| Complete 
|  95|0x0000000087f00000, 0x0000000088000000, 0x0000000088000000|100%|HS|  |TAMS 0x0000000087f00000, 0x0000000087f00000| Complete 
|  96|0x0000000088000000, 0x0000000088100000, 0x0000000088100000|100%|HS|  |TAMS 0x0000000088000000, 0x0000000088000000| Complete 
|  97|0x0000000088100000, 0x0000000088200000, 0x0000000088200000|100%|HS|  |TAMS 0x0000000088100000, 0x0000000088100000| Complete 
|  98|0x0000000088200000, 0x0000000088300000, 0x0000000088300000|100%|HS|  |TAMS 0x0000000088200000, 0x0000000088200000| Complete 
|  99|0x0000000088300000, 0x0000000088400000, 0x0000000088400000|100%|HS|  |TAMS 0x0000000088300000, 0x0000000088300000| Complete 
| 100|0x0000000088400000, 0x0000000088500000, 0x0000000088500000|100%|HS|  |TAMS 0x0000000088400000, 0x0000000088400000| Complete 
| 101|0x0000000088500000, 0x0000000088600000, 0x0000000088600000|100%|HS|  |TAMS 0x0000000088500000, 0x0000000088500000| Complete 
| 102|0x0000000088600000, 0x0000000088700000, 0x0000000088700000|100%|HS|  |TAMS 0x0000000088600000, 0x0000000088600000| Complete 
| 103|0x0000000088700000, 0x0000000088800000, 0x0000000088800000|100%|HS|  |TAMS 0x0000000088700000, 0x0000000088700000| Complete 
| 104|0x0000000088800000, 0x0000000088900000, 0x0000000088900000|100%|HS|  |TAMS 0x0000000088800000, 0x0000000088800000| Complete 
| 105|0x0000000088900000, 0x0000000088a00000, 0x0000000088a00000|100%|HS|  |TAMS 0x0000000088900000, 0x0000000088900000| Complete 
| 106|0x0000000088a00000, 0x0000000088b00000, 0x0000000088b00000|100%|HS|  |TAMS 0x0000000088a00000, 0x0000000088a00000| Complete 
| 107|0x0000000088b00000, 0x0000000088c00000, 0x0000000088c00000|100%|HS|  |TAMS 0x0000000088b00000, 0x0000000088b00000| Complete 
| 108|0x0000000088c00000, 0x0000000088d00000, 0x0000000088d00000|100%|HS|  |TAMS 0x0000000088c00000, 0x0000000088c00000| Complete 
| 109|0x0000000088d00000, 0x0000000088e00000, 0x0000000088e00000|100%|HS|  |TAMS 0x0000000088d00000, 0x0000000088d00000| Complete 
| 110|0x0000000088e00000, 0x0000000088f00000, 0x0000000088f00000|100%|HS|  |TAMS 0x0000000088e00000, 0x0000000088e00000| Complete 
| 111|0x0000000088f00000, 0x0000000089000000, 0x0000000089000000|100%|HS|  |TAMS 0x0000000088f00000, 0x0000000088f00000| Complete 
| 112|0x0000000089000000, 0x0000000089100000, 0x0000000089100000|100%|HS|  |TAMS 0x0000000089000000, 0x0000000089000000| Complete 
| 113|0x0000000089100000, 0x0000000089200000, 0x0000000089200000|100%|HS|  |TAMS 0x0000000089100000, 0x0000000089100000| Complete 
| 114|0x0000000089200000, 0x0000000089300000, 0x0000000089300000|100%|HS|  |TAMS 0x0000000089200000, 0x0000000089200000| Complete 
| 115|0x0000000089300000, 0x0000000089400000, 0x0000000089400000|100%|HS|  |TAMS 0x0000000089300000, 0x0000000089300000| Complete 
| 116|0x0000000089400000, 0x0000000089500000, 0x0000000089500000|100%|HS|  |TAMS 0x0000000089400000, 0x0000000089400000| Complete 
| 117|0x0000000089500000, 0x0000000089600000, 0x0000000089600000|100%|HS|  |TAMS 0x0000000089500000, 0x0000000089500000| Complete 
| 118|0x0000000089600000, 0x0000000089700000, 0x0000000089700000|100%|HS|  |TAMS 0x0000000089600000, 0x0000000089600000| Complete 
| 119|0x0000000089700000, 0x0000000089800000, 0x0000000089800000|100%|HS|  |TAMS 0x0000000089700000, 0x0000000089700000| Complete 
| 120|0x0000000089800000, 0x0000000089900000, 0x0000000089900000|100%|HS|  |TAMS 0x0000000089800000, 0x0000000089800000| Complete 
| 121|0x0000000089900000, 0x0000000089a00000, 0x0000000089a00000|100%|HS|  |TAMS 0x0000000089900000, 0x0000000089900000| Complete 
| 122|0x0000000089a00000, 0x0000000089b00000, 0x0000000089b00000|100%|HS|  |TAMS 0x0000000089a00000, 0x0000000089a00000| Complete 
| 123|0x0000000089b00000, 0x0000000089c00000, 0x0000000089c00000|100%|HS|  |TAMS 0x0000000089b00000, 0x0000000089b00000| Complete 
| 124|0x0000000089c00000, 0x0000000089d00000, 0x0000000089d00000|100%|HS|  |TAMS 0x0000000089c00000, 0x0000000089c00000| Complete 
| 125|0x0000000089d00000, 0x0000000089e00000, 0x0000000089e00000|100%|HS|  |TAMS 0x0000000089d00000, 0x0000000089d00000| Complete 
| 126|0x0000000089e00000, 0x0000000089f00000, 0x0000000089f00000|100%|HS|  |TAMS 0x0000000089e00000, 0x0000000089e00000| Complete 
| 127|0x0000000089f00000, 0x000000008a000000, 0x000000008a000000|100%|HS|  |TAMS 0x0000000089f00000, 0x0000000089f00000| Complete 
| 128|0x000000008a000000, 0x000000008a100000, 0x000000008a100000|100%|HS|  |TAMS 0x000000008a000000, 0x000000008a000000| Complete 
| 129|0x000000008a100000, 0x000000008a200000, 0x000000008a200000|100%|HS|  |TAMS 0x000000008a100000, 0x000000008a100000| Complete 
| 130|0x000000008a200000, 0x000000008a300000, 0x000000008a300000|100%|HS|  |TAMS 0x000000008a200000, 0x000000008a200000| Complete 
| 131|0x000000008a300000, 0x000000008a400000, 0x000000008a400000|100%|HS|  |TAMS 0x000000008a300000, 0x000000008a300000| Complete 
| 132|0x000000008a400000, 0x000000008a500000, 0x000000008a500000|100%|HS|  |TAMS 0x000000008a400000, 0x000000008a400000| Complete 
| 133|0x000000008a500000, 0x000000008a600000, 0x000000008a600000|100%|HS|  |TAMS 0x000000008a500000, 0x000000008a500000| Complete 
| 134|0x000000008a600000, 0x000000008a700000, 0x000000008a700000|100%|HS|  |TAMS 0x000000008a600000, 0x000000008a600000| Complete 
| 135|0x000000008a700000, 0x000000008a800000, 0x000000008a800000|100%|HS|  |TAMS 0x000000008a700000, 0x000000008a700000| Complete 
| 136|0x000000008a800000, 0x000000008a900000, 0x000000008a900000|100%|HS|  |TAMS 0x000000008a800000, 0x000000008a800000| Complete 
| 137|0x000000008a900000, 0x000000008aa00000, 0x000000008aa00000|100%|HS|  |TAMS 0x000000008a900000, 0x000000008a900000| Complete 
| 138|0x000000008aa00000, 0x000000008ab00000, 0x000000008ab00000|100%|HS|  |TAMS 0x000000008aa00000, 0x000000008aa00000| Complete 
| 139|0x000000008ab00000, 0x000000008ac00000, 0x000000008ac00000|100%|HS|  |TAMS 0x000000008ab00000, 0x000000008ab00000| Complete 
| 140|0x000000008ac00000, 0x000000008ad00000, 0x000000008ad00000|100%|HS|  |TAMS 0x000000008ac00000, 0x000000008ac00000| Complete 
| 141|0x000000008ad00000, 0x000000008ae00000, 0x000000008ae00000|100%|HS|  |TAMS 0x000000008ad00000, 0x000000008ad00000| Complete 
| 142|0x000000008ae00000, 0x000000008af00000, 0x000000008af00000|100%|HS|  |TAMS 0x000000008ae00000, 0x000000008ae00000| Complete 
| 143|0x000000008af00000, 0x000000008b000000, 0x000000008b000000|100%|HS|  |TAMS 0x000000008af00000, 0x000000008af00000| Complete 
| 144|0x000000008b000000, 0x000000008b100000, 0x000000008b100000|100%|HS|  |TAMS 0x000000008b000000, 0x000000008b000000| Complete 
| 145|0x000000008b100000, 0x000000008b200000, 0x000000008b200000|100%|HS|  |TAMS 0x000000008b100000, 0x000000008b100000| Complete 
| 146|0x000000008b200000, 0x000000008b200000, 0x000000008b300000|  0%| F|  |TAMS 0x000000008b200000, 0x000000008b200000| Untracked 
| 147|0x000000008b300000, 0x000000008b400000, 0x000000008b400000|100%|HS|  |TAMS 0x000000008b300000, 0x000000008b300000| Complete 
| 148|0x000000008b400000, 0x000000008b400000, 0x000000008b500000|  0%| F|  |TAMS 0x000000008b400000, 0x000000008b400000| Untracked 
| 149|0x000000008b500000, 0x000000008b600000, 0x000000008b600000|100%|HS|  |TAMS 0x000000008b500000, 0x000000008b500000| Complete 
| 150|0x000000008b600000, 0x000000008b600000, 0x000000008b700000|  0%| F|  |TAMS 0x000000008b600000, 0x000000008b600000| Untracked 
| 151|0x000000008b700000, 0x000000008b800000, 0x000000008b800000|100%|HS|  |TAMS 0x000000008b700000, 0x000000008b700000| Complete 
| 152|0x000000008b800000, 0x000000008b800000, 0x000000008b900000|  0%| F|  |TAMS 0x000000008b800000, 0x000000008b800000| Untracked 
| 153|0x000000008b900000, 0x000000008ba00000, 0x000000008ba00000|100%|HS|  |TAMS 0x000000008b900000, 0x000000008b900000| Complete 
| 154|0x000000008ba00000, 0x000000008ba00000, 0x000000008bb00000|  0%| F|  |TAMS 0x000000008ba00000, 0x000000008ba00000| Untracked 
| 155|0x000000008bb00000, 0x000000008bc00000, 0x000000008bc00000|100%|HS|  |TAMS 0x000000008bb00000, 0x000000008bb00000| Complete 
| 156|0x000000008bc00000, 0x000000008bc00000, 0x000000008bd00000|  0%| F|  |TAMS 0x000000008bc00000, 0x000000008bc00000| Untracked 
| 157|0x000000008bd00000, 0x000000008be00000, 0x000000008be00000|100%|HS|  |TAMS 0x000000008bd00000, 0x000000008bd00000| Complete 
| 158|0x000000008be00000, 0x000000008be00000, 0x000000008bf00000|  0%| F|  |TAMS 0x000000008be00000, 0x000000008be00000| Untracked 
| 159|0x000000008bf00000, 0x000000008c000000, 0x000000008c000000|100%|HS|  |TAMS 0x000000008bf00000, 0x000000008bf00000| Complete 
| 160|0x000000008c000000, 0x000000008c000000, 0x000000008c100000|  0%| F|  |TAMS 0x000000008c000000, 0x000000008c000000| Untracked 
| 161|0x000000008c100000, 0x000000008c200000, 0x000000008c200000|100%|HS|  |TAMS 0x000000008c100000, 0x000000008c100000| Complete 
| 162|0x000000008c200000, 0x000000008c200000, 0x000000008c300000|  0%| F|  |TAMS 0x000000008c200000, 0x000000008c200000| Untracked 
| 163|0x000000008c300000, 0x000000008c400000, 0x000000008c400000|100%|HS|  |TAMS 0x000000008c300000, 0x000000008c300000| Complete 
| 164|0x000000008c400000, 0x000000008c400000, 0x000000008c500000|  0%| F|  |TAMS 0x000000008c400000, 0x000000008c400000| Untracked 
| 165|0x000000008c500000, 0x000000008c600000, 0x000000008c600000|100%|HS|  |TAMS 0x000000008c500000, 0x000000008c500000| Complete 
| 166|0x000000008c600000, 0x000000008c600000, 0x000000008c700000|  0%| F|  |TAMS 0x000000008c600000, 0x000000008c600000| Untracked 
| 167|0x000000008c700000, 0x000000008c800000, 0x000000008c800000|100%|HS|  |TAMS 0x000000008c700000, 0x000000008c700000| Complete 
| 168|0x000000008c800000, 0x000000008c800000, 0x000000008c900000|  0%| F|  |TAMS 0x000000008c800000, 0x000000008c800000| Untracked 
| 169|0x000000008c900000, 0x000000008ca00000, 0x000000008ca00000|100%|HS|  |TAMS 0x000000008c900000, 0x000000008c900000| Complete 
| 170|0x000000008ca00000, 0x000000008ca00000, 0x000000008cb00000|  0%| F|  |TAMS 0x000000008ca00000, 0x000000008ca00000| Untracked 
| 171|0x000000008cb00000, 0x000000008cc00000, 0x000000008cc00000|100%|HS|  |TAMS 0x000000008cb00000, 0x000000008cb00000| Complete 
| 172|0x000000008cc00000, 0x000000008cc00000, 0x000000008cd00000|  0%| F|  |TAMS 0x000000008cc00000, 0x000000008cc00000| Untracked 
| 173|0x000000008cd00000, 0x000000008ce00000, 0x000000008ce00000|100%|HS|  |TAMS 0x000000008cd00000, 0x000000008cd00000| Complete 
| 174|0x000000008ce00000, 0x000000008ce00000, 0x000000008cf00000|  0%| F|  |TAMS 0x000000008ce00000, 0x000000008ce00000| Untracked 
| 175|0x000000008cf00000, 0x000000008d000000, 0x000000008d000000|100%|HS|  |TAMS 0x000000008cf00000, 0x000000008cf00000| Complete 
| 176|0x000000008d000000, 0x000000008d000000, 0x000000008d100000|  0%| F|  |TAMS 0x000000008d000000, 0x000000008d000000| Untracked 
| 177|0x000000008d100000, 0x000000008d200000, 0x000000008d200000|100%|HS|  |TAMS 0x000000008d100000, 0x000000008d100000| Complete 
| 178|0x000000008d200000, 0x000000008d200000, 0x000000008d300000|  0%| F|  |TAMS 0x000000008d200000, 0x000000008d200000| Untracked 
| 179|0x000000008d300000, 0x000000008d400000, 0x000000008d400000|100%|HS|  |TAMS 0x000000008d300000, 0x000000008d300000| Complete 
| 180|0x000000008d400000, 0x000000008d400000, 0x000000008d500000|  0%| F|  |TAMS 0x000000008d400000, 0x000000008d400000| Untracked 
| 181|0x000000008d500000, 0x000000008d600000, 0x000000008d600000|100%|HS|  |TAMS 0x000000008d500000, 0x000000008d500000| Complete 
| 182|0x000000008d600000, 0x000000008d600000, 0x000000008d700000|  0%| F|  |TAMS 0x000000008d600000, 0x000000008d600000| Untracked 
| 183|0x000000008d700000, 0x000000008d800000, 0x000000008d800000|100%|HS|  |TAMS 0x000000008d700000, 0x000000008d700000| Complete 
| 184|0x000000008d800000, 0x000000008d800000, 0x000000008d900000|  0%| F|  |TAMS 0x000000008d800000, 0x000000008d800000| Untracked 
| 185|0x000000008d900000, 0x000000008da00000, 0x000000008da00000|100%|HS|  |TAMS 0x000000008d900000, 0x000000008d900000| Complete 
| 186|0x000000008da00000, 0x000000008da00000, 0x000000008db00000|  0%| F|  |TAMS 0x000000008da00000, 0x000000008da00000| Untracked 
| 187|0x000000008db00000, 0x000000008dc00000, 0x000000008dc00000|100%|HS|  |TAMS 0x000000008db00000, 0x000000008db00000| Complete 
| 188|0x000000008dc00000, 0x000000008dc00000, 0x000000008dd00000|  0%| F|  |TAMS 0x000000008dc00000, 0x000000008dc00000| Untracked 
| 189|0x000000008dd00000, 0x000000008de00000, 0x000000008de00000|100%|HS|  |TAMS 0x000000008dd00000, 0x000000008dd00000| Complete 
| 190|0x000000008de00000, 0x000000008de00000, 0x000000008df00000|  0%| F|  |TAMS 0x000000008de00000, 0x000000008de00000| Untracked 
| 191|0x000000008df00000, 0x000000008e000000, 0x000000008e000000|100%|HS|  |TAMS 0x000000008df00000, 0x000000008df00000| Complete 
| 192|0x000000008e000000, 0x000000008e000000, 0x000000008e100000|  0%| F|  |TAMS 0x000000008e000000, 0x000000008e000000| Untracked 
| 193|0x000000008e100000, 0x000000008e200000, 0x000000008e200000|100%|HS|  |TAMS 0x000000008e100000, 0x000000008e100000| Complete 
| 194|0x000000008e200000, 0x000000008e200000, 0x000000008e300000|  0%| F|  |TAMS 0x000000008e200000, 0x000000008e200000| Untracked 
| 195|0x000000008e300000, 0x000000008e400000, 0x000000008e400000|100%|HS|  |TAMS 0x000000008e300000, 0x000000008e300000| Complete 
| 196|0x000000008e400000, 0x000000008e400000, 0x000000008e500000|  0%| F|  |TAMS 0x000000008e400000, 0x000000008e400000| Untracked 
| 197|0x000000008e500000, 0x000000008e600000, 0x000000008e600000|100%|HS|  |TAMS 0x000000008e500000, 0x000000008e500000| Complete 
| 198|0x000000008e600000, 0x000000008e600000, 0x000000008e700000|  0%| F|  |TAMS 0x000000008e600000, 0x000000008e600000| Untracked 
| 199|0x000000008e700000, 0x000000008e800000, 0x000000008e800000|100%|HS|  |TAMS 0x000000008e700000, 0x000000008e700000| Complete 
| 200|0x000000008e800000, 0x000000008e800000, 0x000000008e900000|  0%| F|  |TAMS 0x000000008e800000, 0x000000008e800000| Untracked 
| 201|0x000000008e900000, 0x000000008ea00000, 0x000000008ea00000|100%|HS|  |TAMS 0x000000008e900000, 0x000000008e900000| Complete 
| 202|0x000000008ea00000, 0x000000008ea00000, 0x000000008eb00000|  0%| F|  |TAMS 0x000000008ea00000, 0x000000008ea00000| Untracked 
| 203|0x000000008eb00000, 0x000000008ec00000, 0x000000008ec00000|100%|HS|  |TAMS 0x000000008eb00000, 0x000000008eb00000| Complete 
| 204|0x000000008ec00000, 0x000000008ec00000, 0x000000008ed00000|  0%| F|  |TAMS 0x000000008ec00000, 0x000000008ec00000| Untracked 
| 205|0x000000008ed00000, 0x000000008ee00000, 0x000000008ee00000|100%|HS|  |TAMS 0x000000008ed00000, 0x000000008ed00000| Complete 
| 206|0x000000008ee00000, 0x000000008ee00000, 0x000000008ef00000|  0%| F|  |TAMS 0x000000008ee00000, 0x000000008ee00000| Untracked 
| 207|0x000000008ef00000, 0x000000008f000000, 0x000000008f000000|100%|HS|  |TAMS 0x000000008ef00000, 0x000000008ef00000| Complete 
| 208|0x000000008f000000, 0x000000008f000000, 0x000000008f100000|  0%| F|  |TAMS 0x000000008f000000, 0x000000008f000000| Untracked 
| 209|0x000000008f100000, 0x000000008f200000, 0x000000008f200000|100%|HS|  |TAMS 0x000000008f100000, 0x000000008f100000| Complete 
| 210|0x000000008f200000, 0x000000008f200000, 0x000000008f300000|  0%| F|  |TAMS 0x000000008f200000, 0x000000008f200000| Untracked 
| 211|0x000000008f300000, 0x000000008f400000, 0x000000008f400000|100%|HS|  |TAMS 0x000000008f300000, 0x000000008f300000| Complete 
| 212|0x000000008f400000, 0x000000008f400000, 0x000000008f500000|  0%| F|  |TAMS 0x000000008f400000, 0x000000008f400000| Untracked 
| 213|0x000000008f500000, 0x000000008f600000, 0x000000008f600000|100%|HS|  |TAMS 0x000000008f500000, 0x000000008f500000| Complete 
| 214|0x000000008f600000, 0x000000008f600000, 0x000000008f700000|  0%| F|  |TAMS 0x000000008f600000, 0x000000008f600000| Untracked 
| 215|0x000000008f700000, 0x000000008f800000, 0x000000008f800000|100%|HS|  |TAMS 0x000000008f700000, 0x000000008f700000| Complete 
| 216|0x000000008f800000, 0x000000008f800000, 0x000000008f900000|  0%| F|  |TAMS 0x000000008f800000, 0x000000008f800000| Untracked 
| 217|0x000000008f900000, 0x000000008fa00000, 0x000000008fa00000|100%|HS|  |TAMS 0x000000008f900000, 0x000000008f900000| Complete 
| 218|0x000000008fa00000, 0x000000008fa00000, 0x000000008fb00000|  0%| F|  |TAMS 0x000000008fa00000, 0x000000008fa00000| Untracked 
| 219|0x000000008fb00000, 0x000000008fc00000, 0x000000008fc00000|100%|HS|  |TAMS 0x000000008fb00000, 0x000000008fb00000| Complete 
| 220|0x000000008fc00000, 0x000000008fc00000, 0x000000008fd00000|  0%| F|  |TAMS 0x000000008fc00000, 0x000000008fc00000| Untracked 
| 221|0x000000008fd00000, 0x000000008fe00000, 0x000000008fe00000|100%|HS|  |TAMS 0x000000008fd00000, 0x000000008fd00000| Complete 
| 222|0x000000008fe00000, 0x000000008fe00000, 0x000000008ff00000|  0%| F|  |TAMS 0x000000008fe00000, 0x000000008fe00000| Untracked 
| 223|0x000000008ff00000, 0x0000000090000000, 0x0000000090000000|100%|HS|  |TAMS 0x000000008ff00000, 0x000000008ff00000| Complete 
| 224|0x0000000090000000, 0x0000000090000000, 0x0000000090100000|  0%| F|  |TAMS 0x0000000090000000, 0x0000000090000000| Untracked 
| 225|0x0000000090100000, 0x0000000090200000, 0x0000000090200000|100%|HS|  |TAMS 0x0000000090100000, 0x0000000090100000| Complete 
| 226|0x0000000090200000, 0x0000000090200000, 0x0000000090300000|  0%| F|  |TAMS 0x0000000090200000, 0x0000000090200000| Untracked 
| 227|0x0000000090300000, 0x0000000090400000, 0x0000000090400000|100%|HS|  |TAMS 0x0000000090300000, 0x0000000090300000| Complete 
| 228|0x0000000090400000, 0x0000000090400000, 0x0000000090500000|  0%| F|  |TAMS 0x0000000090400000, 0x0000000090400000| Untracked 
| 229|0x0000000090500000, 0x0000000090600000, 0x0000000090600000|100%|HS|  |TAMS 0x0000000090500000, 0x0000000090500000| Complete 
| 230|0x0000000090600000, 0x0000000090600000, 0x0000000090700000|  0%| F|  |TAMS 0x0000000090600000, 0x0000000090600000| Untracked 
| 231|0x0000000090700000, 0x0000000090800000, 0x0000000090800000|100%|HS|  |TAMS 0x0000000090700000, 0x0000000090700000| Complete 
| 232|0x0000000090800000, 0x0000000090803870, 0x0000000090900000|  1%| S|CS|TAMS 0x0000000090800000, 0x0000000090800000| Complete 
| 233|0x0000000090900000, 0x0000000090900a00, 0x0000000090a00000|  0%| O|  |TAMS 0x0000000090900000, 0x0000000090900000| Untracked 
| 260|0x0000000092400000, 0x0000000092401c00, 0x0000000092500000|  0%| O|  |TAMS 0x0000000092401c00, 0x0000000092400000| Complete 
| 268|0x0000000092c00000, 0x0000000092c01400, 0x0000000092d00000|  0%| O|  |TAMS 0x0000000092c01400, 0x0000000092c00000| Complete 
| 337|0x0000000097100000, 0x0000000097102200, 0x0000000097200000|  0%| O|  |TAMS 0x0000000097102200, 0x0000000097100000| Complete 
| 338|0x0000000097200000, 0x0000000097202c00, 0x0000000097300000|  1%| O|  |TAMS 0x0000000097202c00, 0x0000000097200000| Complete 
| 341|0x0000000097500000, 0x0000000097502c00, 0x0000000097600000|  1%| O|  |TAMS 0x0000000097502c00, 0x0000000097500000| Complete 
| 573|0x00000000a5d00000, 0x00000000a5d01200, 0x00000000a5e00000|  0%| O|  |TAMS 0x00000000a5d01200, 0x00000000a5d00000| Complete 
| 615|0x00000000a8700000, 0x00000000a8702400, 0x00000000a8800000|  0%| O|  |TAMS 0x00000000a8702400, 0x00000000a8700000| Complete 
| 627|0x00000000a9300000, 0x00000000a9400000, 0x00000000a9400000|100%|HS|  |TAMS 0x00000000a9400000, 0x00000000a9300000| Complete 
| 630|0x00000000a9600000, 0x00000000a9600000, 0x00000000a9700000|  0%| F|  |TAMS 0x00000000a9600000, 0x00000000a9600000| Untracked 
| 631|0x00000000a9700000, 0x00000000a97d8a10, 0x00000000a9800000| 84%| E|  |TAMS 0x00000000a9700000, 0x00000000a9700000| Complete 
| 632|0x00000000a9800000, 0x00000000a9801a00, 0x00000000a9900000|  0%| O|  |TAMS 0x00000000a9801a00, 0x00000000a9800000| Complete 
| 633|0x00000000a9900000, 0x00000000a9901200, 0x00000000a9a00000|  0%| O|  |TAMS 0x00000000a9901200, 0x00000000a9900000| Complete 

Card table byte_map: [0x0000027bf5e30000,0x0000027bf6220000] _byte_map_base: 0x0000027bf5a20000

Marking Bits (Prev, Next): (CMBitMap*) 0x0000027bdc8699f8, (CMBitMap*) 0x0000027bdc8699b8
 Prev Bits: [0x0000027bf8590000, 0x0000027bfa510000)
 Next Bits: [0x0000027bf6610000, 0x0000027bf8590000)

Polling page: 0x0000027bdc620000

Metaspace:

Usage:
  Non-class:     11.11 MB capacity,    10.93 MB ( 98%) used,   150.34 KB (  1%) free+waste,    31.63 KB ( <1%) overhead. 
      Class:      1.64 MB capacity,     1.49 MB ( 90%) used,   145.36 KB (  9%) free+waste,    17.13 KB (  1%) overhead. 
       Both:     12.75 MB capacity,    12.41 MB ( 97%) used,   295.70 KB (  2%) free+waste,    48.75 KB ( <1%) overhead. 

Virtual space:
  Non-class space:       12.00 MB reserved,      11.25 MB ( 94%) committed 
      Class space:        1.00 GB reserved,       1.75 MB ( <1%) committed 
             Both:        1.01 GB reserved,      13.00 MB (  1%) committed 

Chunk freelists:
   Non-Class:  2.50 KB
       Class:  1.50 KB
        Both:  4.00 KB

CodeHeap 'non-profiled nmethods': size=120064Kb used=735Kb max_used=735Kb free=119328Kb
 bounds [0x0000027bedee0000, 0x0000027bee150000, 0x0000027bf5420000]
CodeHeap 'profiled nmethods': size=120000Kb used=3718Kb max_used=3718Kb free=116282Kb
 bounds [0x0000027be69b0000, 0x0000027be6d60000, 0x0000027bedee0000]
CodeHeap 'non-nmethods': size=5696Kb used=1401Kb max_used=1443Kb free=4294Kb
 bounds [0x0000027be6420000, 0x0000027be6690000, 0x0000027be69b0000]
 total_blobs=3102 nmethods=1778 adapters=773
 compilation: enabled
              stopped_count=0, restarted_count=0
 full_count=0

Compilation events (10 events):
Event: 206.330 Thread 0x0000027bfcb5e800 1865       3       sun.awt.GlobalCursorManager::updateCursorLater (23 bytes)
Event: 206.330 Thread 0x0000027bfcb5e800 nmethod 1865 0x0000027be6d50890 code [0x0000027be6d50b80, 0x0000027be6d51a70]
Event: 206.330 Thread 0x0000027bfcb5e800 1866   !   3       sun.awt.GlobalCursorManager$NativeUpdater::postIfNotPending (48 bytes)
Event: 206.331 Thread 0x0000027bfcb5e800 nmethod 1866 0x0000027be6d52010 code [0x0000027be6d52220, 0x0000027be6d52b70]
Event: 206.351 Thread 0x0000027bfcb5e800 1867       3       sun.awt.WeakIdentityHashMap::get (19 bytes)
Event: 206.352 Thread 0x0000027bfcb5e800 nmethod 1867 0x0000027be6d52e10 code [0x0000027be6d53060, 0x0000027be6d53b20]
Event: 206.352 Thread 0x0000027bfcb5e800 1868       3       sun.awt.WeakIdentityHashMap::getMap (31 bytes)
Event: 206.352 Thread 0x0000027bfcb5e800 nmethod 1868 0x0000027be6d53e90 code [0x0000027be6d54080, 0x0000027be6d546e0]
Event: 207.563 Thread 0x0000027bfcb51000 1869       4       java.util.concurrent.ConcurrentHashMap::tabAt (22 bytes)
Event: 207.564 Thread 0x0000027bfcb51000 nmethod 1869 0x0000027bedf97b90 code [0x0000027bedf97d20, 0x0000027bedf97d78]

GC Heap History (10 events):
Event: 181.824 GC heap before
{Heap before GC invocations=104 (full 0):
 garbage-first heap   total 648192K, used 236102K [0x0000000082000000, 0x0000000100000000)
  region size 1024K, 2 young (2048K), 1 survivors (1024K)
 Metaspace       used 12682K, capacity 12989K, committed 13312K, reserved 1060864K
  class space    used 1520K, capacity 1683K, committed 1792K, reserved 1048576K
}
Event: 181.825 GC heap after
{Heap after GC invocations=105 (full 0):
 garbage-first heap   total 648192K, used 7732K [0x0000000082000000, 0x0000000100000000)
  region size 1024K, 1 young (1024K), 1 survivors (1024K)
 Metaspace       used 12682K, capacity 12989K, committed 13312K, reserved 1060864K
  class space    used 1520K, capacity 1683K, committed 1792K, reserved 1048576K
}
Event: 189.988 GC heap before
{Heap before GC invocations=106 (full 0):
 garbage-first heap   total 359424K, used 346676K [0x0000000082000000, 0x0000000100000000)
  region size 1024K, 2 young (2048K), 1 survivors (1024K)
 Metaspace       used 12682K, capacity 12989K, committed 13312K, reserved 1060864K
  class space    used 1520K, capacity 1683K, committed 1792K, reserved 1048576K
}
Event: 189.989 GC heap after
{Heap after GC invocations=107 (full 0):
 garbage-first heap   total 360448K, used 176704K [0x0000000082000000, 0x0000000100000000)
  region size 1024K, 1 young (1024K), 1 survivors (1024K)
 Metaspace       used 12682K, capacity 12989K, committed 13312K, reserved 1060864K
  class space    used 1520K, capacity 1683K, committed 1792K, reserved 1048576K
}
Event: 200.383 GC heap before
{Heap before GC invocations=107 (full 0):
 garbage-first heap   total 647168K, used 634432K [0x0000000082000000, 0x0000000100000000)
  region size 1024K, 2 young (2048K), 1 survivors (1024K)
 Metaspace       used 12682K, capacity 12989K, committed 13312K, reserved 1060864K
  class space    used 1520K, capacity 1683K, committed 1792K, reserved 1048576K
}
Event: 200.385 GC heap after
{Heap after GC invocations=108 (full 0):
 garbage-first heap   total 649216K, used 236106K [0x0000000082000000, 0x0000000100000000)
  region size 1024K, 1 young (1024K), 1 survivors (1024K)
 Metaspace       used 12682K, capacity 12989K, committed 13312K, reserved 1060864K
  class space    used 1520K, capacity 1683K, committed 1792K, reserved 1048576K
}
Event: 200.429 GC heap before
{Heap before GC invocations=108 (full 0):
 garbage-first heap   total 649216K, used 236106K [0x0000000082000000, 0x0000000100000000)
  region size 1024K, 2 young (2048K), 1 survivors (1024K)
 Metaspace       used 12682K, capacity 12989K, committed 13312K, reserved 1060864K
  class space    used 1520K, capacity 1683K, committed 1792K, reserved 1048576K
}
Event: 200.431 GC heap after
{Heap after GC invocations=109 (full 0):
 garbage-first heap   total 649216K, used 7734K [0x0000000082000000, 0x0000000100000000)
  region size 1024K, 1 young (1024K), 1 survivors (1024K)
 Metaspace       used 12682K, capacity 12989K, committed 13312K, reserved 1060864K
  class space    used 1520K, capacity 1683K, committed 1792K, reserved 1048576K
}
Event: 205.812 GC heap before
{Heap before GC invocations=110 (full 0):
 garbage-first heap   total 249856K, used 236086K [0x0000000082000000, 0x0000000100000000)
  region size 1024K, 2 young (2048K), 1 survivors (1024K)
 Metaspace       used 12682K, capacity 12989K, committed 13312K, reserved 1060864K
  class space    used 1520K, capacity 1683K, committed 1792K, reserved 1048576K
}
Event: 205.814 GC heap after
{Heap after GC invocations=111 (full 0):
 garbage-first heap   total 251904K, used 121407K [0x0000000082000000, 0x0000000100000000)
  region size 1024K, 1 young (1024K), 1 survivors (1024K)
 Metaspace       used 12682K, capacity 12989K, committed 13312K, reserved 1060864K
  class space    used 1520K, capacity 1683K, committed 1792K, reserved 1048576K
}

Deoptimization events (10 events):
Event: 0.907 Thread 0x0000027bfdbd1000 Uncommon trap: reason=bimorphic_or_optimized_type_check action=maybe_recompile pc=0x0000027bedf21464 method=java.util.HashMap.getNode(ILjava/lang/Object;)Ljava/util/HashMap$Node; @ 126 c2
Event: 0.907 Thread 0x0000027bfdbd1000 Uncommon trap: reason=bimorphic_or_optimized_type_check action=maybe_recompile pc=0x0000027bedf21464 method=java.util.HashMap.getNode(ILjava/lang/Object;)Ljava/util/HashMap$Node; @ 126 c2
Event: 0.914 Thread 0x0000027bfdbd1000 Uncommon trap: reason=bimorphic_or_optimized_type_check action=maybe_recompile pc=0x0000027bedf21464 method=java.util.HashMap.getNode(ILjava/lang/Object;)Ljava/util/HashMap$Node; @ 126 c2
Event: 0.915 Thread 0x0000027bfdbd1000 Uncommon trap: reason=bimorphic_or_optimized_type_check action=maybe_recompile pc=0x0000027bedf207b4 method=java.util.HashMap.getNode(ILjava/lang/Object;)Ljava/util/HashMap$Node; @ 126 c2
Event: 1.486 Thread 0x0000027bfd84c800 Uncommon trap: reason=unstable_if action=reinterpret pc=0x0000027bedf1e130 method=java.util.HashMap.putVal(ILjava/lang/Object;Ljava/lang/Object;ZZ)Ljava/lang/Object; @ 81 c2
Event: 68.946 Thread 0x0000027bfdbd1000 Uncommon trap: reason=class_check action=maybe_recompile pc=0x0000027bedf58d84 method=sun.java2d.SunGraphics2D.validateCompClip()V @ 32 c2
Event: 68.946 Thread 0x0000027bfdbd1000 Uncommon trap: reason=class_check action=maybe_recompile pc=0x0000027bedf58d84 method=sun.java2d.SunGraphics2D.validateCompClip()V @ 32 c2
Event: 68.946 Thread 0x0000027bfdbd1000 Uncommon trap: reason=class_check action=maybe_recompile pc=0x0000027bedf58d84 method=sun.java2d.SunGraphics2D.validateCompClip()V @ 32 c2
Event: 68.946 Thread 0x0000027bfdbd1000 Uncommon trap: reason=class_check action=maybe_recompile pc=0x0000027bedf58d84 method=sun.java2d.SunGraphics2D.validateCompClip()V @ 32 c2
Event: 68.947 Thread 0x0000027bfdbd1000 Uncommon trap: reason=unstable_if action=reinterpret pc=0x0000027bedf56f04 method=java.util.IdentityHashMap.isEmpty()Z @ 4 c2

Classes redefined (0 events):
No events

Internal exceptions (10 events):
Event: 0.289 Thread 0x0000027bfd84c800 Exception <a 'java/lang/NoSuchMethodError'{0x0000000089a4d068}: java.lang.invoke.DirectMethodHandle$Holder.invokeSpecial(Ljava/lang/Object;Ljava/lang/Object;)V> (0x0000000089a4d068) thrown at [t:/workspace/open/src/hotspot/share/interpreter/linkResolver.c
Event: 0.293 Thread 0x0000027bdc828800 Exception <a 'java/lang/NoSuchMethodError'{0x0000000089a20bb0}: java.lang.invoke.DirectMethodHandle$Holder.invokeStatic(Ljava/lang/Object;Ljava/lang/Object;Ljava/lang/Object;Ljava/lang/Object;Ljava/lang/Object;Ljava/lang/Object;Ljava/lang/Object;J)Ljava/l
Event: 0.346 Thread 0x0000027bdc828800 Exception <a 'java/lang/NoSuchMethodError'{0x0000000089ae8318}: java.lang.invoke.DirectMethodHandle$Holder.invokeStaticInit(Ljava/lang/Object;)V> (0x0000000089ae8318) thrown at [t:/workspace/open/src/hotspot/share/interpreter/linkResolver.cpp, line 777]
Event: 0.354 Thread 0x0000027bdc828800 Exception <a 'java/lang/NoSuchMethodError'{0x000000008990f2c0}: java.lang.invoke.DirectMethodHandle$Holder.invokeStatic(Ljava/lang/Object;ILjava/lang/Object;Ljava/lang/Object;Ljava/lang/Object;Ljava/lang/Object;)Ljava/lang/Object;> (0x000000008990f2c0) th
Event: 0.355 Thread 0x0000027bdc828800 Exception <a 'java/lang/NoSuchMethodError'{0x0000000089915c48}: java.lang.invoke.DirectMethodHandle$Holder.invokeStatic(Ljava/lang/Object;ILjava/lang/Object;Ljava/lang/Object;Ljava/lang/Object;)Ljava/lang/Object;> (0x0000000089915c48) thrown at [t:/worksp
Event: 0.355 Thread 0x0000027bdc828800 Exception <a 'java/lang/NoSuchMethodError'{0x0000000089919200}: java.lang.invoke.DirectMethodHandle$Holder.invokeSpecial(Ljava/lang/Object;Ljava/lang/Object;ILjava/lang/Object;Ljava/lang/Object;Ljava/lang/Object;)Ljava/lang/Object;> (0x0000000089919200) t
Event: 0.359 Thread 0x0000027bdc828800 Exception <a 'java/lang/NoSuchMethodError'{0x000000008992f2d8}: java.lang.invoke.DirectMethodHandle$Holder.invokeStatic(Ljava/lang/Object;ILjava/lang/Object;)Ljava/lang/Object;> (0x000000008992f2d8) thrown at [t:/workspace/open/src/hotspot/share/interpret
Event: 0.399 Thread 0x0000027bdc828800 Exception <a 'java/lang/ClassNotFoundException'{0x00000000899f0db8}: com/sun/java/swing/plaf/windows/resources/spi/windowsProvider> (0x00000000899f0db8) thrown at [t:/workspace/open/src/hotspot/share/classfile/systemDictionary.cpp, line 235]
Event: 0.402 Thread 0x0000027bdc828800 Exception <a 'java/lang/ClassNotFoundException'{0x00000000899f5b10}: com/sun/swing/internal/plaf/basic/resources/spi/basicProvider> (0x00000000899f5b10) thrown at [t:/workspace/open/src/hotspot/share/classfile/systemDictionary.cpp, line 235]
Event: 1.504 Thread 0x0000027bfdbd1000 Exception <a 'java/lang/NoSuchMethodError'{0x00000000894c3998}: java.lang.invoke.Invokers$Holder.linkToTargetMethod(Ljava/lang/Object;ILjava/lang/Object;)Ljava/lang/Object;> (0x00000000894c3998) thrown at [t:/workspace/open/src/hotspot/share/interpreter/l

Events (10 events):
Event: 207.564 Thread 0x0000027b80341800 Thread exited: 0x0000027b80341800
Event: 207.565 Thread 0x0000027b80342800 Thread exited: 0x0000027b80342800
Event: 207.567 Executing VM operation: RevokeBias
Event: 207.567 Executing VM operation: RevokeBias done
Event: 207.567 Thread 0x0000027bfdf00800 Thread exited: 0x0000027bfdf00800
Event: 207.578 Executing VM operation: RevokeBias
Event: 207.578 Executing VM operation: RevokeBias done
Event: 207.578 Thread 0x0000027bfd84c800 Thread exited: 0x0000027bfd84c800
Event: 207.667 Thread 0x0000027b8033f000 Thread exited: 0x0000027b8033f000
Event: 207.667 Executing VM operation: Exit


Dynamic libraries:
0x00007ff6725c0000 - 0x00007ff6725cf000 	C:\Program Files\Java\jdk-12.0.2\bin\java.exe
0x00007ff8c4060000 - 0x00007ff8c4250000 	C:\WINDOWS\SYSTEM32\ntdll.dll
0x00007ff8c3db0000 - 0x00007ff8c3e62000 	C:\WINDOWS\System32\KERNEL32.DLL
0x00007ff8c1220000 - 0x00007ff8c14c5000 	C:\WINDOWS\System32\KERNELBASE.dll
0x00007ff8c1f40000 - 0x00007ff8c203a000 	C:\WINDOWS\System32\ucrtbase.dll
0x00007ff8beed0000 - 0x00007ff8beee8000 	C:\Program Files\Java\jdk-12.0.2\bin\jli.dll
0x00007ff8beeb0000 - 0x00007ff8beec6000 	C:\Program Files\Java\jdk-12.0.2\bin\VCRUNTIME140.dll
0x00007ff8c3680000 - 0x00007ff8c3723000 	C:\WINDOWS\System32\ADVAPI32.dll
0x00007ff8c27a0000 - 0x00007ff8c283e000 	C:\WINDOWS\System32\msvcrt.dll
0x00007ff8c26d0000 - 0x00007ff8c2767000 	C:\WINDOWS\System32\sechost.dll
0x00007ff8c2840000 - 0x00007ff8c2960000 	C:\WINDOWS\System32\RPCRT4.dll
0x00007ff8c2460000 - 0x00007ff8c25f4000 	C:\WINDOWS\System32\USER32.dll
0x00007ff8c0ff0000 - 0x00007ff8c1011000 	C:\WINDOWS\System32\win32u.dll
0x00007ff8c23c0000 - 0x00007ff8c23e6000 	C:\WINDOWS\System32\GDI32.dll
0x00007ff8c14d0000 - 0x00007ff8c1666000 	C:\WINDOWS\System32\gdi32full.dll
0x00007ff8c10d0000 - 0x00007ff8c116e000 	C:\WINDOWS\System32\msvcp_win.dll
0x00007ff8b3f50000 - 0x00007ff8b41d4000 	C:\WINDOWS\WinSxS\amd64_microsoft.windows.common-controls_6595b64144ccf1df_6.0.18362.1139_none_9e7bf2d3e4605ac6\COMCTL32.dll
0x00007ff8c3210000 - 0x00007ff8c3545000 	C:\WINDOWS\System32\combase.dll
0x00007ff8c1020000 - 0x00007ff8c10a0000 	C:\WINDOWS\System32\bcryptPrimitives.dll
0x00007ff8ba1b0000 - 0x00007ff8ba1ba000 	C:\WINDOWS\SYSTEM32\VERSION.dll
0x00007ff8c2770000 - 0x00007ff8c279e000 	C:\WINDOWS\System32\IMM32.DLL
0x00007ff8b5bf0000 - 0x00007ff8b5c9a000 	C:\Program Files\Java\jdk-12.0.2\bin\msvcp140.dll
0x00007ff884390000 - 0x00007ff884f07000 	C:\Program Files\Java\jdk-12.0.2\bin\server\jvm.dll
0x00007ff8c3fb0000 - 0x00007ff8c3fb8000 	C:\WINDOWS\System32\PSAPI.DLL
0x00007ff8a3a60000 - 0x00007ff8a3a69000 	C:\WINDOWS\SYSTEM32\WSOCK32.dll
0x00007ff8bee80000 - 0x00007ff8beea4000 	C:\WINDOWS\SYSTEM32\WINMM.dll
0x00007ff8c31a0000 - 0x00007ff8c320f000 	C:\WINDOWS\System32\WS2_32.dll
0x00007ff8bee50000 - 0x00007ff8bee7d000 	C:\WINDOWS\SYSTEM32\winmmbase.dll
0x00007ff8c2040000 - 0x00007ff8c208a000 	C:\WINDOWS\System32\cfgmgr32.dll
0x00007ff8c0fd0000 - 0x00007ff8c0fe1000 	C:\WINDOWS\System32\kernel.appcore.dll
0x00007ff8be890000 - 0x00007ff8be8a1000 	C:\Program Files\Java\jdk-12.0.2\bin\verify.dll
0x00007ff8a3850000 - 0x00007ff8a3a44000 	C:\WINDOWS\SYSTEM32\DBGHELP.DLL
0x00007ff8a4280000 - 0x00007ff8a42aa000 	C:\WINDOWS\SYSTEM32\dbgcore.DLL
0x00007ff8b9f30000 - 0x00007ff8b9f56000 	C:\Program Files\Java\jdk-12.0.2\bin\java.dll
0x00007ff8bc6e0000 - 0x00007ff8bc6ee000 	C:\Program Files\Java\jdk-12.0.2\bin\instrument.dll
0x00007ff8bc790000 - 0x00007ff8bc7a7000 	C:\Program Files\Java\jdk-12.0.2\bin\zip.dll
0x00007ff8be9b0000 - 0x00007ff8be9ba000 	C:\Program Files\Java\jdk-12.0.2\bin\jimage.dll
0x00007ff8c2a20000 - 0x00007ff8c3107000 	C:\WINDOWS\System32\SHELL32.dll
0x00007ff8c2970000 - 0x00007ff8c2a19000 	C:\WINDOWS\System32\shcore.dll
0x00007ff8c17c0000 - 0x00007ff8c1f40000 	C:\WINDOWS\System32\windows.storage.dll
0x00007ff8c0fa0000 - 0x00007ff8c0fc3000 	C:\WINDOWS\System32\profapi.dll
0x00007ff8c0f30000 - 0x00007ff8c0f7a000 	C:\WINDOWS\System32\powrprof.dll
0x00007ff8c0f20000 - 0x00007ff8c0f30000 	C:\WINDOWS\System32\UMPDC.dll
0x00007ff8c3550000 - 0x00007ff8c35a2000 	C:\WINDOWS\System32\shlwapi.dll
0x00007ff8c2090000 - 0x00007ff8c20a7000 	C:\WINDOWS\System32\cryptsp.dll
0x00007ff8bbb90000 - 0x00007ff8bbba9000 	C:\Program Files\Java\jdk-12.0.2\bin\net.dll
0x00007ff8bb710000 - 0x00007ff8bb800000 	C:\WINDOWS\SYSTEM32\WINHTTP.dll
0x00007ff8b5ca0000 - 0x00007ff8b5e76000 	C:\WINDOWS\SYSTEM32\urlmon.dll
0x00007ff8acb00000 - 0x00007ff8acda7000 	C:\WINDOWS\SYSTEM32\iertutil.dll
0x00007ff8c0940000 - 0x00007ff8c094c000 	C:\WINDOWS\SYSTEM32\CRYPTBASE.DLL
0x00007ff8c0770000 - 0x00007ff8c07d7000 	C:\WINDOWS\system32\mswsock.dll
0x00007ff8b9f10000 - 0x00007ff8b9f23000 	C:\Program Files\Java\jdk-12.0.2\bin\nio.dll
0x00007ff8b89a0000 - 0x00007ff8b89ba000 	C:\Program Files\JetBrains\IntelliJ IDEA 2019.2\bin\breakgen64.dll
0x00007ff889070000 - 0x00007ff88920f000 	C:\Program Files\Java\jdk-12.0.2\bin\awt.dll
0x00007ff8c2600000 - 0x00007ff8c26c5000 	C:\WINDOWS\System32\OLEAUT32.dll
0x00007ff8bd7b0000 - 0x00007ff8bdd70000 	C:\WINDOWS\SYSTEM32\d2d1.dll
0x00007ff8bf0a0000 - 0x00007ff8bf12f000 	C:\WINDOWS\SYSTEM32\apphelp.dll
0x00007ff8bf270000 - 0x00007ff8bf309000 	C:\WINDOWS\system32\uxtheme.dll
0x00007ff8c3e70000 - 0x00007ff8c3fa5000 	C:\WINDOWS\System32\MSCTF.dll
0x00007ff8c21e0000 - 0x00007ff8c2337000 	C:\WINDOWS\System32\ole32.dll
0x00007ff8bf6a0000 - 0x00007ff8bf6cd000 	C:\WINDOWS\system32\DWMAPI.DLL
0x00007ff892c30000 - 0x00007ff892d86000 	C:\WINDOWS\system32\opengl32.dll
0x00007ff892c00000 - 0x00007ff892c2c000 	C:\WINDOWS\SYSTEM32\GLU32.dll
0x00007ff8bfcb0000 - 0x00007ff8bfcd0000 	C:\WINDOWS\SYSTEM32\dxcore.dll
0x00007ff8b5b70000 - 0x00007ff8b5bf0000 	C:\Program Files\Java\jdk-12.0.2\bin\freetype.dll
0x00007ff8a0890000 - 0x00007ff8a093b000 	C:\Program Files\Java\jdk-12.0.2\bin\fontmanager.dll
0x00007ff8b7530000 - 0x00007ff8b75d9000 	C:\WINDOWS\WinSxS\amd64_microsoft.windows.common-controls_6595b64144ccf1df_5.82.18362.1139_none_73b3ffb6d815397f\comctl32.dll
0x00007ff8c35d0000 - 0x00007ff8c3672000 	C:\WINDOWS\System32\clbcatq.dll
0x00007ff8beb90000 - 0x00007ff8bec80000 	C:\WINDOWS\system32\propsys.dll
0x00007ff8be8b0000 - 0x00007ff8be8c6000 	C:\WINDOWS\system32\NetworkExplorer.dll
0x00007ff8b69c0000 - 0x00007ff8b6b6f000 	C:\WINDOWS\SYSTEM32\WindowsCodecs.dll
0x00007ff895590000 - 0x00007ff8955ee000 	C:\Windows\System32\thumbcache.dll
0x00007ff8a8780000 - 0x00007ff8a879b000 	C:\WINDOWS\SYSTEM32\MPR.dll
0x00007ff898880000 - 0x00007ff89888b000 	C:\WINDOWS\System32\drprov.dll
0x00007ff8c0240000 - 0x00007ff8c0296000 	C:\WINDOWS\System32\WINSTA.dll
0x00007ff88c2f0000 - 0x00007ff88c305000 	C:\WINDOWS\System32\ntlanman.dll
0x00007ff88bbc0000 - 0x00007ff88bbdd000 	C:\WINDOWS\System32\davclnt.dll
0x00007ff88faf0000 - 0x00007ff88fafc000 	C:\WINDOWS\System32\DAVHLPR.dll
0x00007ff8bb1c0000 - 0x00007ff8bb1d7000 	C:\WINDOWS\System32\wkscli.dll
0x00007ff8c10a0000 - 0x00007ff8c10c6000 	C:\WINDOWS\System32\bcrypt.dll
0x00007ff8ac170000 - 0x00007ff8ac182000 	C:\WINDOWS\SYSTEM32\cscapi.dll
0x00007ff8c0590000 - 0x00007ff8c059c000 	C:\WINDOWS\System32\netutils.dll
0x00007ff8b4230000 - 0x00007ff8b4283000 	C:\Windows\System32\dlnashext.dll
0x00007ff8b5b00000 - 0x00007ff8b5b64000 	C:\Windows\System32\PlayToDevice.dll
0x00007ff8a1a60000 - 0x00007ff8a1a80000 	C:\Windows\System32\DevDispItemProvider.dll
0x00007ff8ba950000 - 0x00007ff8ba9c2000 	C:\WINDOWS\System32\MMDevApi.dll
0x00007ff8c0a70000 - 0x00007ff8c0a9a000 	C:\WINDOWS\System32\DEVOBJ.dll
0x00007ff8b75e0000 - 0x00007ff8b7783000 	C:\WINDOWS\WinSxS\amd64_microsoft.windows.gdiplus_6595b64144ccf1df_1.1.18362.1139_none_cf66e5b93ef2d494\gdiplus.dll
0x00007ff8bc6f0000 - 0x00007ff8bc78e000 	C:\Windows\System32\PortableDeviceApi.dll
0x00007ff8c3790000 - 0x00007ff8c3c00000 	C:\WINDOWS\System32\SETUPAPI.dll
0x00007ff8c20b0000 - 0x00007ff8c210c000 	C:\WINDOWS\System32\WINTRUST.dll
0x00007ff8c0f80000 - 0x00007ff8c0f92000 	C:\WINDOWS\System32\MSASN1.dll
0x00007ff8c1670000 - 0x00007ff8c17b9000 	C:\WINDOWS\System32\CRYPT32.dll
0x00007ff8b5940000 - 0x00007ff8b5965000 	C:\Windows\System32\EhStorAPI.dll
0x00007ff8bc070000 - 0x00007ff8bc083000 	C:\Windows\System32\WTSAPI32.dll
0x00007ff8b41e0000 - 0x00007ff8b41ed000 	C:\WINDOWS\SYSTEM32\LINKINFO.dll
0x00007ff89ba00000 - 0x00007ff89ba93000 	C:\Windows\System32\appresolver.dll
0x00007ff8bfe10000 - 0x00007ff8bfe37000 	C:\Windows\System32\SLC.dll
0x00007ff8afa20000 - 0x00007ff8afa7d000 	C:\Windows\System32\Bcp47Langs.dll
0x00007ff8c0e40000 - 0x00007ff8c0e65000 	C:\Windows\System32\USERENV.dll
0x00007ff8bfde0000 - 0x00007ff8bfe06000 	C:\Windows\System32\sppc.dll
0x00007ff8aebe0000 - 0x00007ff8aebec000 	C:\WINDOWS\SYSTEM32\Secur32.dll
0x00007ff8c0e00000 - 0x00007ff8c0e37000 	C:\WINDOWS\SYSTEM32\SSPICLI.DLL
0x00007ff8b7e00000 - 0x00007ff8b7e18000 	C:\WINDOWS\SYSTEM32\samcli.dll
0x00007ff8bbd30000 - 0x00007ff8bbd53000 	C:\WINDOWS\SYSTEM32\SAMLIB.dll
0x00007ff871b40000 - 0x00007ff874b73000 	C:\Users\ACER DEMO\OpenCV\opencv\build\java\x64\opencv_java440.dll
0x00007ff8aee10000 - 0x00007ff8aeeae000 	C:\WINDOWS\System32\TextInputFramework.dll
0x00007ff8b9840000 - 0x00007ff8b9b6a000 	C:\WINDOWS\System32\CoreUIComponents.dll
0x00007ff8bef80000 - 0x00007ff8bf054000 	C:\WINDOWS\System32\CoreMessaging.dll
0x00007ff8bff90000 - 0x00007ff8bffc1000 	C:\WINDOWS\SYSTEM32\ntmarta.dll
0x00007ff8be3b0000 - 0x00007ff8be503000 	C:\WINDOWS\SYSTEM32\wintypes.dll
0x00007ff8b5920000 - 0x00007ff8b5938000 	C:\Windows\System32\devenum.dll
0x00007ff8b9e70000 - 0x00007ff8b9e7b000 	C:\WINDOWS\SYSTEM32\msdmo.dll
0x00007ff8af130000 - 0x00007ff8af164000 	C:\Windows\System32\qcap.dll
0x00007ff886ec0000 - 0x00007ff887084000 	C:\Windows\System32\quartz.dll
0x00007ff8a0340000 - 0x00007ff8a038c000 	C:\Windows\System32\mfksproxy.dll
0x00007ff8b9f80000 - 0x00007ff8b9f9c000 	C:\Windows\System32\ATL.DLL
0x00007ff8b8790000 - 0x00007ff8b898a000 	C:\Windows\System32\MFPlat.DLL
0x00007ff8ba6d0000 - 0x00007ff8ba6ff000 	C:\Windows\System32\RTWorkQ.DLL
0x00007ff89f5c0000 - 0x00007ff89f61c000 	C:\Windows\System32\MFSENSORGROUP.dll
0x00007ff89f570000 - 0x00007ff89f5bd000 	C:\Windows\System32\ksproxy.ax
0x00007ff89aba0000 - 0x00007ff89aba9000 	C:\Windows\System32\ksuser.dll
0x00007ff8859f0000 - 0x00007ff885bb7000 	C:\Windows\System32\d3d9.dll
0x00007ff8be140000 - 0x00007ff8be1c8000 	C:\WINDOWS\SYSTEM32\policymanager.dll
0x00007ff8bdfd0000 - 0x00007ff8be05a000 	C:\Windows\System32\msvcp110_win.dll
0x00007ff8b8670000 - 0x00007ff8b867d000 	C:\Windows\System32\vidcap.ax
0x00007ff8a0860000 - 0x00007ff8a0886000 	C:\Windows\System32\kswdmcap.ax
0x00007ff888f00000 - 0x00007ff889062000 	C:\Windows\System32\MFC42.dll

dbghelp: loaded successfully - version: 4.0.5 - missing functions: none
symbol engine: initialized successfully - sym options: 0x614 - pdb path: .;C:\Program Files\Java\jdk-12.0.2\bin;C:\WINDOWS\SYSTEM32;C:\WINDOWS\WinSxS\amd64_microsoft.windows.common-controls_6595b64144ccf1df_6.0.18362.1139_none_9e7bf2d3e4605ac6;C:\Program Files\Java\jdk-12.0.2\bin\server;C:\Program Files\JetBrains\IntelliJ IDEA 2019.2\bin;C:\WINDOWS\WinSxS\amd64_microsoft.windows.common-controls_6595b64144ccf1df_5.82.18362.1139_none_73b3ffb6d815397f;C:\WINDOWS\WinSxS\amd64_microsoft.windows.gdiplus_6595b64144ccf1df_1.1.18362.1139_none_cf66e5b93ef2d494;C:\Users\ACER DEMO\OpenCV\opencv\build\java\x64;C:\WINDOWS\System32\DriverStore\FileRepository\igdlh64.inf_amd64_ceddadac8a2b489e;C:\Program Files (x86)\Common Files\Intel\OpenCL\bin\x64

VM Arguments:
jvm_args: -Djava.library.path=C:\Users\ACER DEMO\OpenCV\opencv\build\java\x64 -javaagent:C:\Program Files\JetBrains\IntelliJ IDEA 2019.2\lib\idea_rt.jar=57370:C:\Program Files\JetBrains\IntelliJ IDEA 2019.2\bin -Dfile.encoding=UTF-8 
java_command: com.George.Main
java_class_path (initial): C:\Users\ACER DEMO\Desktop\Faculta\Java\GitHub Respository\myWork\6.FaceDetectionApplication\out\production\6.FaceDetectionApplication;C:\Users\ACER DEMO\OpenCV\opencv\build\java\opencv-440.jar
Launcher Type: SUN_STANDARD

[Global flags]
     intx CICompilerCount                          = 3                                         {product} {ergonomic}
     uint ConcGCThreads                            = 1                                         {product} {ergonomic}
     uint G1ConcRefinementThreads                  = 4                                         {product} {ergonomic}
   size_t G1HeapRegionSize                         = 1048576                                   {product} {ergonomic}
    uintx GCDrainStackTargetSize                   = 64                                        {product} {ergonomic}
   size_t InitialHeapSize                          = 132120576                                 {product} {ergonomic}
   size_t MarkStackSize                            = 4194304                                   {product} {ergonomic}
   size_t MaxHeapSize                              = 2113929216                                {product} {ergonomic}
   size_t MaxNewSize                               = 1267728384                                {product} {ergonomic}
   size_t MinHeapDeltaBytes                        = 1048576                                   {product} {ergonomic}
    uintx NonNMethodCodeHeapSize                   = 5830732                                {pd product} {ergonomic}
    uintx NonProfiledCodeHeapSize                  = 122913754                              {pd product} {ergonomic}
    uintx ProfiledCodeHeapSize                     = 122913754                              {pd product} {ergonomic}
    uintx ReservedCodeCacheSize                    = 251658240                              {pd product} {ergonomic}
     bool SegmentedCodeCache                       = true                                      {product} {ergonomic}
     bool UseCompressedClassPointers               = true                                 {lp64_product} {ergonomic}
     bool UseCompressedOops                        = true                                 {lp64_product} {ergonomic}
     bool UseG1GC                                  = true                                      {product} {ergonomic}
     bool UseLargePagesIndividualAllocation        = false                                  {pd product} {ergonomic}

Logging:
Log output configuration:
 #0: stdout all=warning uptime,level,tags
 #1: stderr all=off uptime,level,tags

Environment Variables:
JAVA_HOME=C:\Program Files\JetBrains\IntelliJ IDEA 2019.2\jbr
PATH=C:\Program Files\JetBrains\IntelliJ IDEA 2019.2\jbr\\bin;C:\Program Files\JetBrains\IntelliJ IDEA 2019.2\jbr\\bin\server;C:\Program Files\Java\jdk-12.0.2\bin;C:\Users\ACER DEMO\AppData\Local\Microsoft\WindowsApps;C:\Users\ACER DEMO\AppData\Local\GitHubDesktop\bin;C:\Users\ACER DEMO\AppData\Local\Microsoft\WindowsApps;C:\Users\ACER DEMO\AppData\Local\Android\Sdk\platform-tools;"C:\Program Files\Java\jdk-12.0.2\bin;C:\Users\ACER DEMO\OpenCV\opencv\build\x64\vc15\x64\vc15\bin";;C:\Users\ACER DEMO\AppData\Local\Programs\Microsoft VS Code\bin;C:\Program Files\JetBrains\IntelliJ IDEA 2019.2\bin;
USERNAME=ACER DEMO
OS=Windows_NT
PROCESSOR_IDENTIFIER=Intel64 Family 6 Model 142 Stepping 9, GenuineIntel



---------------  S Y S T E M  ---------------

OS: Windows 10 , 64 bit Build 18362 (10.0.18362.1110)

CPU:total 4 (initial active 4) (2 cores per cpu, 2 threads per core) family 6 model 142 stepping 9, cmov, cx8, fxsr, mmx, sse, sse2, sse3, ssse3, sse4.1, sse4.2, popcnt, avx, avx2, aes, clmul, erms, 3dnowpref, lzcnt, ht, tsc, tscinvbit, bmi1, bmi2, adx, fma

Memory: 4k page, system-wide physical 8060M (2080M free)
TotalPageFile size 13989M (AvailPageFile size 4482M)
current process WorkingSet (physical memory assigned to process): 343M, peak: 711M
current process commit charge ("private bytes"): 393M, peak: 816M

vm_info: Java HotSpot(TM) 64-Bit Server VM (12.0.2+10) for windows-amd64 JRE (12.0.2+10), built on Jul 16 2019 01:56:17 by "mach5one" with MS VC++ 15.5 (VS2017)

END.
