#
# A fatal error has been detected by the Java Runtime Environment:
#
#  EXCEPTION_ACCESS_VIOLATION (0xc0000005) at pc=0x00007ffa32cb45b0, pid=7356, tid=15768
#
# JRE version: Java(TM) SE Runtime Environment (12.0.2+10) (build 12.0.2+10)
# Java VM: Java HotSpot(TM) 64-Bit Server VM (12.0.2+10, mixed mode, sharing, tiered, compressed oops, g1 gc, windows-amd64)
# Problematic frame:
# C  0x00007ffa32cb45b0
#
# No core dump will be written. Minidumps are not enabled by default on client versions of Windows
#
# If you would like to submit a bug report, please visit:
#   http://bugreport.java.com/bugreport/crash.jsp
#

---------------  S U M M A R Y ------------

Command Line: -Djava.library.path=C:\Users\ACER DEMO\OpenCV\opencv\build\java\x64 -javaagent:C:\Program Files\JetBrains\IntelliJ IDEA 2019.2\lib\idea_rt.jar=52088:C:\Program Files\JetBrains\IntelliJ IDEA 2019.2\bin -Dfile.encoding=UTF-8 com.George.Main

Host: Intel(R) Core(TM) i7-7500U CPU @ 2.70GHz, 4 cores, 7G,  Windows 10 , 64 bit Build 18362 (10.0.18362.1110)
Time: Fri Jan  1 17:06:00 2021 GTB Standard Time elapsed time: 1356 seconds (0d 0h 22m 36s)

---------------  T H R E A D  ---------------

Current thread (0x000001805cf9d800):  VMThread "VM Thread" [stack: 0x00000045afa00000,0x00000045afb00000] [id=15768]

Stack: [0x00000045afa00000,0x00000045afb00000],  sp=0x00000045afafebd0,  free space=1018k
Native frames: (J=compiled Java code, j=interpreted, Vv=VM code, C=native code)
C  0x00007ffa32cb45b0


siginfo: EXCEPTION_ACCESS_VIOLATION (0xc0000005), reading address 0x0000000000000000


Register to memory mapping:

RIP=0x00007ffa32cb45b0 points into unknown readable memory: 48 8b 06 48 8b 58 18 48
RAX=0x000001805f9779c0 points into unknown readable memory: d0 9b ac 5d 80 01 00 00
RBX=0x00007ffa32cb4590 points into unknown readable memory: 48 89 5c 24 08 48 89 74
RCX=0x000001805e10ecc0 points into unknown readable memory: 30 e9 e9 32 fa 7f 00 00
RDX=0x0 is NULL
RSP=0x00000045afafebd0 points into unknown readable memory: d8 00 f4 79 fa 7f 00 00
RBP=0x0 is NULL
RSI=0x0 is NULL
RDI=0x000001805e10ecc0 points into unknown readable memory: 30 e9 e9 32 fa 7f 00 00
R8 =0x000000000000003d is an unknown value
R9 =0x000000000000003d is an unknown value
R10=0x000000000000003b is an unknown value
R11=0x00000045afafec10 points into unknown readable memory: 00 00 00 00 00 00 00 00
R12=0x00007ffa7a0a6120 ntdll.dll
R13=0x00007ffa7a0a6168 ntdll.dll
R14=0x00007ffa12176200 opencv_java440.dll
R15=0x00007ffa10852370 opencv_java440.dll


Registers:
RAX=0x000001805f9779c0, RBX=0x00007ffa32cb4590, RCX=0x000001805e10ecc0, RDX=0x0000000000000000
RSP=0x00000045afafebd0, RBP=0x0000000000000000, RSI=0x0000000000000000, RDI=0x000001805e10ecc0
R8 =0x000000000000003d, R9 =0x000000000000003d, R10=0x000000000000003b, R11=0x00000045afafec10
R12=0x00007ffa7a0a6120, R13=0x00007ffa7a0a6168, R14=0x00007ffa12176200, R15=0x00007ffa10852370
RIP=0x00007ffa32cb45b0, EFLAGS=0x0000000000010202

Top of Stack: (sp=0x00000045afafebd0)
0x00000045afafebd0:   00007ffa79f400d8 0000000000000000
0x00000045afafebe0:   00007ffa10852370 0000000000000001
0x00000045afafebf0:   000001805e10ecc0 00007ffa32c3917e
0x00000045afafec00:   00007ffa32cb4590 000001805e28e160
0x00000045afafec10:   0000000000000000 00007ffa4b9e2b4f
0x00000045afafec20:   fffffffffffffffe 0000018000000000
0x00000045afafec30:   000087d73a80c74c 0000000000000000
0x00000045afafec40:   0000000000000001 00007ffa1097131e
0x00000045afafec50:   000001805e10d0e0 000001805e10d0e0
0x00000045afafec60:   000001803cbe3450 00007ffa1151b93f
0x00000045afafec70:   00007ffa12178900 00007ffa1106f69f
0x00000045afafec80:   0000000000000000 000001805e10d0e0
0x00000045afafec90:   0000000000000000 00007ffa1151bda7
0x00000045afafeca0:   00007ffa00000000 00007ffa109919f5
0x00000045afafecb0:   00000d31fecceb8f 0000000000000000
0x00000045afafecc0:   0000000000000001 00007ffa10971600 

Instructions: (pc=0x00007ffa32cb45b0)
0x00007ffa32cb44b0:   44 24 28 48 8d 45 68 48 89 44 24 20 41 b8 02 00
0x00007ffa32cb44c0:   00 00 48 8d 95 00 08 00 00 48 8b cf e8 1f 52 fe
0x00007ffa32cb44d0:   ff 49 8b cf e8 27 65 fb ff 48 8b 8f f0 00 00 00
0x00007ffa32cb44e0:   48 83 b9 48 01 00 00 00 74 1d 49 8d 46 10 48 89
0x00007ffa32cb44f0:   44 24 40 4c 8d 4c 24 40 ba 04 00 00 00 44 8d 42
0x00007ffa32cb4500:   11 e8 2a 9a ff ff 90 48 8d 05 ca 08 1e 00 48 89
0x00007ffa32cb4510:   45 20 48 8b 7d 30 48 8b 07 48 8b 58 10 48 8b cb
0x00007ffa32cb4520:   ff 15 5a 30 1c 00 48 8d 54 24 40 48 8b cf ff d3
0x00007ffa32cb4530:   90 48 8b 7c 24 48 48 85 ff 74 14 48 8b 5c 24 40
0x00007ffa32cb4540:   48 8b cb ff 15 37 30 1c 00 48 8b cf ff d3 90 48
0x00007ffa32cb4550:   89 75 30 48 8d 4d 68 e8 64 9e ff ff 33 c0 48 8b
0x00007ffa32cb4560:   8d 10 08 00 00 48 33 cc e8 b3 16 17 00 48 81 c4
0x00007ffa32cb4570:   28 09 00 00 41 5f 41 5e 41 5d 41 5c 5f 5e 5b 5d
0x00007ffa32cb4580:   c3 e8 ea f1 f8 ff 90 cc cc cc cc cc cc cc cc cc
0x00007ffa32cb4590:   48 89 5c 24 08 48 89 74 24 10 57 48 83 ec 20 48
0x00007ffa32cb45a0:   8b 81 f8 00 00 00 48 8b f9 48 8b b0 f0 03 00 00
0x00007ffa32cb45b0:   48 8b 06 48 8b 58 18 48 8b cb ff 15 c0 2f 1c 00
0x00007ffa32cb45c0:   48 8b ce ff d3 48 8b cf e8 a3 1d fc ff 84 c0 75
0x00007ffa32cb45d0:   f4 48 8b 8f d8 00 00 00 8b 9f d0 00 00 00 e8 9d
0x00007ffa32cb45e0:   68 0d 00 45 33 c9 4c 8b c0 8b d3 48 8b cf e8 9d
0x00007ffa32cb45f0:   20 fc ff 45 33 c0 8b d3 48 8b ce e8 80 fd 0b 00
0x00007ffa32cb4600:   48 8b 5c 24 30 33 c0 48 8b 74 24 38 48 83 c4 20
0x00007ffa32cb4610:   5f c3 cc cc cc cc cc cc cc cc cc cc cc cc cc cc
0x00007ffa32cb4620:   48 89 5c 24 08 57 48 83 ec 20 48 8b 81 f8 00 00
0x00007ffa32cb4630:   00 48 8b b8 f0 03 00 00 48 8b 07 48 8b 58 18 48
0x00007ffa32cb4640:   8b cb ff 15 38 2f 1c 00 48 8b cf ff d3 48 8b 5c
0x00007ffa32cb4650:   24 30 33 c0 48 83 c4 20 5f c3 cc cc cc cc cc cc
0x00007ffa32cb4660:   48 89 5c 24 10 48 89 74 24 18 48 89 7c 24 20 55
0x00007ffa32cb4670:   41 54 41 55 41 56 41 57 48 8d 6c 24 e0 48 81 ec
0x00007ffa32cb4680:   20 01 00 00 48 8b f2 4c 8b e9 e8 91 51 fb ff 49
0x00007ffa32cb4690:   8b 95 f0 00 00 00 48 8b c8 e8 72 5d fb ff 33 d2
0x00007ffa32cb46a0:   48 8d 4c 24 50 41 b8 d0 00 00 00 4c 8b f8 e8 bd 


Stack slot to memory mapping:
stack at sp + 0 slots: 0x00007ffa79f400d8 ntdll.dll
stack at sp + 1 slots: 0x0 is NULL
stack at sp + 2 slots: 0x00007ffa10852370 opencv_java440.dll
stack at sp + 3 slots: 0x0000000000000001 is an unknown value
stack at sp + 4 slots: 0x000001805e10ecc0 points into unknown readable memory: 30 e9 e9 32 fa 7f 00 00
stack at sp + 5 slots: 0x00007ffa32c3917e points into unknown readable memory: eb 05
stack at sp + 6 slots: 0x00007ffa32cb4590 points into unknown readable memory: 48 89 5c 24 08 48 89 74
stack at sp + 7 slots: 0x000001805e28e160 points into unknown readable memory: 02 01 00 00 00 00 00 00

VM_Operation (0x00000045b09fed90): Exit, mode: safepoint, requested by thread 0x000001805df07800


---------------  P R O C E S S  ---------------

Threads class SMR info:
_java_thread_list=0x000001805e10d3b0, length=16, elements={
0x000001805cfa1000, 0x000001805cfa4000, 0x000001805cfbd800, 0x000001805cfbf800,
0x000001805cfc3800, 0x000001805cfcb000, 0x000001805cfce800, 0x000001805da15000,
0x000001805da96800, 0x000001805da97800, 0x000001805de78800, 0x000001805de86000,
0x000001805df07800, 0x000001803cd07800, 0x000001805e29c000, 0x000001805e2a0000
}

Java Threads: ( => current thread )
  0x000001805cfa1000 JavaThread "Reference Handler" daemon [_thread_blocked, id=16372, stack(0x00000045afb00000,0x00000045afc00000)]
  0x000001805cfa4000 JavaThread "Finalizer" daemon [_thread_blocked, id=14396, stack(0x00000045afc00000,0x00000045afd00000)]
  0x000001805cfbd800 JavaThread "Signal Dispatcher" daemon [_thread_blocked, id=2528, stack(0x00000045afd00000,0x00000045afe00000)]
  0x000001805cfbf800 JavaThread "Attach Listener" daemon [_thread_blocked, id=14224, stack(0x00000045afe00000,0x00000045aff00000)]
  0x000001805cfc3800 JavaThread "C2 CompilerThread0" daemon [_thread_blocked, id=4688, stack(0x00000045aff00000,0x00000045b0000000)]
  0x000001805cfcb000 JavaThread "C1 CompilerThread0" daemon [_thread_blocked, id=17056, stack(0x00000045b0000000,0x00000045b0100000)]
  0x000001805cfce800 JavaThread "Sweeper thread" daemon [_thread_blocked, id=3392, stack(0x00000045b0100000,0x00000045b0200000)]
  0x000001805da15000 JavaThread "Common-Cleaner" daemon [_thread_blocked, id=8004, stack(0x00000045b0200000,0x00000045b0300000)]
  0x000001805da96800 JavaThread "Monitor Ctrl-Break" daemon [_thread_in_native, id=15064, stack(0x00000045b0300000,0x00000045b0400000)]
  0x000001805da97800 JavaThread "Service Thread" daemon [_thread_blocked, id=12528, stack(0x00000045b0400000,0x00000045b0500000)]
  0x000001805de78800 JavaThread "Java2D Disposer" daemon [_thread_blocked, id=16224, stack(0x00000045b0600000,0x00000045b0700000)]
  0x000001805de86000 JavaThread "AWT-Shutdown" [_thread_blocked, id=13480, stack(0x00000045b0700000,0x00000045b0800000)]
  0x000001805df07800 JavaThread "AWT-EventQueue-0" [_thread_blocked, id=3432, stack(0x00000045b0900000,0x00000045b0a00000)]
  0x000001803cd07800 JavaThread "DestroyJavaVM" [_thread_blocked, id=3580, stack(0x00000045af400000,0x00000045af500000)]
  0x000001805e29c000 JavaThread "TimerQueue" daemon [_thread_blocked, id=17236, stack(0x00000045b1200000,0x00000045b1300000)]
  0x000001805e2a0000 JavaThread "ToolkitShutdown" daemon [_thread_blocked, id=14272, stack(0x00000045af100000,0x00000045af200000)]

Other Threads:
=>0x000001805cf9d800 VMThread "VM Thread" [stack: 0x00000045afa00000,0x00000045afb00000] [id=15768]
  0x000001803cd47800 GCTaskThread "GC Thread#0" [stack: 0x00000045af500000,0x00000045af600000] [id=14168]
  0x000001805f280800 GCTaskThread "GC Thread#1" [stack: 0x00000045b0a00000,0x00000045b0b00000] [id=12600]
  0x000001805f797000 GCTaskThread "GC Thread#2" [stack: 0x00000045b0b00000,0x00000045b0c00000] [id=14620]
  0x000001805e005000 GCTaskThread "GC Thread#3" [stack: 0x00000045b1300000,0x00000045b1400000] [id=13488]
  0x000001803cd56000 ConcurrentGCThread "G1 Main Marker" [stack: 0x00000045af600000,0x00000045af700000] [id=15864]
  0x000001803cd59000 ConcurrentGCThread "G1 Conc#0" [stack: 0x00000045af700000,0x00000045af800000] [id=15936]
  0x000001805ce20800 ConcurrentGCThread "G1 Refine#0" [stack: 0x00000045af800000,0x00000045af900000] [id=4712]
  0x000001805dac9800 ConcurrentGCThread "G1 Refine#1" [stack: 0x00000045b1400000,0x00000045b1500000] [id=5816]
  0x000001805ce21800 ConcurrentGCThread "G1 Young RemSet Sampling" [stack: 0x00000045af900000,0x00000045afa00000] [id=12832]

Threads with active compile tasks:

VM state:at safepoint (shutting down)

VM Mutex/Monitor currently owned by a thread:  ([mutex/lock_event])
[0x000001803cd047b0] Threads_lock - owner thread: 0x000001805cf9d800

Heap address: 0x0000000082000000, size: 2016 MB, Compressed Oops mode: 32-bit
Narrow klass base: 0x0000000800000000, Narrow klass shift: 3
Compressed class space size: 1073741824 Address: 0x0000000801190000

Heap:
 garbage-first heap   total 129024K, used 21501K [0x0000000082000000, 0x0000000100000000)
  region size 1024K, 8 young (8192K), 1 survivors (1024K)
 Metaspace       used 14056K, capacity 14391K, committed 14592K, reserved 1062912K
  class space    used 1608K, capacity 1760K, committed 1792K, reserved 1048576K
Heap Regions: E=young(eden), S=young(survivor), O=old, HS=humongous(starts), HC=humongous(continues), CS=collection set, F=free, A=archive, TAMS=top-at-mark-start (previous, next)
|   0|0x0000000082000000, 0x0000000082100000, 0x0000000082100000|100%|HS|  |TAMS 0x0000000082000000, 0x0000000082000000| Complete 
|   1|0x0000000082100000, 0x0000000082200000, 0x0000000082200000|100%|HC|  |TAMS 0x0000000082100000, 0x0000000082100000| Complete 
|   2|0x0000000082200000, 0x0000000082300000, 0x0000000082300000|100%|HC|  |TAMS 0x0000000082200000, 0x0000000082200000| Complete 
|   3|0x0000000082300000, 0x0000000082400000, 0x0000000082400000|100%| O|  |TAMS 0x0000000082300000, 0x0000000082300000| Untracked 
|   4|0x0000000082400000, 0x0000000082500000, 0x0000000082500000|100%| O|  |TAMS 0x0000000082400000, 0x0000000082400000| Untracked 
|   5|0x0000000082500000, 0x0000000082600000, 0x0000000082600000|100%| O|  |TAMS 0x0000000082500000, 0x0000000082500000| Untracked 
|   6|0x0000000082600000, 0x0000000082700000, 0x0000000082700000|100%| O|  |TAMS 0x0000000082600000, 0x0000000082600000| Untracked 
|   7|0x0000000082700000, 0x000000008270a000, 0x0000000082800000|  3%| O|  |TAMS 0x0000000082700000, 0x0000000082700000| Untracked 
|   8|0x0000000082800000, 0x0000000082900000, 0x0000000082900000|100%|HS|  |TAMS 0x0000000082800000, 0x0000000082800000| Complete 
|   9|0x0000000082900000, 0x0000000082a00000, 0x0000000082a00000|100%|HC|  |TAMS 0x0000000082900000, 0x0000000082900000| Complete 
|  10|0x0000000082a00000, 0x0000000082a00000, 0x0000000082b00000|  0%| F|  |TAMS 0x0000000082a00000, 0x0000000082a00000| Untracked 
|  11|0x0000000082b00000, 0x0000000082b00000, 0x0000000082c00000|  0%| F|  |TAMS 0x0000000082b00000, 0x0000000082b00000| Untracked 
|  12|0x0000000082c00000, 0x0000000082d00000, 0x0000000082d00000|100%|HS|  |TAMS 0x0000000082c00000, 0x0000000082c00000| Complete 
|  13|0x0000000082d00000, 0x0000000082e00000, 0x0000000082e00000|100%|HC|  |TAMS 0x0000000082d00000, 0x0000000082d00000| Complete 
|  14|0x0000000082e00000, 0x0000000082e00000, 0x0000000082f00000|  0%| F|  |TAMS 0x0000000082e00000, 0x0000000082e00000| Untracked 
|  15|0x0000000082f00000, 0x0000000083000000, 0x0000000083000000|100%|HS|  |TAMS 0x0000000082f00000, 0x0000000082f00000| Complete 
|  16|0x0000000083000000, 0x0000000083100000, 0x0000000083100000|100%|HS|  |TAMS 0x0000000083000000, 0x0000000083000000| Complete 
|  17|0x0000000083100000, 0x0000000083200000, 0x0000000083200000|100%|HC|  |TAMS 0x0000000083100000, 0x0000000083100000| Complete 
|  18|0x0000000083200000, 0x0000000083200000, 0x0000000083300000|  0%| F|  |TAMS 0x0000000083200000, 0x0000000083200000| Untracked 
|  19|0x0000000083300000, 0x0000000083300000, 0x0000000083400000|  0%| F|  |TAMS 0x0000000083300000, 0x0000000083300000| Untracked 
|  20|0x0000000083400000, 0x0000000083400000, 0x0000000083500000|  0%| F|  |TAMS 0x0000000083400000, 0x0000000083400000| Untracked 
|  21|0x0000000083500000, 0x0000000083500000, 0x0000000083600000|  0%| F|  |TAMS 0x0000000083500000, 0x0000000083500000| Untracked 
|  22|0x0000000083600000, 0x0000000083600000, 0x0000000083700000|  0%| F|  |TAMS 0x0000000083600000, 0x0000000083600000| Untracked 
|  23|0x0000000083700000, 0x0000000083700000, 0x0000000083800000|  0%| F|  |TAMS 0x0000000083700000, 0x0000000083700000| Untracked 
|  24|0x0000000083800000, 0x0000000083800000, 0x0000000083900000|  0%| F|  |TAMS 0x0000000083800000, 0x0000000083800000| Untracked 
|  25|0x0000000083900000, 0x0000000083900000, 0x0000000083a00000|  0%| F|  |TAMS 0x0000000083900000, 0x0000000083900000| Untracked 
|  26|0x0000000083a00000, 0x0000000083a00000, 0x0000000083b00000|  0%| F|  |TAMS 0x0000000083a00000, 0x0000000083a00000| Untracked 
|  27|0x0000000083b00000, 0x0000000083b00000, 0x0000000083c00000|  0%| F|  |TAMS 0x0000000083b00000, 0x0000000083b00000| Untracked 
|  28|0x0000000083c00000, 0x0000000083c00000, 0x0000000083d00000|  0%| F|  |TAMS 0x0000000083c00000, 0x0000000083c00000| Untracked 
|  29|0x0000000083d00000, 0x0000000083d00000, 0x0000000083e00000|  0%| F|  |TAMS 0x0000000083d00000, 0x0000000083d00000| Untracked 
|  30|0x0000000083e00000, 0x0000000083e00000, 0x0000000083f00000|  0%| F|  |TAMS 0x0000000083e00000, 0x0000000083e00000| Untracked 
|  31|0x0000000083f00000, 0x0000000083f00000, 0x0000000084000000|  0%| F|  |TAMS 0x0000000083f00000, 0x0000000083f00000| Untracked 
|  32|0x0000000084000000, 0x0000000084000000, 0x0000000084100000|  0%| F|  |TAMS 0x0000000084000000, 0x0000000084000000| Untracked 
|  33|0x0000000084100000, 0x0000000084100000, 0x0000000084200000|  0%| F|  |TAMS 0x0000000084100000, 0x0000000084100000| Untracked 
|  34|0x0000000084200000, 0x0000000084200000, 0x0000000084300000|  0%| F|  |TAMS 0x0000000084200000, 0x0000000084200000| Untracked 
|  35|0x0000000084300000, 0x0000000084300000, 0x0000000084400000|  0%| F|  |TAMS 0x0000000084300000, 0x0000000084300000| Untracked 
|  36|0x0000000084400000, 0x0000000084400000, 0x0000000084500000|  0%| F|  |TAMS 0x0000000084400000, 0x0000000084400000| Untracked 
|  37|0x0000000084500000, 0x0000000084500000, 0x0000000084600000|  0%| F|  |TAMS 0x0000000084500000, 0x0000000084500000| Untracked 
|  38|0x0000000084600000, 0x0000000084600000, 0x0000000084700000|  0%| F|  |TAMS 0x0000000084600000, 0x0000000084600000| Untracked 
|  39|0x0000000084700000, 0x0000000084700000, 0x0000000084800000|  0%| F|  |TAMS 0x0000000084700000, 0x0000000084700000| Untracked 
|  40|0x0000000084800000, 0x0000000084800000, 0x0000000084900000|  0%| F|  |TAMS 0x0000000084800000, 0x0000000084800000| Untracked 
|  41|0x0000000084900000, 0x0000000084900000, 0x0000000084a00000|  0%| F|  |TAMS 0x0000000084900000, 0x0000000084900000| Untracked 
|  42|0x0000000084a00000, 0x0000000084a00000, 0x0000000084b00000|  0%| F|  |TAMS 0x0000000084a00000, 0x0000000084a00000| Untracked 
|  43|0x0000000084b00000, 0x0000000084b00000, 0x0000000084c00000|  0%| F|  |TAMS 0x0000000084b00000, 0x0000000084b00000| Untracked 
|  44|0x0000000084c00000, 0x0000000084c00000, 0x0000000084d00000|  0%| F|  |TAMS 0x0000000084c00000, 0x0000000084c00000| Untracked 
|  45|0x0000000084d00000, 0x0000000084d00000, 0x0000000084e00000|  0%| F|  |TAMS 0x0000000084d00000, 0x0000000084d00000| Untracked 
|  46|0x0000000084e00000, 0x0000000084e00000, 0x0000000084f00000|  0%| F|  |TAMS 0x0000000084e00000, 0x0000000084e00000| Untracked 
|  47|0x0000000084f00000, 0x0000000084f00000, 0x0000000085000000|  0%| F|  |TAMS 0x0000000084f00000, 0x0000000084f00000| Untracked 
|  48|0x0000000085000000, 0x0000000085000000, 0x0000000085100000|  0%| F|  |TAMS 0x0000000085000000, 0x0000000085000000| Untracked 
|  49|0x0000000085100000, 0x0000000085100000, 0x0000000085200000|  0%| F|  |TAMS 0x0000000085100000, 0x0000000085100000| Untracked 
|  50|0x0000000085200000, 0x0000000085200000, 0x0000000085300000|  0%| F|  |TAMS 0x0000000085200000, 0x0000000085200000| Untracked 
|  51|0x0000000085300000, 0x0000000085300000, 0x0000000085400000|  0%| F|  |TAMS 0x0000000085300000, 0x0000000085300000| Untracked 
|  52|0x0000000085400000, 0x0000000085400000, 0x0000000085500000|  0%| F|  |TAMS 0x0000000085400000, 0x0000000085400000| Untracked 
|  53|0x0000000085500000, 0x0000000085500000, 0x0000000085600000|  0%| F|  |TAMS 0x0000000085500000, 0x0000000085500000| Untracked 
|  54|0x0000000085600000, 0x0000000085600000, 0x0000000085700000|  0%| F|  |TAMS 0x0000000085600000, 0x0000000085600000| Untracked 
|  55|0x0000000085700000, 0x0000000085700000, 0x0000000085800000|  0%| F|  |TAMS 0x0000000085700000, 0x0000000085700000| Untracked 
|  56|0x0000000085800000, 0x0000000085800000, 0x0000000085900000|  0%| F|  |TAMS 0x0000000085800000, 0x0000000085800000| Untracked 
|  57|0x0000000085900000, 0x0000000085900000, 0x0000000085a00000|  0%| F|  |TAMS 0x0000000085900000, 0x0000000085900000| Untracked 
|  58|0x0000000085a00000, 0x0000000085a00000, 0x0000000085b00000|  0%| F|  |TAMS 0x0000000085a00000, 0x0000000085a00000| Untracked 
|  59|0x0000000085b00000, 0x0000000085b00000, 0x0000000085c00000|  0%| F|  |TAMS 0x0000000085b00000, 0x0000000085b00000| Untracked 
|  60|0x0000000085c00000, 0x0000000085c00000, 0x0000000085d00000|  0%| F|  |TAMS 0x0000000085c00000, 0x0000000085c00000| Untracked 
|  61|0x0000000085d00000, 0x0000000085d00000, 0x0000000085e00000|  0%| F|  |TAMS 0x0000000085d00000, 0x0000000085d00000| Untracked 
|  62|0x0000000085e00000, 0x0000000085e00000, 0x0000000085f00000|  0%| F|  |TAMS 0x0000000085e00000, 0x0000000085e00000| Untracked 
|  63|0x0000000085f00000, 0x0000000085f00000, 0x0000000086000000|  0%| F|  |TAMS 0x0000000085f00000, 0x0000000085f00000| Untracked 
|  64|0x0000000086000000, 0x0000000086000000, 0x0000000086100000|  0%| F|  |TAMS 0x0000000086000000, 0x0000000086000000| Untracked 
|  65|0x0000000086100000, 0x0000000086100000, 0x0000000086200000|  0%| F|  |TAMS 0x0000000086100000, 0x0000000086100000| Untracked 
|  66|0x0000000086200000, 0x0000000086200000, 0x0000000086300000|  0%| F|  |TAMS 0x0000000086200000, 0x0000000086200000| Untracked 
|  67|0x0000000086300000, 0x0000000086300000, 0x0000000086400000|  0%| F|  |TAMS 0x0000000086300000, 0x0000000086300000| Untracked 
|  68|0x0000000086400000, 0x0000000086400000, 0x0000000086500000|  0%| F|  |TAMS 0x0000000086400000, 0x0000000086400000| Untracked 
|  69|0x0000000086500000, 0x0000000086500000, 0x0000000086600000|  0%| F|  |TAMS 0x0000000086500000, 0x0000000086500000| Untracked 
|  70|0x0000000086600000, 0x0000000086600000, 0x0000000086700000|  0%| F|  |TAMS 0x0000000086600000, 0x0000000086600000| Untracked 
|  71|0x0000000086700000, 0x0000000086700000, 0x0000000086800000|  0%| F|  |TAMS 0x0000000086700000, 0x0000000086700000| Untracked 
|  72|0x0000000086800000, 0x0000000086800000, 0x0000000086900000|  0%| F|  |TAMS 0x0000000086800000, 0x0000000086800000| Untracked 
|  73|0x0000000086900000, 0x0000000086900000, 0x0000000086a00000|  0%| F|  |TAMS 0x0000000086900000, 0x0000000086900000| Untracked 
|  74|0x0000000086a00000, 0x0000000086a00000, 0x0000000086b00000|  0%| F|  |TAMS 0x0000000086a00000, 0x0000000086a00000| Untracked 
|  75|0x0000000086b00000, 0x0000000086b00000, 0x0000000086c00000|  0%| F|  |TAMS 0x0000000086b00000, 0x0000000086b00000| Untracked 
|  76|0x0000000086c00000, 0x0000000086c00000, 0x0000000086d00000|  0%| F|  |TAMS 0x0000000086c00000, 0x0000000086c00000| Untracked 
|  77|0x0000000086d00000, 0x0000000086d00000, 0x0000000086e00000|  0%| F|  |TAMS 0x0000000086d00000, 0x0000000086d00000| Untracked 
|  78|0x0000000086e00000, 0x0000000086e00000, 0x0000000086f00000|  0%| F|  |TAMS 0x0000000086e00000, 0x0000000086e00000| Untracked 
|  79|0x0000000086f00000, 0x0000000086f00000, 0x0000000087000000|  0%| F|  |TAMS 0x0000000086f00000, 0x0000000086f00000| Untracked 
|  80|0x0000000087000000, 0x0000000087000000, 0x0000000087100000|  0%| F|  |TAMS 0x0000000087000000, 0x0000000087000000| Untracked 
|  81|0x0000000087100000, 0x0000000087100000, 0x0000000087200000|  0%| F|  |TAMS 0x0000000087100000, 0x0000000087100000| Untracked 
|  82|0x0000000087200000, 0x0000000087200000, 0x0000000087300000|  0%| F|  |TAMS 0x0000000087200000, 0x0000000087200000| Untracked 
|  83|0x0000000087300000, 0x0000000087300000, 0x0000000087400000|  0%| F|  |TAMS 0x0000000087300000, 0x0000000087300000| Untracked 
|  84|0x0000000087400000, 0x0000000087400000, 0x0000000087500000|  0%| F|  |TAMS 0x0000000087400000, 0x0000000087400000| Untracked 
|  85|0x0000000087500000, 0x0000000087500000, 0x0000000087600000|  0%| F|  |TAMS 0x0000000087500000, 0x0000000087500000| Untracked 
|  86|0x0000000087600000, 0x0000000087600000, 0x0000000087700000|  0%| F|  |TAMS 0x0000000087600000, 0x0000000087600000| Untracked 
|  87|0x0000000087700000, 0x0000000087700000, 0x0000000087800000|  0%| F|  |TAMS 0x0000000087700000, 0x0000000087700000| Untracked 
|  88|0x0000000087800000, 0x0000000087800000, 0x0000000087900000|  0%| F|  |TAMS 0x0000000087800000, 0x0000000087800000| Untracked 
|  89|0x0000000087900000, 0x0000000087900000, 0x0000000087a00000|  0%| F|  |TAMS 0x0000000087900000, 0x0000000087900000| Untracked 
|  90|0x0000000087a00000, 0x0000000087a00000, 0x0000000087b00000|  0%| F|  |TAMS 0x0000000087a00000, 0x0000000087a00000| Untracked 
|  91|0x0000000087b00000, 0x0000000087b00000, 0x0000000087c00000|  0%| F|  |TAMS 0x0000000087b00000, 0x0000000087b00000| Untracked 
|  92|0x0000000087c00000, 0x0000000087c00000, 0x0000000087d00000|  0%| F|  |TAMS 0x0000000087c00000, 0x0000000087c00000| Untracked 
|  93|0x0000000087d00000, 0x0000000087d00000, 0x0000000087e00000|  0%| F|  |TAMS 0x0000000087d00000, 0x0000000087d00000| Untracked 
|  94|0x0000000087e00000, 0x0000000087e00000, 0x0000000087f00000|  0%| F|  |TAMS 0x0000000087e00000, 0x0000000087e00000| Untracked 
|  95|0x0000000087f00000, 0x0000000087f00000, 0x0000000088000000|  0%| F|  |TAMS 0x0000000087f00000, 0x0000000087f00000| Untracked 
|  96|0x0000000088000000, 0x0000000088000000, 0x0000000088100000|  0%| F|  |TAMS 0x0000000088000000, 0x0000000088000000| Untracked 
|  97|0x0000000088100000, 0x0000000088100000, 0x0000000088200000|  0%| F|  |TAMS 0x0000000088100000, 0x0000000088100000| Untracked 
|  98|0x0000000088200000, 0x0000000088200000, 0x0000000088300000|  0%| F|  |TAMS 0x0000000088200000, 0x0000000088200000| Untracked 
|  99|0x0000000088300000, 0x0000000088300000, 0x0000000088400000|  0%| F|  |TAMS 0x0000000088300000, 0x0000000088300000| Untracked 
| 100|0x0000000088400000, 0x0000000088400000, 0x0000000088500000|  0%| F|  |TAMS 0x0000000088400000, 0x0000000088400000| Untracked 
| 101|0x0000000088500000, 0x0000000088500000, 0x0000000088600000|  0%| F|  |TAMS 0x0000000088500000, 0x0000000088500000| Untracked 
| 102|0x0000000088600000, 0x00000000886f55d0, 0x0000000088700000| 95%| S|CS|TAMS 0x0000000088600000, 0x0000000088600000| Complete 
| 103|0x0000000088700000, 0x0000000088700000, 0x0000000088800000|  0%| F|  |TAMS 0x0000000088700000, 0x0000000088700000| Untracked 
| 104|0x0000000088800000, 0x0000000088800000, 0x0000000088900000|  0%| F|  |TAMS 0x0000000088800000, 0x0000000088800000| Untracked 
| 105|0x0000000088900000, 0x0000000088900000, 0x0000000088a00000|  0%| F|  |TAMS 0x0000000088900000, 0x0000000088900000| Untracked 
| 106|0x0000000088a00000, 0x0000000088a00000, 0x0000000088b00000|  0%| F|  |TAMS 0x0000000088a00000, 0x0000000088a00000| Untracked 
| 107|0x0000000088b00000, 0x0000000088b00000, 0x0000000088c00000|  0%| F|  |TAMS 0x0000000088b00000, 0x0000000088b00000| Untracked 
| 108|0x0000000088c00000, 0x0000000088c00000, 0x0000000088d00000|  0%| F|  |TAMS 0x0000000088c00000, 0x0000000088c00000| Untracked 
| 109|0x0000000088d00000, 0x0000000088d00000, 0x0000000088e00000|  0%| F|  |TAMS 0x0000000088d00000, 0x0000000088d00000| Untracked 
| 110|0x0000000088e00000, 0x0000000088e00000, 0x0000000088f00000|  0%| F|  |TAMS 0x0000000088e00000, 0x0000000088e00000| Untracked 
| 111|0x0000000088f00000, 0x0000000088f00000, 0x0000000089000000|  0%| F|  |TAMS 0x0000000088f00000, 0x0000000088f00000| Untracked 
| 112|0x0000000089000000, 0x0000000089000000, 0x0000000089100000|  0%| F|  |TAMS 0x0000000089000000, 0x0000000089000000| Untracked 
| 113|0x0000000089100000, 0x0000000089100000, 0x0000000089200000|  0%| F|  |TAMS 0x0000000089100000, 0x0000000089100000| Untracked 
| 114|0x0000000089200000, 0x0000000089200000, 0x0000000089300000|  0%| F|  |TAMS 0x0000000089200000, 0x0000000089200000| Untracked 
| 115|0x0000000089300000, 0x0000000089300000, 0x0000000089400000|  0%| F|  |TAMS 0x0000000089300000, 0x0000000089300000| Untracked 
| 116|0x0000000089400000, 0x0000000089400000, 0x0000000089500000|  0%| F|  |TAMS 0x0000000089400000, 0x0000000089400000| Untracked 
| 117|0x0000000089500000, 0x0000000089500000, 0x0000000089600000|  0%| F|  |TAMS 0x0000000089500000, 0x0000000089500000| Untracked 
| 118|0x0000000089600000, 0x0000000089600000, 0x0000000089700000|  0%| F|  |TAMS 0x0000000089600000, 0x0000000089600000| Untracked 
| 119|0x0000000089700000, 0x00000000897fece0, 0x0000000089800000| 99%| E|  |TAMS 0x0000000089700000, 0x0000000089700000| Complete 
| 120|0x0000000089800000, 0x0000000089900000, 0x0000000089900000|100%| E|CS|TAMS 0x0000000089800000, 0x0000000089800000| Complete 
| 121|0x0000000089900000, 0x0000000089a00000, 0x0000000089a00000|100%| E|CS|TAMS 0x0000000089900000, 0x0000000089900000| Complete 
| 122|0x0000000089a00000, 0x0000000089b00000, 0x0000000089b00000|100%| E|CS|TAMS 0x0000000089a00000, 0x0000000089a00000| Complete 
| 123|0x0000000089b00000, 0x0000000089c00000, 0x0000000089c00000|100%| E|CS|TAMS 0x0000000089b00000, 0x0000000089b00000| Complete 
| 124|0x0000000089c00000, 0x0000000089d00000, 0x0000000089d00000|100%| E|CS|TAMS 0x0000000089c00000, 0x0000000089c00000| Complete 
| 125|0x0000000089d00000, 0x0000000089e00000, 0x0000000089e00000|100%| E|CS|TAMS 0x0000000089d00000, 0x0000000089d00000| Complete 

Card table byte_map: [0x00000180562f0000,0x00000180566e0000] _byte_map_base: 0x0000018055ee0000

Marking Bits (Prev, Next): (CMBitMap*) 0x000001803cd49758, (CMBitMap*) 0x000001803cd49798
 Prev Bits: [0x0000018056ad0000, 0x0000018058a50000)
 Next Bits: [0x0000018058a50000, 0x000001805a9d0000)

Polling page: 0x000001803cb50000

Metaspace:

Usage:
  Non-class:     12.33 MB capacity,    12.16 MB ( 99%) used,   148.16 KB (  1%) free+waste,    34.75 KB ( <1%) overhead. 
      Class:      1.72 MB capacity,     1.57 MB ( 91%) used,   133.35 KB (  8%) free+waste,    18.00 KB (  1%) overhead. 
       Both:     14.05 MB capacity,    13.73 MB ( 98%) used,   281.51 KB (  2%) free+waste,    52.75 KB ( <1%) overhead. 

Virtual space:
  Non-class space:       14.00 MB reserved,      12.50 MB ( 89%) committed 
      Class space:        1.00 GB reserved,       1.75 MB ( <1%) committed 
             Both:        1.01 GB reserved,      14.25 MB (  1%) committed 

Chunk freelists:
   Non-Class:  5.13 KB
       Class:  0 bytes
        Both:  5.13 KB

CodeHeap 'non-profiled nmethods': size=120064Kb used=1182Kb max_used=1182Kb free=118881Kb
 bounds [0x000001804e390000, 0x000001804e600000, 0x00000180558d0000]
CodeHeap 'profiled nmethods': size=120000Kb used=5834Kb max_used=5834Kb free=114165Kb
 bounds [0x0000018046e60000, 0x0000018047420000, 0x000001804e390000]
CodeHeap 'non-nmethods': size=5696Kb used=1419Kb max_used=1445Kb free=4276Kb
 bounds [0x00000180468d0000, 0x0000018046b40000, 0x0000018046e60000]
 total_blobs=4148 nmethods=2646 adapters=792
 compilation: enabled
              stopped_count=0, restarted_count=0
 full_count=0

Compilation events (10 events):
Event: 49.326 Thread 0x000001805cfcb000 2642       1       javax.swing.plaf.basic.BasicMenuItemUI::getPropertyPrefix (3 bytes)
Event: 49.326 Thread 0x000001805cfcb000 nmethod 2642 0x000001804e4b7590 code [0x000001804e4b7740, 0x000001804e4b7878]
Event: 49.748 Thread 0x000001805cfc3800 2643       4       java.lang.invoke.StringConcatFactory$Stringifiers$ObjectStringifier::valueOf (20 bytes)
Event: 49.749 Thread 0x000001805cfc3800 nmethod 2643 0x000001804e4b7910 code [0x000001804e4b7aa0, 0x000001804e4b7b18]
Event: 1006.871 Thread 0x000001805cfcb000 2644   !   3       jdk.internal.ref.PhantomCleanable::isListEmpty (34 bytes)
Event: 1006.872 Thread 0x000001805cfcb000 nmethod 2644 0x0000018047411610 code [0x00000180474117e0, 0x0000018047411b78]
Event: 1006.872 Thread 0x000001805cfcb000 2645       3       jdk.internal.misc.InnocuousThread::eraseThreadLocals (23 bytes)
Event: 1006.872 Thread 0x000001805cfcb000 nmethod 2645 0x0000018047411c90 code [0x0000018047411e60, 0x00000180474120b8]
Event: 1355.660 Thread 0x000001805cfcb000 2646   !   3       java.lang.ClassLoader::systemNativeLibraries (46 bytes)
Event: 1355.661 Thread 0x000001805cfcb000 nmethod 2646 0x0000018047412190 code [0x0000018047412380, 0x0000018047412958]

GC Heap History (6 events):
Event: 7.232 GC heap before
{Heap before GC invocations=0 (full 0):
 garbage-first heap   total 129024K, used 17408K [0x0000000082000000, 0x0000000100000000)
  region size 1024K, 14 young (14336K), 0 survivors (0K)
 Metaspace       used 12850K, capacity 13216K, committed 13568K, reserved 1060864K
  class space    used 1554K, capacity 1691K, committed 1792K, reserved 1048576K
}
Event: 7.237 GC heap after
{Heap after GC invocations=1 (full 0):
 garbage-first heap   total 129024K, used 7210K [0x0000000082000000, 0x0000000100000000)
  region size 1024K, 2 young (2048K), 2 survivors (2048K)
 Metaspace       used 12850K, capacity 13216K, committed 13568K, reserved 1060864K
  class space    used 1554K, capacity 1691K, committed 1792K, reserved 1048576K
}
Event: 8.706 GC heap before
{Heap before GC invocations=1 (full 0):
 garbage-first heap   total 129024K, used 11306K [0x0000000082000000, 0x0000000100000000)
  region size 1024K, 7 young (7168K), 2 survivors (2048K)
 Metaspace       used 13073K, capacity 13443K, committed 13568K, reserved 1060864K
  class space    used 1563K, capacity 1724K, committed 1792K, reserved 1048576K
}
Event: 8.710 GC heap after
{Heap after GC invocations=2 (full 0):
 garbage-first heap   total 129024K, used 7814K [0x0000000082000000, 0x0000000100000000)
  region size 1024K, 1 young (1024K), 1 survivors (1024K)
 Metaspace       used 13073K, capacity 13443K, committed 13568K, reserved 1060864K
  class space    used 1563K, capacity 1724K, committed 1792K, reserved 1048576K
}
Event: 46.849 GC heap before
{Heap before GC invocations=2 (full 0):
 garbage-first heap   total 129024K, used 40582K [0x0000000082000000, 0x0000000100000000)
  region size 1024K, 23 young (23552K), 1 survivors (1024K)
 Metaspace       used 14028K, capacity 14388K, committed 14592K, reserved 1062912K
  class space    used 1608K, capacity 1759K, committed 1792K, reserved 1048576K
}
Event: 46.850 GC heap after
{Heap after GC invocations=3 (full 0):
 garbage-first heap   total 129024K, used 15357K [0x0000000082000000, 0x0000000100000000)
  region size 1024K, 1 young (1024K), 1 survivors (1024K)
 Metaspace       used 14028K, capacity 14388K, committed 14592K, reserved 1062912K
  class space    used 1608K, capacity 1759K, committed 1792K, reserved 1048576K
}

Deoptimization events (10 events):
Event: 42.384 Thread 0x000001805df07800 Uncommon trap: reason=class_check action=maybe_recompile pc=0x000001804e464748 method=java.awt.Component.getGraphics()Ljava/awt/Graphics; @ 114 c2
Event: 44.894 Thread 0x000001805df07800 Uncommon trap: reason=class_check action=maybe_recompile pc=0x000001804e464748 method=java.awt.Component.getGraphics()Ljava/awt/Graphics; @ 114 c2
Event: 45.368 Thread 0x000001805df07800 Uncommon trap: reason=class_check action=maybe_recompile pc=0x000001804e464748 method=java.awt.Component.getGraphics()Ljava/awt/Graphics; @ 114 c2
Event: 46.811 Thread 0x000001805df07800 Uncommon trap: reason=unstable_if action=reinterpret pc=0x000001804e492008 method=java.awt.image.DirectColorModel.getAlpha(I)I @ 4 c2
Event: 46.811 Thread 0x000001805df07800 Uncommon trap: reason=unstable_if action=reinterpret pc=0x000001804e492614 method=java.awt.image.DirectColorModel.getAlpha(I)I @ 4 c2
Event: 46.811 Thread 0x000001805df07800 Uncommon trap: reason=unstable_if action=reinterpret pc=0x000001804e496db8 method=java.awt.image.AreaAveragingScaleFilter.calcRow()[I @ 16 c2
Event: 46.818 Thread 0x000001805df07800 Uncommon trap: reason=unstable_if action=reinterpret pc=0x000001804e499d7c method=java.awt.image.DirectColorModel.getAlpha(I)I @ 4 c2
Event: 46.872 Thread 0x000001805df07800 Uncommon trap: reason=unstable_if action=reinterpret pc=0x000001804e4aaf88 method=sun.awt.image.OffScreenImageSource.sendPixels()V @ 663 c2
Event: 46.872 Thread 0x000001805df07800 Uncommon trap: reason=unstable_if action=reinterpret pc=0x000001804e497d04 method=sun.awt.image.ImageRepresentation.getOpaqueRGBImage()Ljava/awt/image/BufferedImage; @ 57 c2
Event: 49.744 Thread 0x000001805df07800 Uncommon trap: reason=unstable_if action=reinterpret pc=0x000001804e484ff0 method=sun.awt.GlobalCursorManager._updateCursor(Z)V @ 37 c2

Classes redefined (0 events):
No events

Internal exceptions (10 events):
Event: 0.834 Thread 0x000001803cd07800 Exception <a 'java/lang/NoSuchMethodError'{0x000000008992f8a8}: java.lang.invoke.DirectMethodHandle$Holder.invokeStatic(Ljava/lang/Object;ILjava/lang/Object;)Ljava/lang/Object;> (0x000000008992f8a8) thrown at [t:/workspace/open/src/hotspot/share/interpret
Event: 0.892 Thread 0x000001803cd07800 Exception <a 'java/lang/ClassNotFoundException'{0x00000000899f12b8}: com/sun/java/swing/plaf/windows/resources/spi/windowsProvider> (0x00000000899f12b8) thrown at [t:/workspace/open/src/hotspot/share/classfile/systemDictionary.cpp, line 235]
Event: 0.906 Thread 0x000001803cd07800 Exception <a 'java/lang/ClassNotFoundException'{0x00000000899f6010}: com/sun/swing/internal/plaf/basic/resources/spi/basicProvider> (0x00000000899f6010) thrown at [t:/workspace/open/src/hotspot/share/classfile/systemDictionary.cpp, line 235]
Event: 1.154 Thread 0x000001805df07800 Implicit null exception at 0x000001804e3bc488 to 0x000001804e3bc51a
Event: 2.556 Thread 0x000001805df07800 Exception <a 'java/lang/NoSuchMethodError'{0x00000000894c3998}: java.lang.invoke.Invokers$Holder.linkToTargetMethod(Ljava/lang/Object;ILjava/lang/Object;)Ljava/lang/Object;> (0x00000000894c3998) thrown at [t:/workspace/open/src/hotspot/share/interpreter/l
Event: 5.933 Thread 0x000001805df07800 Exception <a 'java/lang/NoSuchMethodError'{0x00000000892cb530}: java.lang.invoke.DirectMethodHandle$Holder.invokeStatic(Ljava/lang/Object;ILjava/lang/Object;Ljava/lang/Object;)Ljava/lang/Object;> (0x00000000892cb530) thrown at [t:/workspace/open/src/hotsp
Event: 5.933 Thread 0x000001805df07800 Exception <a 'java/lang/NoSuchMethodError'{0x00000000892cf468}: java.lang.invoke.DirectMethodHandle$Holder.invokeSpecial(Ljava/lang/Object;Ljava/lang/Object;ILjava/lang/Object;Ljava/lang/Object;)Ljava/lang/Object;> (0x00000000892cf468) thrown at [t:/works
Event: 5.934 Thread 0x000001805df07800 Exception <a 'java/lang/NoSuchMethodError'{0x00000000892d2d18}: java.lang.invoke.Invokers$Holder.linkToTargetMethod(ILjava/lang/Object;Ljava/lang/Object;Ljava/lang/Object;)Ljava/lang/Object;> (0x00000000892d2d18) thrown at [t:/workspace/open/src/hotspot/s
Event: 46.811 Thread 0x000001805df07800 Implicit null exception at 0x000001804e496891 to 0x000001804e496d9e
Event: 49.744 Thread 0x000001805df07800 Implicit null exception at 0x000001804e484837 to 0x000001804e484fd2

Events (10 events):
Event: 1355.636 Thread 0x000001805e2a1000 Thread added: 0x000001805e2a1000
Event: 1355.665 Executing VM operation: RevokeBias
Event: 1355.672 Executing VM operation: RevokeBias done
Event: 1355.672 Thread 0x000001805de8a800 Thread exited: 0x000001805de8a800
Event: 1355.674 Thread 0x000001805e29d800 Thread exited: 0x000001805e29d800
Event: 1355.675 Thread 0x000001805e2a1000 Thread exited: 0x000001805e2a1000
Event: 1355.725 Executing VM operation: RevokeBias
Event: 1355.725 Executing VM operation: RevokeBias done
Event: 1355.725 Thread 0x000001805e1f3800 Thread exited: 0x000001805e1f3800
Event: 1355.762 Executing VM operation: Exit


Dynamic libraries:
0x00007ff6727b0000 - 0x00007ff6727bf000 	C:\Program Files\Java\jdk-12.0.2\bin\java.exe
0x00007ffa79f40000 - 0x00007ffa7a130000 	C:\WINDOWS\SYSTEM32\ntdll.dll
0x00007ffa77ff0000 - 0x00007ffa780a2000 	C:\WINDOWS\System32\KERNEL32.DLL
0x00007ffa77d10000 - 0x00007ffa77fb5000 	C:\WINDOWS\System32\KERNELBASE.dll
0x00007ffa772e0000 - 0x00007ffa773da000 	C:\WINDOWS\System32\ucrtbase.dll
0x00007ffa66020000 - 0x00007ffa66036000 	C:\Program Files\Java\jdk-12.0.2\bin\VCRUNTIME140.dll
0x00007ffa66040000 - 0x00007ffa66058000 	C:\Program Files\Java\jdk-12.0.2\bin\jli.dll
0x00007ffa78700000 - 0x00007ffa787a3000 	C:\WINDOWS\System32\ADVAPI32.dll
0x00007ffa780b0000 - 0x00007ffa7814e000 	C:\WINDOWS\System32\msvcrt.dll
0x00007ffa78e80000 - 0x00007ffa78f17000 	C:\WINDOWS\System32\sechost.dll
0x00007ffa79210000 - 0x00007ffa79330000 	C:\WINDOWS\System32\RPCRT4.dll
0x00007ffa78f20000 - 0x00007ffa790b4000 	C:\WINDOWS\System32\USER32.dll
0x00007ffa772b0000 - 0x00007ffa772d1000 	C:\WINDOWS\System32\win32u.dll
0x00007ffa6c0a0000 - 0x00007ffa6c324000 	C:\WINDOWS\WinSxS\amd64_microsoft.windows.common-controls_6595b64144ccf1df_6.0.18362.1256_none_9e7e379be45e40e2\COMCTL32.dll
0x00007ffa79170000 - 0x00007ffa79196000 	C:\WINDOWS\System32\GDI32.dll
0x00007ffa78150000 - 0x00007ffa78486000 	C:\WINDOWS\System32\combase.dll
0x00007ffa773e0000 - 0x00007ffa77576000 	C:\WINDOWS\System32\gdi32full.dll
0x00007ffa77220000 - 0x00007ffa772a1000 	C:\WINDOWS\System32\bcryptPrimitives.dll
0x00007ffa76f80000 - 0x00007ffa7701e000 	C:\WINDOWS\System32\msvcp_win.dll
0x00007ffa6fed0000 - 0x00007ffa6feda000 	C:\WINDOWS\SYSTEM32\VERSION.dll
0x00007ffa78490000 - 0x00007ffa784be000 	C:\WINDOWS\System32\IMM32.DLL
0x00007ffa34be0000 - 0x00007ffa34c8a000 	C:\Program Files\Java\jdk-12.0.2\bin\msvcp140.dll
0x00007ffa0e7f0000 - 0x00007ffa0f367000 	C:\Program Files\Java\jdk-12.0.2\bin\server\jvm.dll
0x00007ffa78d30000 - 0x00007ffa78d38000 	C:\WINDOWS\System32\PSAPI.DLL
0x00007ffa5a4e0000 - 0x00007ffa5a4e9000 	C:\WINDOWS\SYSTEM32\WSOCK32.dll
0x00007ffa791a0000 - 0x00007ffa7920f000 	C:\WINDOWS\System32\WS2_32.dll
0x00007ffa73aa0000 - 0x00007ffa73ac4000 	C:\WINDOWS\SYSTEM32\WINMM.dll
0x00007ffa73a70000 - 0x00007ffa73a9d000 	C:\WINDOWS\SYSTEM32\WINMMBASE.dll
0x00007ffa76f30000 - 0x00007ffa76f7a000 	C:\WINDOWS\System32\cfgmgr32.dll
0x00007ffa76e90000 - 0x00007ffa76ea1000 	C:\WINDOWS\System32\kernel.appcore.dll
0x00007ffa4fa70000 - 0x00007ffa4fa81000 	C:\Program Files\Java\jdk-12.0.2\bin\verify.dll
0x00007ffa57d10000 - 0x00007ffa57f04000 	C:\WINDOWS\SYSTEM32\DBGHELP.DLL
0x00007ffa51a10000 - 0x00007ffa51a3a000 	C:\WINDOWS\SYSTEM32\dbgcore.DLL
0x00007ffa4fa40000 - 0x00007ffa4fa66000 	C:\Program Files\Java\jdk-12.0.2\bin\java.dll
0x00007ffa66dd0000 - 0x00007ffa66dde000 	C:\Program Files\Java\jdk-12.0.2\bin\instrument.dll
0x00007ffa4fa20000 - 0x00007ffa4fa37000 	C:\Program Files\Java\jdk-12.0.2\bin\zip.dll
0x00007ffa66da0000 - 0x00007ffa66daa000 	C:\Program Files\Java\jdk-12.0.2\bin\jimage.dll
0x00007ffa79810000 - 0x00007ffa79ef7000 	C:\WINDOWS\System32\SHELL32.dll
0x00007ffa790c0000 - 0x00007ffa79169000 	C:\WINDOWS\System32\shcore.dll
0x00007ffa77580000 - 0x00007ffa77d01000 	C:\WINDOWS\System32\windows.storage.dll
0x00007ffa76e60000 - 0x00007ffa76e83000 	C:\WINDOWS\System32\profapi.dll
0x00007ffa76e10000 - 0x00007ffa76e5a000 	C:\WINDOWS\System32\powrprof.dll
0x00007ffa76de0000 - 0x00007ffa76df0000 	C:\WINDOWS\System32\UMPDC.dll
0x00007ffa787b0000 - 0x00007ffa78802000 	C:\WINDOWS\System32\shlwapi.dll
0x00007ffa76eb0000 - 0x00007ffa76ec7000 	C:\WINDOWS\System32\cryptsp.dll
0x00007ffa4eed0000 - 0x00007ffa4eee9000 	C:\Program Files\Java\jdk-12.0.2\bin\net.dll
0x00007ffa6e090000 - 0x00007ffa6e180000 	C:\WINDOWS\SYSTEM32\WINHTTP.dll
0x00007ffa639e0000 - 0x00007ffa63bb6000 	C:\WINDOWS\SYSTEM32\urlmon.dll
0x00007ffa6dae0000 - 0x00007ffa6dd87000 	C:\WINDOWS\SYSTEM32\iertutil.dll
0x00007ffa76800000 - 0x00007ffa7680c000 	C:\WINDOWS\SYSTEM32\CRYPTBASE.DLL
0x00007ffa76630000 - 0x00007ffa76697000 	C:\WINDOWS\system32\mswsock.dll
0x00007ffa4ba80000 - 0x00007ffa4ba93000 	C:\Program Files\Java\jdk-12.0.2\bin\nio.dll
0x00007ffa66de0000 - 0x00007ffa66dfa000 	C:\Program Files\JetBrains\IntelliJ IDEA 2019.2\bin\breakgen64.dll
0x00007ffa347d0000 - 0x00007ffa3496f000 	C:\Program Files\Java\jdk-12.0.2\bin\awt.dll
0x00007ffa79630000 - 0x00007ffa796f5000 	C:\WINDOWS\System32\OLEAUT32.dll
0x00007ffa73bc0000 - 0x00007ffa74180000 	C:\WINDOWS\SYSTEM32\d2d1.dll
0x00007ffa753d0000 - 0x00007ffa7545f000 	C:\WINDOWS\SYSTEM32\apphelp.dll
0x00007ffa75590000 - 0x00007ffa75629000 	C:\WINDOWS\system32\uxtheme.dll
0x00007ffa78d40000 - 0x00007ffa78e75000 	C:\WINDOWS\System32\MSCTF.dll
0x00007ffa785a0000 - 0x00007ffa786f7000 	C:\WINDOWS\System32\ole32.dll
0x00007ffa75760000 - 0x00007ffa7578d000 	C:\WINDOWS\system32\DWMAPI.DLL
0x00007ffa44420000 - 0x00007ffa44576000 	C:\WINDOWS\system32\opengl32.dll
0x00007ffa44330000 - 0x00007ffa4435c000 	C:\WINDOWS\SYSTEM32\GLU32.dll
0x00007ffa75a20000 - 0x00007ffa75a40000 	C:\WINDOWS\SYSTEM32\dxcore.dll
0x00007ffa427b0000 - 0x00007ffa42830000 	C:\Program Files\Java\jdk-12.0.2\bin\freetype.dll
0x00007ffa34480000 - 0x00007ffa3452b000 	C:\Program Files\Java\jdk-12.0.2\bin\fontmanager.dll
0x00007ffa6fe20000 - 0x00007ffa6fec9000 	C:\WINDOWS\WinSxS\amd64_microsoft.windows.common-controls_6595b64144ccf1df_5.82.18362.1256_none_73b4ccbed8148ea3\comctl32.dll
0x00007ffa78810000 - 0x00007ffa788b2000 	C:\WINDOWS\System32\clbcatq.dll
0x00007ffa72fe0000 - 0x00007ffa730d0000 	C:\WINDOWS\system32\propsys.dll
0x00007ffa438f0000 - 0x00007ffa43906000 	C:\WINDOWS\system32\NetworkExplorer.dll
0x00007ffa6f8e0000 - 0x00007ffa6fa8f000 	C:\WINDOWS\SYSTEM32\WindowsCodecs.dll
0x00007ffa47690000 - 0x00007ffa476ee000 	C:\Windows\System32\thumbcache.dll
0x00007ffa72490000 - 0x00007ffa72519000 	C:\WINDOWS\SYSTEM32\policymanager.dll
0x00007ffa73910000 - 0x00007ffa7399a000 	C:\WINDOWS\SYSTEM32\msvcp110_win.dll
0x00007ffa5ba40000 - 0x00007ffa5ba5b000 	C:\WINDOWS\SYSTEM32\MPR.dll
0x00007ffa62a80000 - 0x00007ffa62a8b000 	C:\WINDOWS\System32\drprov.dll
0x00007ffa75e90000 - 0x00007ffa75ee6000 	C:\WINDOWS\System32\WINSTA.dll
0x00007ffa384b0000 - 0x00007ffa384c5000 	C:\WINDOWS\System32\ntlanman.dll
0x00007ffa38390000 - 0x00007ffa383ad000 	C:\WINDOWS\System32\davclnt.dll
0x00007ffa62a70000 - 0x00007ffa62a7c000 	C:\WINDOWS\System32\DAVHLPR.dll
0x00007ffa72720000 - 0x00007ffa72737000 	C:\WINDOWS\System32\wkscli.dll
0x00007ffa77fc0000 - 0x00007ffa77fe6000 	C:\WINDOWS\System32\bcrypt.dll
0x00007ffa712f0000 - 0x00007ffa71302000 	C:\WINDOWS\SYSTEM32\cscapi.dll
0x00007ffa76380000 - 0x00007ffa7638c000 	C:\WINDOWS\System32\netutils.dll
0x00007ffa34710000 - 0x00007ffa34763000 	C:\Windows\System32\dlnashext.dll
0x00007ffa42830000 - 0x00007ffa42894000 	C:\Windows\System32\PlayToDevice.dll
0x00007ffa5dec0000 - 0x00007ffa5dee0000 	C:\Windows\System32\DevDispItemProvider.dll
0x00007ffa70bb0000 - 0x00007ffa70c22000 	C:\WINDOWS\System32\MMDevApi.dll
0x00007ffa76bf0000 - 0x00007ffa76c1a000 	C:\WINDOWS\System32\DEVOBJ.dll
0x00007ffa6fc60000 - 0x00007ffa6fe03000 	C:\WINDOWS\WinSxS\amd64_microsoft.windows.gdiplus_6595b64144ccf1df_1.1.18362.1256_none_cf692a813ef0bab0\gdiplus.dll
0x00007ffa73530000 - 0x00007ffa735ce000 	C:\Windows\System32\PortableDeviceApi.dll
0x00007ffa788c0000 - 0x00007ffa78d30000 	C:\WINDOWS\System32\SETUPAPI.dll
0x00007ffa76ed0000 - 0x00007ffa76f2c000 	C:\WINDOWS\System32\WINTRUST.dll
0x00007ffa76df0000 - 0x00007ffa76e02000 	C:\WINDOWS\System32\MSASN1.dll
0x00007ffa77020000 - 0x00007ffa77169000 	C:\WINDOWS\System32\CRYPT32.dll
0x00007ffa43940000 - 0x00007ffa43977000 	C:\Windows\System32\EhStorShell.dll
0x00007ffa65f20000 - 0x00007ffa65f45000 	C:\Windows\System32\EhStorAPI.dll
0x00007ffa738b0000 - 0x00007ffa738c3000 	C:\Windows\System32\WTSAPI32.dll
0x00007ffa45a10000 - 0x00007ffa45a1d000 	C:\WINDOWS\SYSTEM32\LINKINFO.dll
0x00007ffa4a060000 - 0x00007ffa4a0f3000 	C:\Windows\System32\appresolver.dll
0x00007ffa75cc0000 - 0x00007ffa75ce7000 	C:\Windows\System32\SLC.dll
0x00007ffa66b60000 - 0x00007ffa66bbd000 	C:\Windows\System32\Bcp47Langs.dll
0x00007ffa76cc0000 - 0x00007ffa76ce5000 	C:\Windows\System32\USERENV.dll
0x00007ffa75c90000 - 0x00007ffa75cb6000 	C:\Windows\System32\sppc.dll
0x00007ffa58c60000 - 0x00007ffa58c6c000 	C:\WINDOWS\SYSTEM32\Secur32.dll
0x00007ffa76cf0000 - 0x00007ffa76d27000 	C:\WINDOWS\SYSTEM32\SSPICLI.DLL
0x00007ffa676f0000 - 0x00007ffa67708000 	C:\WINDOWS\SYSTEM32\samcli.dll
0x00007ffa73850000 - 0x00007ffa73873000 	C:\WINDOWS\SYSTEM32\SAMLIB.dll
0x00007ffa0f370000 - 0x00007ffa123a3000 	C:\Users\ACER DEMO\OpenCV\opencv\build\java\x64\opencv_java440.dll
0x00007ffa667f0000 - 0x00007ffa6688e000 	C:\WINDOWS\System32\TextInputFramework.dll
0x00007ffa746c0000 - 0x00007ffa74794000 	C:\WINDOWS\System32\CoreMessaging.dll
0x00007ffa71780000 - 0x00007ffa71aaa000 	C:\WINDOWS\System32\CoreUIComponents.dll
0x00007ffa75dc0000 - 0x00007ffa75df1000 	C:\WINDOWS\SYSTEM32\ntmarta.dll
0x00007ffa71ee0000 - 0x00007ffa72033000 	C:\WINDOWS\SYSTEM32\wintypes.dll
0x00007ffa48030000 - 0x00007ffa4806a000 	C:\WINDOWS\system32\dataexchange.dll
0x00007ffa74c00000 - 0x00007ffa74e5b000 	C:\WINDOWS\system32\d3d11.dll
0x00007ffa744e0000 - 0x00007ffa746bd000 	C:\WINDOWS\system32\dcomp.dll
0x00007ffa75ab0000 - 0x00007ffa75b9b000 	C:\WINDOWS\system32\dxgi.dll
0x00007ffa74250000 - 0x00007ffa744b2000 	C:\WINDOWS\system32\twinapi.appcore.dll
0x00007ffa75560000 - 0x00007ffa75589000 	C:\WINDOWS\system32\RMCLIENT.dll
0x00007ffa43b10000 - 0x00007ffa43c81000 	C:\Users\ACER DEMO\AppData\Local\Microsoft\OneDrive\20.201.1005.0009\amd64\FileSyncShell64.dll
0x00007ffa57f70000 - 0x00007ffa58445000 	C:\WINDOWS\SYSTEM32\WININET.dll
0x00007ffa43820000 - 0x00007ffa438ea000 	C:\WINDOWS\System32\cscui.dll
0x00007ffa669f0000 - 0x00007ffa66b02000 	C:\Windows\System32\MrmCoreR.dll
0x00007ffa66b50000 - 0x00007ffa66b60000 	C:\WINDOWS\SYSTEM32\windows.staterepositorycore.dll
0x00007ffa6f170000 - 0x00007ffa6f1a0000 	C:\Windows\System32\bcp47mrm.dll
0x00007ffa47660000 - 0x00007ffa47683000 	C:\WINDOWS\SYSTEM32\edputil.dll
0x00007ffa66590000 - 0x00007ffa666c5000 	C:\Windows\System32\Windows.StateRepositoryPS.dll

dbghelp: loaded successfully - version: 4.0.5 - missing functions: none
symbol engine: initialized successfully - sym options: 0x614 - pdb path: .;C:\Program Files\Java\jdk-12.0.2\bin;C:\WINDOWS\SYSTEM32;C:\WINDOWS\WinSxS\amd64_microsoft.windows.common-controls_6595b64144ccf1df_6.0.18362.1256_none_9e7e379be45e40e2;C:\Program Files\Java\jdk-12.0.2\bin\server;C:\Program Files\JetBrains\IntelliJ IDEA 2019.2\bin;C:\WINDOWS\WinSxS\amd64_microsoft.windows.common-controls_6595b64144ccf1df_5.82.18362.1256_none_73b4ccbed8148ea3;C:\WINDOWS\WinSxS\amd64_microsoft.windows.gdiplus_6595b64144ccf1df_1.1.18362.1256_none_cf692a813ef0bab0;C:\Users\ACER DEMO\OpenCV\opencv\build\java\x64;C:\Users\ACER DEMO\AppData\Local\Microsoft\OneDrive\20.201.1005.0009\amd64;C:\WINDOWS\System32\DriverStore\FileRepository\igdlh64.inf_amd64_ceddadac8a2b489e;C:\Program Files (x86)\Common Files\Intel\OpenCL\bin\x64

VM Arguments:
jvm_args: -Djava.library.path=C:\Users\ACER DEMO\OpenCV\opencv\build\java\x64 -javaagent:C:\Program Files\JetBrains\IntelliJ IDEA 2019.2\lib\idea_rt.jar=52088:C:\Program Files\JetBrains\IntelliJ IDEA 2019.2\bin -Dfile.encoding=UTF-8 
java_command: com.George.Main
java_class_path (initial): C:\Users\ACER DEMO\Desktop\Faculta\Java\GitHub Respository\myWork\6.FaceDetectionApplication\out\production\6.FaceDetectionApplication;C:\Users\ACER DEMO\OpenCV\opencv\build\java\opencv-440.jar
Launcher Type: SUN_STANDARD

[Global flags]
     intx CICompilerCount                          = 3                                         {product} {ergonomic}
     uint ConcGCThreads                            = 1                                         {product} {ergonomic}
     uint G1ConcRefinementThreads                  = 4                                         {product} {ergonomic}
   size_t G1HeapRegionSize                         = 1048576                                   {product} {ergonomic}
    uintx GCDrainStackTargetSize                   = 64                                        {product} {ergonomic}
   size_t InitialHeapSize                          = 132120576                                 {product} {ergonomic}
   size_t MarkStackSize                            = 4194304                                   {product} {ergonomic}
   size_t MaxHeapSize                              = 2113929216                                {product} {ergonomic}
   size_t MaxNewSize                               = 1267728384                                {product} {ergonomic}
   size_t MinHeapDeltaBytes                        = 1048576                                   {product} {ergonomic}
    uintx NonNMethodCodeHeapSize                   = 5830732                                {pd product} {ergonomic}
    uintx NonProfiledCodeHeapSize                  = 122913754                              {pd product} {ergonomic}
    uintx ProfiledCodeHeapSize                     = 122913754                              {pd product} {ergonomic}
    uintx ReservedCodeCacheSize                    = 251658240                              {pd product} {ergonomic}
     bool SegmentedCodeCache                       = true                                      {product} {ergonomic}
     bool UseCompressedClassPointers               = true                                 {lp64_product} {ergonomic}
     bool UseCompressedOops                        = true                                 {lp64_product} {ergonomic}
     bool UseG1GC                                  = true                                      {product} {ergonomic}
     bool UseLargePagesIndividualAllocation        = false                                  {pd product} {ergonomic}

Logging:
Log output configuration:
 #0: stdout all=warning uptime,level,tags
 #1: stderr all=off uptime,level,tags

Environment Variables:
JAVA_HOME=C:\Program Files\JetBrains\IntelliJ IDEA 2019.2\jbr
PATH=C:\Program Files\JetBrains\IntelliJ IDEA 2019.2\jbr\\bin;C:\Program Files\JetBrains\IntelliJ IDEA 2019.2\jbr\\bin\server;C:\Program Files\Java\jdk-12.0.2\bin;C:\Program Files\dotnet\;C:\Program Files\Microsoft SQL Server\130\Tools\Binn\;C:\Program Files\Microsoft SQL Server\Client SDK\ODBC\130\Tools\Binn\;C:\Program Files (x86)\Microsoft SQL Server\140\Tools\Binn\;C:\Program Files\Microsoft SQL Server\140\Tools\Binn\;C:\Program Files\Microsoft SQL Server\140\DTS\Binn\;C:\Program Files (x86)\Microsoft SQL Server\150\DTS\Binn\;C:\Program Files\Azure Data Studio\bin;C:\Ruby27-x64\bin;C:\Users\ACER DEMO\AppData\Local\Microsoft\WindowsApps;C:\Users\ACER DEMO\AppData\Local\GitHubDesktop\bin;C:\Users\ACER DEMO\AppData\Local\Microsoft\WindowsApps;C:\Users\ACER DEMO\AppData\Local\Android\Sdk\platform-tools;"C:\Program Files\Java\jdk-12.0.2\bin;C:\Users\ACER DEMO\OpenCV\opencv\build\x64\vc15\x64\vc15\bin";C:\Program Files\JetBrains\IntelliJ IDEA 2019.2\bin;;C:\Users\ACER DEMO\Desktop\Faculta\SQLite3\sqlite-tools-win32-x86-3330000;C:\Users\ACER DEMO\AppData\Local\Programs\Microsoft VS Code\bin;C:\Program Files\Azure Data Studio\bin
USERNAME=ACER DEMO
OS=Windows_NT
PROCESSOR_IDENTIFIER=Intel64 Family 6 Model 142 Stepping 9, GenuineIntel



---------------  S Y S T E M  ---------------

OS: Windows 10 , 64 bit Build 18362 (10.0.18362.1110)

CPU:total 4 (initial active 4) (2 cores per cpu, 2 threads per core) family 6 model 142 stepping 9, cmov, cx8, fxsr, mmx, sse, sse2, sse3, ssse3, sse4.1, sse4.2, popcnt, avx, avx2, aes, clmul, erms, 3dnowpref, lzcnt, ht, tsc, tscinvbit, bmi1, bmi2, adx, fma

Memory: 4k page, system-wide physical 8060M (1856M free)
TotalPageFile size 11681M (AvailPageFile size 2364M)
current process WorkingSet (physical memory assigned to process): 151M, peak: 172M
current process commit charge ("private bytes"): 246M, peak: 267M

vm_info: Java HotSpot(TM) 64-Bit Server VM (12.0.2+10) for windows-amd64 JRE (12.0.2+10), built on Jul 16 2019 01:56:17 by "mach5one" with MS VC++ 15.5 (VS2017)

END.
