#
# A fatal error has been detected by the Java Runtime Environment:
#
#  EXCEPTION_ACCESS_VIOLATION (0xc0000005) at pc=0x00007ffa1bb145b0, pid=104, tid=12748
#
# JRE version: Java(TM) SE Runtime Environment (12.0.2+10) (build 12.0.2+10)
# Java VM: Java HotSpot(TM) 64-Bit Server VM (12.0.2+10, mixed mode, sharing, tiered, compressed oops, g1 gc, windows-amd64)
# Problematic frame:
# C  0x00007ffa1bb145b0
#
# No core dump will be written. Minidumps are not enabled by default on client versions of Windows
#
# If you would like to submit a bug report, please visit:
#   http://bugreport.java.com/bugreport/crash.jsp
#

---------------  S U M M A R Y ------------

Command Line: -Djava.library.path=C:\Users\ACER DEMO\OpenCV\opencv\build\java\x64 -javaagent:C:\Program Files\JetBrains\IntelliJ IDEA 2019.2\lib\idea_rt.jar=50359:C:\Program Files\JetBrains\IntelliJ IDEA 2019.2\bin -Dfile.encoding=UTF-8 com.George.Main

Host: Intel(R) Core(TM) i7-7500U CPU @ 2.70GHz, 4 cores, 7G,  Windows 10 , 64 bit Build 18362 (10.0.18362.1110)
Time: Thu Dec 31 14:33:29 2020 GTB Standard Time elapsed time: 213 seconds (0d 0h 3m 33s)

---------------  T H R E A D  ---------------

Current thread (0x000001bdc4c69000):  VMThread "VM Thread" [stack: 0x0000008814900000,0x0000008814a00000] [id=12748]

Stack: [0x0000008814900000,0x0000008814a00000],  sp=0x00000088149fe730,  free space=1017k
Native frames: (J=compiled Java code, j=interpreted, Vv=VM code, C=native code)
C  0x00007ffa1bb145b0


siginfo: EXCEPTION_ACCESS_VIOLATION (0xc0000005), reading address 0x0000000000000000


Register to memory mapping:

RIP=0x00007ffa1bb145b0 points into unknown readable memory: 48 8b 06 48 8b 58 18 48
RAX=0x000001bdc6813b10 points into unknown readable memory: d0 16 44 c7 bd 01 00 00
RBX=0x00007ffa1bb14590 points into unknown readable memory: 48 89 5c 24 08 48 89 74
RCX=0x000001bdc6516ce0 points into unknown readable memory: 30 e9 cf 1b fa 7f 00 00
RDX=0x0 is NULL
RSP=0x00000088149fe730 points into unknown readable memory: d8 00 f4 79 fa 7f 00 00
RBP=0x0 is NULL
RSI=0x0 is NULL
RDI=0x000001bdc6516ce0 points into unknown readable memory: 30 e9 cf 1b fa 7f 00 00
R8 =0x000000000000003d is an unknown value
R9 =0x000000000000003d is an unknown value
R10=0x000000000000003b is an unknown value
R11=0x00000088149fe770 points into unknown readable memory: 00 00 00 00 00 00 00 00
R12=0x00007ffa7a0a6120 ntdll.dll
R13=0x00007ffa7a0a6168 ntdll.dll
R14=0x00007ffa09896200 opencv_java440.dll
R15=0x00007ffa07f72370 opencv_java440.dll


Registers:
RAX=0x000001bdc6813b10, RBX=0x00007ffa1bb14590, RCX=0x000001bdc6516ce0, RDX=0x0000000000000000
RSP=0x00000088149fe730, RBP=0x0000000000000000, RSI=0x0000000000000000, RDI=0x000001bdc6516ce0
R8 =0x000000000000003d, R9 =0x000000000000003d, R10=0x000000000000003b, R11=0x00000088149fe770
R12=0x00007ffa7a0a6120, R13=0x00007ffa7a0a6168, R14=0x00007ffa09896200, R15=0x00007ffa07f72370
RIP=0x00007ffa1bb145b0, EFLAGS=0x0000000000010206

Top of Stack: (sp=0x00000088149fe730)
0x00000088149fe730:   00007ffa79f400d8 00000000d10801d8
0x00000088149fe740:   00007ffa07f72370 0000000000000001
0x00000088149fe750:   000001bdc6516ce0 00007ffa1ba9917e
0x00000088149fe760:   00007ffa1bb14590 000001bdc69f0140
0x00000088149fe770:   0000000000000000 00007ffa4b9e2b4f
0x00000088149fe780:   fffffffffffffffe 000001bd00000000
0x00000088149fe790:   0000b9cad0216418 0000000000000000
0x00000088149fe7a0:   0000000000000001 00007ffa0809131e
0x00000088149fe7b0:   000001bdc6a1cc00 000001bdc6a1cc00
0x00000088149fe7c0:   000001bda4a90000 00007ffa08c3b93f
0x00000088149fe7d0:   00007ffa09898900 00007ffa0878f69f
0x00000088149fe7e0:   0000000000000000 000001bdc6a1cc00
0x00000088149fe7f0:   0000000000000000 00007ffa08c3bda7
0x00000088149fe800:   00007ffa00000000 00007ffa080b19f5
0x00000088149fe810:   0000f20b2dd71a70 0000000000000000
0x00000088149fe820:   0000000000000001 00007ffa08091600 

Instructions: (pc=0x00007ffa1bb145b0)
0x00007ffa1bb144b0:   44 24 28 48 8d 45 68 48 89 44 24 20 41 b8 02 00
0x00007ffa1bb144c0:   00 00 48 8d 95 00 08 00 00 48 8b cf e8 1f 52 fe
0x00007ffa1bb144d0:   ff 49 8b cf e8 27 65 fb ff 48 8b 8f f0 00 00 00
0x00007ffa1bb144e0:   48 83 b9 48 01 00 00 00 74 1d 49 8d 46 10 48 89
0x00007ffa1bb144f0:   44 24 40 4c 8d 4c 24 40 ba 04 00 00 00 44 8d 42
0x00007ffa1bb14500:   11 e8 2a 9a ff ff 90 48 8d 05 ca 08 1e 00 48 89
0x00007ffa1bb14510:   45 20 48 8b 7d 30 48 8b 07 48 8b 58 10 48 8b cb
0x00007ffa1bb14520:   ff 15 5a 30 1c 00 48 8d 54 24 40 48 8b cf ff d3
0x00007ffa1bb14530:   90 48 8b 7c 24 48 48 85 ff 74 14 48 8b 5c 24 40
0x00007ffa1bb14540:   48 8b cb ff 15 37 30 1c 00 48 8b cf ff d3 90 48
0x00007ffa1bb14550:   89 75 30 48 8d 4d 68 e8 64 9e ff ff 33 c0 48 8b
0x00007ffa1bb14560:   8d 10 08 00 00 48 33 cc e8 b3 16 17 00 48 81 c4
0x00007ffa1bb14570:   28 09 00 00 41 5f 41 5e 41 5d 41 5c 5f 5e 5b 5d
0x00007ffa1bb14580:   c3 e8 ea f1 f8 ff 90 cc cc cc cc cc cc cc cc cc
0x00007ffa1bb14590:   48 89 5c 24 08 48 89 74 24 10 57 48 83 ec 20 48
0x00007ffa1bb145a0:   8b 81 f8 00 00 00 48 8b f9 48 8b b0 f0 03 00 00
0x00007ffa1bb145b0:   48 8b 06 48 8b 58 18 48 8b cb ff 15 c0 2f 1c 00
0x00007ffa1bb145c0:   48 8b ce ff d3 48 8b cf e8 a3 1d fc ff 84 c0 75
0x00007ffa1bb145d0:   f4 48 8b 8f d8 00 00 00 8b 9f d0 00 00 00 e8 9d
0x00007ffa1bb145e0:   68 0d 00 45 33 c9 4c 8b c0 8b d3 48 8b cf e8 9d
0x00007ffa1bb145f0:   20 fc ff 45 33 c0 8b d3 48 8b ce e8 80 fd 0b 00
0x00007ffa1bb14600:   48 8b 5c 24 30 33 c0 48 8b 74 24 38 48 83 c4 20
0x00007ffa1bb14610:   5f c3 cc cc cc cc cc cc cc cc cc cc cc cc cc cc
0x00007ffa1bb14620:   48 89 5c 24 08 57 48 83 ec 20 48 8b 81 f8 00 00
0x00007ffa1bb14630:   00 48 8b b8 f0 03 00 00 48 8b 07 48 8b 58 18 48
0x00007ffa1bb14640:   8b cb ff 15 38 2f 1c 00 48 8b cf ff d3 48 8b 5c
0x00007ffa1bb14650:   24 30 33 c0 48 83 c4 20 5f c3 cc cc cc cc cc cc
0x00007ffa1bb14660:   48 89 5c 24 10 48 89 74 24 18 48 89 7c 24 20 55
0x00007ffa1bb14670:   41 54 41 55 41 56 41 57 48 8d 6c 24 e0 48 81 ec
0x00007ffa1bb14680:   20 01 00 00 48 8b f2 4c 8b e9 e8 91 51 fb ff 49
0x00007ffa1bb14690:   8b 95 f0 00 00 00 48 8b c8 e8 72 5d fb ff 33 d2
0x00007ffa1bb146a0:   48 8d 4c 24 50 41 b8 d0 00 00 00 4c 8b f8 e8 bd 


Stack slot to memory mapping:
stack at sp + 0 slots: 0x00007ffa79f400d8 ntdll.dll
stack at sp + 1 slots: 
[error occurred during error reporting (inspecting top of stack), id 0xc0000005, EXCEPTION_ACCESS_VIOLATION (0xc0000005) at pc=0x00007ffa09dc98df]

VM_Operation (0x00000088158fe390): Exit, mode: safepoint, requested by thread 0x000001bdc659e000


---------------  P R O C E S S  ---------------

Threads class SMR info:
_java_thread_list=0x000001bdc67e5210, length=14, elements={
0x000001bdc4c6d800, 0x000001bdc4c6e800, 0x000001bdc4c84800, 0x000001bdc4c86800,
0x000001bdc4c94800, 0x000001bdc55f0800, 0x000001bdc56be000, 0x000001bdc573e800,
0x000001bdc5747000, 0x000001bdc59ad000, 0x000001bdc59b2000, 0x000001bdc659e000,
0x000001bda68d7800, 0x000001bdc4ccb000
}

Java Threads: ( => current thread )
  0x000001bdc4c6d800 JavaThread "Reference Handler" daemon [_thread_blocked, id=5180, stack(0x0000008814a00000,0x0000008814b00000)]
  0x000001bdc4c6e800 JavaThread "Finalizer" daemon [_thread_blocked, id=10236, stack(0x0000008814b00000,0x0000008814c00000)]
  0x000001bdc4c84800 JavaThread "Attach Listener" daemon [_thread_blocked, id=1536, stack(0x0000008814d00000,0x0000008814e00000)]
  0x000001bdc4c86800 JavaThread "C2 CompilerThread0" daemon [_thread_blocked, id=13680, stack(0x0000008814e00000,0x0000008814f00000)]
  0x000001bdc4c94800 JavaThread "C1 CompilerThread0" daemon [_thread_blocked, id=13752, stack(0x0000008814f00000,0x0000008815000000)]
  0x000001bdc55f0800 JavaThread "Sweeper thread" daemon [_thread_blocked, id=3516, stack(0x0000008815000000,0x0000008815100000)]
  0x000001bdc56be000 JavaThread "Common-Cleaner" daemon [_thread_blocked, id=8252, stack(0x0000008815100000,0x0000008815200000)]
  0x000001bdc573e800 JavaThread "Monitor Ctrl-Break" daemon [_thread_in_native, id=13872, stack(0x0000008815200000,0x0000008815300000)]
  0x000001bdc5747000 JavaThread "Service Thread" daemon [_thread_blocked, id=13056, stack(0x0000008815300000,0x0000008815400000)]
  0x000001bdc59ad000 JavaThread "Java2D Disposer" daemon [_thread_blocked, id=8844, stack(0x0000008815500000,0x0000008815600000)]
  0x000001bdc59b2000 JavaThread "AWT-Shutdown" [_thread_blocked, id=13784, stack(0x0000008815600000,0x0000008815700000)]
  0x000001bdc659e000 JavaThread "AWT-EventQueue-0" [_thread_blocked, id=4068, stack(0x0000008815800000,0x0000008815900000)]
  0x000001bda68d7800 JavaThread "DestroyJavaVM" [_thread_blocked, id=11232, stack(0x0000008814200000,0x0000008814300000)]
  0x000001bdc4ccb000 JavaThread "Thread-0" [_thread_blocked, id=7828, stack(0x0000008816200000,0x0000008816300000)]

Other Threads:
=>0x000001bdc4c69000 VMThread "VM Thread" [stack: 0x0000008814900000,0x0000008814a00000] [id=12748]
  0x000001bda6917800 GCTaskThread "GC Thread#0" [stack: 0x0000008814400000,0x0000008814500000] [id=14076]
  0x000001bdc75e5800 GCTaskThread "GC Thread#1" [stack: 0x0000008816c00000,0x0000008816d00000] [id=9872]
  0x000001bdc5677800 GCTaskThread "GC Thread#2" [stack: 0x0000008816d00000,0x0000008816e00000] [id=12356]
  0x000001bdc58e0800 GCTaskThread "GC Thread#3" [stack: 0x0000008816e00000,0x0000008816f00000] [id=2300]
  0x000001bda6926000 ConcurrentGCThread "G1 Main Marker" [stack: 0x0000008814500000,0x0000008814600000] [id=11504]
  0x000001bda6928800 ConcurrentGCThread "G1 Conc#0" [stack: 0x0000008814600000,0x0000008814700000] [id=5776]
  0x000001bdc4af0800 ConcurrentGCThread "G1 Refine#0" [stack: 0x0000008814700000,0x0000008814800000] [id=3756]
  0x000001bdc4af1000 ConcurrentGCThread "G1 Young RemSet Sampling" [stack: 0x0000008814800000,0x0000008814900000] [id=1296]

Threads with active compile tasks:

VM state:at safepoint (shutting down)

VM Mutex/Monitor currently owned by a thread:  ([mutex/lock_event])
[0x000001bda68d4bf0] Threads_lock - owner thread: 0x000001bdc4c69000

Heap address: 0x0000000082000000, size: 2016 MB, Compressed Oops mode: 32-bit
Narrow klass base: 0x0000000800000000, Narrow klass shift: 3
Compressed class space size: 1073741824 Address: 0x0000000801190000

Heap:
 garbage-first heap   total 55296K, used 18006K [0x0000000082000000, 0x0000000100000000)
  region size 1024K, 3 young (3072K), 1 survivors (1024K)
 Metaspace       used 12728K, capacity 13046K, committed 13184K, reserved 1060864K
  class space    used 1515K, capacity 1658K, committed 1664K, reserved 1048576K
Heap Regions: E=young(eden), S=young(survivor), O=old, HS=humongous(starts), HC=humongous(continues), CS=collection set, F=free, A=archive, TAMS=top-at-mark-start (previous, next)
|   0|0x0000000082000000, 0x0000000082100000, 0x0000000082100000|100%|HS|  |TAMS 0x0000000082100000, 0x0000000082000000| Complete 
|   1|0x0000000082100000, 0x0000000082200000, 0x0000000082200000|100%|HC|  |TAMS 0x0000000082200000, 0x0000000082100000| Complete 
|   2|0x0000000082200000, 0x0000000082300000, 0x0000000082300000|100%|HC|  |TAMS 0x0000000082300000, 0x0000000082200000| Complete 
|   3|0x0000000082300000, 0x0000000082400000, 0x0000000082400000|100%|HS|  |TAMS 0x0000000082400000, 0x0000000082300000| Complete 
|   4|0x0000000082400000, 0x0000000082500000, 0x0000000082500000|100%|HS|  |TAMS 0x0000000082400000, 0x0000000082400000| Complete 
|   5|0x0000000082500000, 0x0000000082600000, 0x0000000082600000|100%|HS|  |TAMS 0x0000000082500000, 0x0000000082500000| Complete 
|   6|0x0000000082600000, 0x0000000082700000, 0x0000000082700000|100%|HS|  |TAMS 0x0000000082700000, 0x0000000082600000| Complete 
|   7|0x0000000082700000, 0x0000000082800000, 0x0000000082800000|100%|HS|  |TAMS 0x0000000082700000, 0x0000000082700000| Complete 
|   8|0x0000000082800000, 0x0000000082900000, 0x0000000082900000|100%|HS|  |TAMS 0x0000000082800000, 0x0000000082800000| Complete 
|   9|0x0000000082900000, 0x0000000082a00000, 0x0000000082a00000|100%|HS|  |TAMS 0x0000000082a00000, 0x0000000082900000| Complete 
|  10|0x0000000082a00000, 0x0000000082a00000, 0x0000000082b00000|  0%| F|  |TAMS 0x0000000082a00000, 0x0000000082a00000| Untracked 
|  11|0x0000000082b00000, 0x0000000082b00000, 0x0000000082c00000|  0%| F|  |TAMS 0x0000000082b00000, 0x0000000082b00000| Untracked 
|  12|0x0000000082c00000, 0x0000000082d00000, 0x0000000082d00000|100%|HS|  |TAMS 0x0000000082d00000, 0x0000000082c00000| Complete 
|  13|0x0000000082d00000, 0x0000000082d00000, 0x0000000082e00000|  0%| F|  |TAMS 0x0000000082d00000, 0x0000000082d00000| Untracked 
|  14|0x0000000082e00000, 0x0000000082e00000, 0x0000000082f00000|  0%| F|  |TAMS 0x0000000082e00000, 0x0000000082e00000| Untracked 
|  15|0x0000000082f00000, 0x0000000083000000, 0x0000000083000000|100%|HS|  |TAMS 0x0000000083000000, 0x0000000082f00000| Complete 
|  16|0x0000000083000000, 0x0000000083100000, 0x0000000083100000|100%|HS|  |TAMS 0x0000000083100000, 0x0000000083000000| Complete 
|  17|0x0000000083100000, 0x0000000083200000, 0x0000000083200000|100%| O|  |TAMS 0x0000000083200000, 0x0000000083100000| Untracked 
|  18|0x0000000083200000, 0x0000000083300000, 0x0000000083300000|100%| O|  |TAMS 0x0000000083300000, 0x0000000083200000| Untracked 
|  19|0x0000000083300000, 0x0000000083300000, 0x0000000083400000|  0%| F|  |TAMS 0x0000000083300000, 0x0000000083300000| Untracked 
|  20|0x0000000083400000, 0x0000000083400000, 0x0000000083500000|  0%| F|  |TAMS 0x0000000083400000, 0x0000000083400000| Untracked 
|  21|0x0000000083500000, 0x0000000083523200, 0x0000000083600000| 13%| O|  |TAMS 0x0000000083523200, 0x0000000083500000| Untracked 
|  22|0x0000000083600000, 0x000000008360b800, 0x0000000083700000|  4%| O|  |TAMS 0x000000008360b800, 0x0000000083600000| Untracked 
|  23|0x0000000083700000, 0x0000000083700000, 0x0000000083800000|  0%| F|  |TAMS 0x0000000083700000, 0x0000000083700000| Untracked 
|  24|0x0000000083800000, 0x0000000083800000, 0x0000000083900000|  0%| F|  |TAMS 0x0000000083800000, 0x0000000083800000| Untracked 
|  25|0x0000000083900000, 0x0000000083900000, 0x0000000083a00000|  0%| F|  |TAMS 0x0000000083900000, 0x0000000083900000| Untracked 
|  26|0x0000000083a00000, 0x0000000083a00000, 0x0000000083b00000|  0%| F|  |TAMS 0x0000000083a00000, 0x0000000083a00000| Untracked 
|  27|0x0000000083b00000, 0x0000000083b00000, 0x0000000083c00000|  0%| F|  |TAMS 0x0000000083b00000, 0x0000000083b00000| Untracked 
|  28|0x0000000083c00000, 0x0000000083c00000, 0x0000000083d00000|  0%| F|  |TAMS 0x0000000083c00000, 0x0000000083c00000| Untracked 
|  29|0x0000000083d00000, 0x0000000083d00000, 0x0000000083e00000|  0%| F|  |TAMS 0x0000000083d00000, 0x0000000083d00000| Untracked 
|  30|0x0000000083e00000, 0x0000000083e00000, 0x0000000083f00000|  0%| F|  |TAMS 0x0000000083e00000, 0x0000000083e00000| Untracked 
|  31|0x0000000083f00000, 0x0000000083f00000, 0x0000000084000000|  0%| F|  |TAMS 0x0000000083f00000, 0x0000000083f00000| Untracked 
|  32|0x0000000084000000, 0x0000000084000000, 0x0000000084100000|  0%| F|  |TAMS 0x0000000084000000, 0x0000000084000000| Untracked 
|  33|0x0000000084100000, 0x0000000084100000, 0x0000000084200000|  0%| F|  |TAMS 0x0000000084100000, 0x0000000084100000| Untracked 
|  34|0x0000000084200000, 0x0000000084200000, 0x0000000084300000|  0%| F|  |TAMS 0x0000000084200000, 0x0000000084200000| Untracked 
|  35|0x0000000084300000, 0x0000000084300000, 0x0000000084400000|  0%| F|  |TAMS 0x0000000084300000, 0x0000000084300000| Untracked 
|  36|0x0000000084400000, 0x0000000084400000, 0x0000000084500000|  0%| F|  |TAMS 0x0000000084400000, 0x0000000084400000| Untracked 
|  37|0x0000000084500000, 0x0000000084500000, 0x0000000084600000|  0%| F|  |TAMS 0x0000000084500000, 0x0000000084500000| Untracked 
|  38|0x0000000084600000, 0x0000000084600000, 0x0000000084700000|  0%| F|  |TAMS 0x0000000084600000, 0x0000000084600000| Untracked 
|  39|0x0000000084700000, 0x0000000084700000, 0x0000000084800000|  0%| F|  |TAMS 0x0000000084700000, 0x0000000084700000| Untracked 
|  40|0x0000000084800000, 0x0000000084800000, 0x0000000084900000|  0%| F|  |TAMS 0x0000000084800000, 0x0000000084800000| Untracked 
|  41|0x0000000084900000, 0x0000000084900000, 0x0000000084a00000|  0%| F|  |TAMS 0x0000000084900000, 0x0000000084900000| Untracked 
|  42|0x0000000084a00000, 0x0000000084a00000, 0x0000000084b00000|  0%| F|  |TAMS 0x0000000084a00000, 0x0000000084a00000| Untracked 
|  43|0x0000000084b00000, 0x0000000084b00000, 0x0000000084c00000|  0%| F|  |TAMS 0x0000000084b00000, 0x0000000084b00000| Untracked 
|  44|0x0000000084c00000, 0x0000000084c00000, 0x0000000084d00000|  0%| F|  |TAMS 0x0000000084c00000, 0x0000000084c00000| Untracked 
|  46|0x0000000084e00000, 0x0000000084e00000, 0x0000000084f00000|  0%| F|  |TAMS 0x0000000084e00000, 0x0000000084e00000| Untracked 
|  54|0x0000000085600000, 0x0000000085600000, 0x0000000085700000|  0%| F|  |TAMS 0x0000000085600000, 0x0000000085600000| Untracked 
|  55|0x0000000085700000, 0x0000000085700000, 0x0000000085800000|  0%| F|  |TAMS 0x0000000085700000, 0x0000000085700000| Untracked 
|  56|0x0000000085800000, 0x0000000085900000, 0x0000000085900000|100%| O|  |TAMS 0x0000000085900000, 0x0000000085800000| Untracked 
|  57|0x0000000085900000, 0x0000000085965800, 0x0000000085a00000| 39%| O|  |TAMS 0x0000000085965800, 0x0000000085900000| Untracked 
| 112|0x0000000089000000, 0x0000000089000000, 0x0000000089100000|  0%| F|  |TAMS 0x0000000089000000, 0x0000000089000000| Untracked 
| 113|0x0000000089100000, 0x0000000089101830, 0x0000000089200000|  0%| S|CS|TAMS 0x0000000089100000, 0x0000000089100000| Complete 
| 124|0x0000000089c00000, 0x0000000089cd6a30, 0x0000000089d00000| 83%| E|  |TAMS 0x0000000089c00000, 0x0000000089c00000| Complete 
| 125|0x0000000089d00000, 0x0000000089e00000, 0x0000000089e00000|100%| E|CS|TAMS 0x0000000089d00000, 0x0000000089d00000| Complete 

Card table byte_map: [0x000001bdbe0d0000,0x000001bdbe4c0000] _byte_map_base: 0x000001bdbdcc0000

Marking Bits (Prev, Next): (CMBitMap*) 0x000001bda6919438, (CMBitMap*) 0x000001bda6919478
 Prev Bits: [0x000001bdbe8b0000, 0x000001bdc0830000)
 Next Bits: [0x000001bdc0830000, 0x000001bdc27b0000)

Polling page: 0x000001bda4a60000

Metaspace:

Usage:
  Non-class:     11.12 MB capacity,    10.95 MB ( 98%) used,   142.77 KB (  1%) free+waste,    31.88 KB ( <1%) overhead. 
      Class:      1.62 MB capacity,     1.48 MB ( 91%) used,   125.72 KB (  8%) free+waste,    17.25 KB (  1%) overhead. 
       Both:     12.74 MB capacity,    12.43 MB ( 98%) used,   268.49 KB (  2%) free+waste,    49.13 KB ( <1%) overhead. 

Virtual space:
  Non-class space:       12.00 MB reserved,      11.25 MB ( 94%) committed 
      Class space:        1.00 GB reserved,       1.63 MB ( <1%) committed 
             Both:        1.01 GB reserved,      12.88 MB (  1%) committed 

Chunk freelists:
   Non-Class:  512 bytes
       Class:  768 bytes
        Both:  1.25 KB

CodeHeap 'non-profiled nmethods': size=120064Kb used=629Kb max_used=629Kb free=119434Kb
 bounds [0x000001bdb67a0000, 0x000001bdb6a10000, 0x000001bdbdce0000]
CodeHeap 'profiled nmethods': size=120000Kb used=3574Kb max_used=3693Kb free=116425Kb
 bounds [0x000001bdaf270000, 0x000001bdaf620000, 0x000001bdb67a0000]
CodeHeap 'non-nmethods': size=5696Kb used=1400Kb max_used=1445Kb free=4295Kb
 bounds [0x000001bdaece0000, 0x000001bdaef50000, 0x000001bdaf270000]
 total_blobs=3050 nmethods=1687 adapters=773
 compilation: enabled
              stopped_count=0, restarted_count=0
 full_count=0

Compilation events (10 events):
Event: 203.447 Thread 0x000001bdc4c86800 1856       4       java.awt.geom.AffineTransform::transform (635 bytes)
Event: 203.457 Thread 0x000001bdc4c86800 nmethod 1856 0x000001bdb683bf90 code [0x000001bdb683c140, 0x000001bdb683c778]
Event: 207.018 Thread 0x000001bdc4c86800 1857       4       java.util.AbstractCollection::isEmpty (13 bytes)
Event: 207.019 Thread 0x000001bdc4c86800 nmethod 1857 0x000001bdb683ca10 code [0x000001bdb683cba0, 0x000001bdb683cc38]
Event: 209.798 Thread 0x000001bdc4c86800 1858       4       java.lang.Thread::isInterrupted (6 bytes)
Event: 209.799 Thread 0x000001bdc4c86800 nmethod 1858 0x000001bdb683cd10 code [0x000001bdb683cec0, 0x000001bdb683cf88]
Event: 210.170 Thread 0x000001bdc4c86800 1859       4       java.awt.geom.AffineTransform::setToScale (66 bytes)
Event: 210.171 Thread 0x000001bdc4c86800 nmethod 1859 0x000001bdb683d010 code [0x000001bdb683d1e0, 0x000001bdb683d2d8]
Event: 210.869 Thread 0x000001bdc4c86800 1860       4       java.awt.Component::isShowing (38 bytes)
Event: 210.870 Thread 0x000001bdc4c86800 nmethod 1860 0x000001bdb683d390 code [0x000001bdb683d540, 0x000001bdb683d638]

GC Heap History (10 events):
Event: 210.168 GC heap before
{Heap before GC invocations=742 (full 0):
 garbage-first heap   total 55296K, used 22102K [0x0000000082000000, 0x0000000100000000)
  region size 1024K, 2 young (2048K), 1 survivors (1024K)
 Metaspace       used 12723K, capacity 13043K, committed 13184K, reserved 1060864K
  class space    used 1514K, capacity 1657K, committed 1664K, reserved 1048576K
}
Event: 210.169 GC heap after
{Heap after GC invocations=743 (full 0):
 garbage-first heap   total 55296K, used 12886K [0x0000000082000000, 0x0000000100000000)
  region size 1024K, 1 young (1024K), 1 survivors (1024K)
 Metaspace       used 12723K, capacity 13043K, committed 13184K, reserved 1060864K
  class space    used 1514K, capacity 1657K, committed 1664K, reserved 1048576K
}
Event: 210.634 GC heap before
{Heap before GC invocations=744 (full 0):
 garbage-first heap   total 55296K, used 22102K [0x0000000082000000, 0x0000000100000000)
  region size 1024K, 2 young (2048K), 1 survivors (1024K)
 Metaspace       used 12723K, capacity 13043K, committed 13184K, reserved 1060864K
  class space    used 1514K, capacity 1657K, committed 1664K, reserved 1048576K
}
Event: 210.635 GC heap after
{Heap after GC invocations=745 (full 0):
 garbage-first heap   total 55296K, used 12886K [0x0000000082000000, 0x0000000100000000)
  region size 1024K, 1 young (1024K), 1 survivors (1024K)
 Metaspace       used 12723K, capacity 13043K, committed 13184K, reserved 1060864K
  class space    used 1514K, capacity 1657K, committed 1664K, reserved 1048576K
}
Event: 211.233 GC heap before
{Heap before GC invocations=746 (full 0):
 garbage-first heap   total 55296K, used 22102K [0x0000000082000000, 0x0000000100000000)
  region size 1024K, 2 young (2048K), 1 survivors (1024K)
 Metaspace       used 12723K, capacity 13043K, committed 13184K, reserved 1060864K
  class space    used 1514K, capacity 1657K, committed 1664K, reserved 1048576K
}
Event: 211.233 GC heap after
{Heap after GC invocations=747 (full 0):
 garbage-first heap   total 55296K, used 12888K [0x0000000082000000, 0x0000000100000000)
  region size 1024K, 1 young (1024K), 1 survivors (1024K)
 Metaspace       used 12723K, capacity 13043K, committed 13184K, reserved 1060864K
  class space    used 1514K, capacity 1657K, committed 1664K, reserved 1048576K
}
Event: 211.680 GC heap before
{Heap before GC invocations=748 (full 0):
 garbage-first heap   total 55296K, used 22104K [0x0000000082000000, 0x0000000100000000)
  region size 1024K, 2 young (2048K), 1 survivors (1024K)
 Metaspace       used 12723K, capacity 13043K, committed 13184K, reserved 1060864K
  class space    used 1514K, capacity 1657K, committed 1664K, reserved 1048576K
}
Event: 211.681 GC heap after
{Heap after GC invocations=749 (full 0):
 garbage-first heap   total 55296K, used 12886K [0x0000000082000000, 0x0000000100000000)
  region size 1024K, 1 young (1024K), 1 survivors (1024K)
 Metaspace       used 12723K, capacity 13043K, committed 13184K, reserved 1060864K
  class space    used 1514K, capacity 1657K, committed 1664K, reserved 1048576K
}
Event: 212.280 GC heap before
{Heap before GC invocations=750 (full 0):
 garbage-first heap   total 55296K, used 22102K [0x0000000082000000, 0x0000000100000000)
  region size 1024K, 2 young (2048K), 1 survivors (1024K)
 Metaspace       used 12723K, capacity 13043K, committed 13184K, reserved 1060864K
  class space    used 1514K, capacity 1657K, committed 1664K, reserved 1048576K
}
Event: 212.281 GC heap after
{Heap after GC invocations=751 (full 0):
 garbage-first heap   total 55296K, used 12886K [0x0000000082000000, 0x0000000100000000)
  region size 1024K, 1 young (1024K), 1 survivors (1024K)
 Metaspace       used 12723K, capacity 13043K, committed 13184K, reserved 1060864K
  class space    used 1514K, capacity 1657K, committed 1664K, reserved 1048576K
}

Deoptimization events (10 events):
Event: 0.331 Thread 0x000001bda68d7800 Uncommon trap: reason=bimorphic_or_optimized_type_check action=maybe_recompile pc=0x000001bdb67a9c44 method=java.util.AbstractCollection.isEmpty()Z @ 1 c2
Event: 0.575 Thread 0x000001bda68d7800 Uncommon trap: reason=class_check action=maybe_recompile pc=0x000001bdb67ad434 method=java.util.HashMap.putVal(ILjava/lang/Object;Ljava/lang/Object;ZZ)Ljava/lang/Object; @ 152 c2
Event: 0.575 Thread 0x000001bda68d7800 Uncommon trap: reason=class_check action=maybe_recompile pc=0x000001bdb67ad434 method=java.util.HashMap.putVal(ILjava/lang/Object;Ljava/lang/Object;ZZ)Ljava/lang/Object; @ 152 c2
Event: 0.575 Thread 0x000001bda68d7800 Uncommon trap: reason=class_check action=maybe_recompile pc=0x000001bdb67ad434 method=java.util.HashMap.putVal(ILjava/lang/Object;Ljava/lang/Object;ZZ)Ljava/lang/Object; @ 152 c2
Event: 1.323 Thread 0x000001bdc659e000 Uncommon trap: reason=unstable_if action=reinterpret pc=0x000001bdb67bd3bc method=java.util.HashMap.putVal(ILjava/lang/Object;Ljava/lang/Object;ZZ)Ljava/lang/Object; @ 181 c2
Event: 1.408 Thread 0x000001bdc659e000 Uncommon trap: reason=unstable_if action=reinterpret pc=0x000001bdb67c2ca4 method=java.util.HashMap.hash(Ljava/lang/Object;)I @ 1 c2
Event: 2.051 Thread 0x000001bdc659e000 Uncommon trap: reason=class_check action=maybe_recompile pc=0x000001bdb67aab0c method=java.lang.String.equals(Ljava/lang/Object;)Z @ 8 c2
Event: 2.051 Thread 0x000001bdc659e000 Uncommon trap: reason=class_check action=maybe_recompile pc=0x000001bdb67aab0c method=java.lang.String.equals(Ljava/lang/Object;)Z @ 8 c2
Event: 2.051 Thread 0x000001bdc659e000 Uncommon trap: reason=class_check action=maybe_recompile pc=0x000001bdb67aab0c method=java.lang.String.equals(Ljava/lang/Object;)Z @ 8 c2
Event: 2.051 Thread 0x000001bdc659e000 Uncommon trap: reason=class_check action=maybe_recompile pc=0x000001bdb67aab0c method=java.lang.String.equals(Ljava/lang/Object;)Z @ 8 c2

Classes redefined (0 events):
No events

Internal exceptions (10 events):
Event: 0.850 Thread 0x000001bda68d7800 Exception <a 'java/lang/NoSuchMethodError'{0x0000000089a21168}: java.lang.invoke.DirectMethodHandle$Holder.invokeStatic(Ljava/lang/Object;Ljava/lang/Object;Ljava/lang/Object;Ljava/lang/Object;Ljava/lang/Object;Ljava/lang/Object;Ljava/lang/Object;J)Ljava/l
Event: 1.000 Thread 0x000001bda68d7800 Exception <a 'java/lang/NoSuchMethodError'{0x0000000089958960}: java.lang.invoke.DirectMethodHandle$Holder.invokeStaticInit(Ljava/lang/Object;)V> (0x0000000089958960) thrown at [t:/workspace/open/src/hotspot/share/interpreter/linkResolver.cpp, line 777]
Event: 1.021 Thread 0x000001bda68d7800 Exception <a 'java/lang/NoSuchMethodError'{0x000000008997f370}: java.lang.invoke.DirectMethodHandle$Holder.invokeStatic(Ljava/lang/Object;ILjava/lang/Object;Ljava/lang/Object;Ljava/lang/Object;Ljava/lang/Object;)Ljava/lang/Object;> (0x000000008997f370) th
Event: 1.021 Thread 0x000001bda68d7800 Exception <a 'java/lang/NoSuchMethodError'{0x0000000089985cf8}: java.lang.invoke.DirectMethodHandle$Holder.invokeStatic(Ljava/lang/Object;ILjava/lang/Object;Ljava/lang/Object;Ljava/lang/Object;)Ljava/lang/Object;> (0x0000000089985cf8) thrown at [t:/worksp
Event: 1.022 Thread 0x000001bda68d7800 Exception <a 'java/lang/NoSuchMethodError'{0x00000000899892b0}: java.lang.invoke.DirectMethodHandle$Holder.invokeSpecial(Ljava/lang/Object;Ljava/lang/Object;ILjava/lang/Object;Ljava/lang/Object;Ljava/lang/Object;)Ljava/lang/Object;> (0x00000000899892b0) t
Event: 1.036 Thread 0x000001bda68d7800 Exception <a 'java/lang/NoSuchMethodError'{0x00000000899e70e8}: java.lang.invoke.DirectMethodHandle$Holder.invokeStatic(Ljava/lang/Object;ILjava/lang/Object;)Ljava/lang/Object;> (0x00000000899e70e8) thrown at [t:/workspace/open/src/hotspot/share/interpret
Event: 1.074 Thread 0x000001bda68d7800 Exception <a 'java/lang/ClassNotFoundException'{0x00000000898a8e80}: com/sun/java/swing/plaf/windows/resources/spi/windowsProvider> (0x00000000898a8e80) thrown at [t:/workspace/open/src/hotspot/share/classfile/systemDictionary.cpp, line 235]
Event: 1.076 Thread 0x000001bda68d7800 Exception <a 'java/lang/ClassNotFoundException'{0x00000000898adbd8}: com/sun/swing/internal/plaf/basic/resources/spi/basicProvider> (0x00000000898adbd8) thrown at [t:/workspace/open/src/hotspot/share/classfile/systemDictionary.cpp, line 235]
Event: 1.408 Thread 0x000001bdc659e000 Implicit null exception at 0x000001bdb67c2c08 to 0x000001bdb67c2c9a
Event: 2.562 Thread 0x000001bdc659e000 Exception <a 'java/lang/NoSuchMethodError'{0x00000000894a2500}: java.lang.invoke.Invokers$Holder.linkToTargetMethod(Ljava/lang/Object;ILjava/lang/Object;)Ljava/lang/Object;> (0x00000000894a2500) thrown at [t:/workspace/open/src/hotspot/share/interpreter/l

Events (10 events):
Event: 212.385 Thread 0x000001bdc4ccd800 Thread exited: 0x000001bdc4ccd800
Event: 212.386 Executing VM operation: RevokeBias
Event: 212.386 Executing VM operation: RevokeBias done
Event: 212.386 Thread 0x000001bdc68df000 Thread exited: 0x000001bdc68df000
Event: 212.398 Executing VM operation: RevokeBias
Event: 212.398 Executing VM operation: RevokeBias done
Event: 212.398 Thread 0x000001bdc594a000 Thread exited: 0x000001bdc594a000
Event: 212.485 Thread 0x000001bdc4cce800 Thread exited: 0x000001bdc4cce800
Event: 212.486 Executing VM operation: Exit
Event: 212.486 Thread 0x000001bdc4c82800 Thread exited: 0x000001bdc4c82800


Dynamic libraries:
0x00007ff6727b0000 - 0x00007ff6727bf000 	C:\Program Files\Java\jdk-12.0.2\bin\java.exe
0x00007ffa79f40000 - 0x00007ffa7a130000 	C:\WINDOWS\SYSTEM32\ntdll.dll
0x00007ffa77ff0000 - 0x00007ffa780a2000 	C:\WINDOWS\System32\KERNEL32.DLL
0x00007ffa77d10000 - 0x00007ffa77fb5000 	C:\WINDOWS\System32\KERNELBASE.dll
0x00007ffa772e0000 - 0x00007ffa773da000 	C:\WINDOWS\System32\ucrtbase.dll
0x00007ffa66cb0000 - 0x00007ffa66cc8000 	C:\Program Files\Java\jdk-12.0.2\bin\jli.dll
0x00007ffa78700000 - 0x00007ffa787a3000 	C:\WINDOWS\System32\ADVAPI32.dll
0x00007ffa780b0000 - 0x00007ffa7814e000 	C:\WINDOWS\System32\msvcrt.dll
0x00007ffa78e80000 - 0x00007ffa78f17000 	C:\WINDOWS\System32\sechost.dll
0x00007ffa79210000 - 0x00007ffa79330000 	C:\WINDOWS\System32\RPCRT4.dll
0x00007ffa78f20000 - 0x00007ffa790b4000 	C:\WINDOWS\System32\USER32.dll
0x00007ffa772b0000 - 0x00007ffa772d1000 	C:\WINDOWS\System32\win32u.dll
0x00007ffa79170000 - 0x00007ffa79196000 	C:\WINDOWS\System32\GDI32.dll
0x00007ffa773e0000 - 0x00007ffa77576000 	C:\WINDOWS\System32\gdi32full.dll
0x00007ffa76f80000 - 0x00007ffa7701e000 	C:\WINDOWS\System32\msvcp_win.dll
0x00007ffa65f20000 - 0x00007ffa65f36000 	C:\Program Files\Java\jdk-12.0.2\bin\VCRUNTIME140.dll
0x00007ffa6c0a0000 - 0x00007ffa6c324000 	C:\WINDOWS\WinSxS\amd64_microsoft.windows.common-controls_6595b64144ccf1df_6.0.18362.1256_none_9e7e379be45e40e2\COMCTL32.dll
0x00007ffa78150000 - 0x00007ffa78486000 	C:\WINDOWS\System32\combase.dll
0x00007ffa77220000 - 0x00007ffa772a1000 	C:\WINDOWS\System32\bcryptPrimitives.dll
0x00007ffa6fed0000 - 0x00007ffa6feda000 	C:\WINDOWS\SYSTEM32\VERSION.dll
0x00007ffa78490000 - 0x00007ffa784be000 	C:\WINDOWS\System32\IMM32.DLL
0x00007ffa4f910000 - 0x00007ffa4f9ba000 	C:\Program Files\Java\jdk-12.0.2\bin\msvcp140.dll
0x00007ffa09ad0000 - 0x00007ffa0a647000 	C:\Program Files\Java\jdk-12.0.2\bin\server\jvm.dll
0x00007ffa78d30000 - 0x00007ffa78d38000 	C:\WINDOWS\System32\PSAPI.DLL
0x00007ffa5a4e0000 - 0x00007ffa5a4e9000 	C:\WINDOWS\SYSTEM32\WSOCK32.dll
0x00007ffa791a0000 - 0x00007ffa7920f000 	C:\WINDOWS\System32\WS2_32.dll
0x00007ffa73aa0000 - 0x00007ffa73ac4000 	C:\WINDOWS\SYSTEM32\WINMM.dll
0x00007ffa73a70000 - 0x00007ffa73a9d000 	C:\WINDOWS\SYSTEM32\WINMMBASE.dll
0x00007ffa76f30000 - 0x00007ffa76f7a000 	C:\WINDOWS\System32\cfgmgr32.dll
0x00007ffa76e90000 - 0x00007ffa76ea1000 	C:\WINDOWS\System32\kernel.appcore.dll
0x00007ffa65f00000 - 0x00007ffa65f11000 	C:\Program Files\Java\jdk-12.0.2\bin\verify.dll
0x00007ffa57d10000 - 0x00007ffa57f04000 	C:\WINDOWS\SYSTEM32\DBGHELP.DLL
0x00007ffa51a10000 - 0x00007ffa51a3a000 	C:\WINDOWS\SYSTEM32\dbgcore.DLL
0x00007ffa51140000 - 0x00007ffa51166000 	C:\Program Files\Java\jdk-12.0.2\bin\java.dll
0x00007ffa5ea70000 - 0x00007ffa5ea7e000 	C:\Program Files\Java\jdk-12.0.2\bin\instrument.dll
0x00007ffa58b40000 - 0x00007ffa58b57000 	C:\Program Files\Java\jdk-12.0.2\bin\zip.dll
0x00007ffa5ead0000 - 0x00007ffa5eada000 	C:\Program Files\Java\jdk-12.0.2\bin\jimage.dll
0x00007ffa79810000 - 0x00007ffa79ef7000 	C:\WINDOWS\System32\SHELL32.dll
0x00007ffa790c0000 - 0x00007ffa79169000 	C:\WINDOWS\System32\shcore.dll
0x00007ffa77580000 - 0x00007ffa77d01000 	C:\WINDOWS\System32\windows.storage.dll
0x00007ffa76e60000 - 0x00007ffa76e83000 	C:\WINDOWS\System32\profapi.dll
0x00007ffa76e10000 - 0x00007ffa76e5a000 	C:\WINDOWS\System32\powrprof.dll
0x00007ffa76de0000 - 0x00007ffa76df0000 	C:\WINDOWS\System32\UMPDC.dll
0x00007ffa787b0000 - 0x00007ffa78802000 	C:\WINDOWS\System32\shlwapi.dll
0x00007ffa76eb0000 - 0x00007ffa76ec7000 	C:\WINDOWS\System32\cryptsp.dll
0x00007ffa4f8f0000 - 0x00007ffa4f909000 	C:\Program Files\Java\jdk-12.0.2\bin\net.dll
0x00007ffa6e090000 - 0x00007ffa6e180000 	C:\WINDOWS\SYSTEM32\WINHTTP.dll
0x00007ffa639e0000 - 0x00007ffa63bb6000 	C:\WINDOWS\SYSTEM32\urlmon.dll
0x00007ffa6dae0000 - 0x00007ffa6dd87000 	C:\WINDOWS\SYSTEM32\iertutil.dll
0x00007ffa76800000 - 0x00007ffa7680c000 	C:\WINDOWS\SYSTEM32\CRYPTBASE.DLL
0x00007ffa76630000 - 0x00007ffa76697000 	C:\WINDOWS\system32\mswsock.dll
0x00007ffa4f8d0000 - 0x00007ffa4f8e3000 	C:\Program Files\Java\jdk-12.0.2\bin\nio.dll
0x00007ffa4f810000 - 0x00007ffa4f82a000 	C:\Program Files\JetBrains\IntelliJ IDEA 2019.2\bin\breakgen64.dll
0x00007ffa32980000 - 0x00007ffa32b1f000 	C:\Program Files\Java\jdk-12.0.2\bin\awt.dll
0x00007ffa79630000 - 0x00007ffa796f5000 	C:\WINDOWS\System32\OLEAUT32.dll
0x00007ffa73bc0000 - 0x00007ffa74180000 	C:\WINDOWS\SYSTEM32\d2d1.dll
0x00007ffa753d0000 - 0x00007ffa7545f000 	C:\WINDOWS\SYSTEM32\apphelp.dll
0x00007ffa75590000 - 0x00007ffa75629000 	C:\WINDOWS\system32\uxtheme.dll
0x00007ffa78d40000 - 0x00007ffa78e75000 	C:\WINDOWS\System32\MSCTF.dll
0x00007ffa785a0000 - 0x00007ffa786f7000 	C:\WINDOWS\System32\ole32.dll
0x00007ffa75760000 - 0x00007ffa7578d000 	C:\WINDOWS\system32\DWMAPI.DLL
0x00007ffa44420000 - 0x00007ffa44576000 	C:\WINDOWS\system32\opengl32.dll
0x00007ffa44330000 - 0x00007ffa4435c000 	C:\WINDOWS\SYSTEM32\GLU32.dll
0x00007ffa75a20000 - 0x00007ffa75a40000 	C:\WINDOWS\SYSTEM32\dxcore.dll
0x00007ffa4f4b0000 - 0x00007ffa4f530000 	C:\Program Files\Java\jdk-12.0.2\bin\freetype.dll
0x00007ffa4f400000 - 0x00007ffa4f4ab000 	C:\Program Files\Java\jdk-12.0.2\bin\fontmanager.dll
0x00007ffa6fe20000 - 0x00007ffa6fec9000 	C:\WINDOWS\WinSxS\amd64_microsoft.windows.common-controls_6595b64144ccf1df_5.82.18362.1256_none_73b4ccbed8148ea3\comctl32.dll
0x00007ffa78810000 - 0x00007ffa788b2000 	C:\WINDOWS\System32\clbcatq.dll
0x00007ffa72fe0000 - 0x00007ffa730d0000 	C:\WINDOWS\system32\propsys.dll
0x00007ffa438f0000 - 0x00007ffa43906000 	C:\WINDOWS\system32\NetworkExplorer.dll
0x00007ffa6f8e0000 - 0x00007ffa6fa8f000 	C:\WINDOWS\SYSTEM32\WindowsCodecs.dll
0x00007ffa47690000 - 0x00007ffa476ee000 	C:\Windows\System32\thumbcache.dll
0x00007ffa72490000 - 0x00007ffa72519000 	C:\WINDOWS\SYSTEM32\policymanager.dll
0x00007ffa73910000 - 0x00007ffa7399a000 	C:\WINDOWS\SYSTEM32\msvcp110_win.dll
0x00007ffa5ba40000 - 0x00007ffa5ba5b000 	C:\WINDOWS\SYSTEM32\MPR.dll
0x00007ffa62a80000 - 0x00007ffa62a8b000 	C:\WINDOWS\System32\drprov.dll
0x00007ffa75e90000 - 0x00007ffa75ee6000 	C:\WINDOWS\System32\WINSTA.dll
0x00007ffa384b0000 - 0x00007ffa384c5000 	C:\WINDOWS\System32\ntlanman.dll
0x00007ffa38390000 - 0x00007ffa383ad000 	C:\WINDOWS\System32\davclnt.dll
0x00007ffa62a70000 - 0x00007ffa62a7c000 	C:\WINDOWS\System32\DAVHLPR.dll
0x00007ffa72720000 - 0x00007ffa72737000 	C:\WINDOWS\System32\wkscli.dll
0x00007ffa77fc0000 - 0x00007ffa77fe6000 	C:\WINDOWS\System32\bcrypt.dll
0x00007ffa712f0000 - 0x00007ffa71302000 	C:\WINDOWS\SYSTEM32\cscapi.dll
0x00007ffa76380000 - 0x00007ffa7638c000 	C:\WINDOWS\System32\netutils.dll
0x00007ffa34710000 - 0x00007ffa34763000 	C:\Windows\System32\dlnashext.dll
0x00007ffa3f9a0000 - 0x00007ffa3fa04000 	C:\Windows\System32\PlayToDevice.dll
0x00007ffa5dec0000 - 0x00007ffa5dee0000 	C:\Windows\System32\DevDispItemProvider.dll
0x00007ffa70bb0000 - 0x00007ffa70c22000 	C:\WINDOWS\System32\MMDevApi.dll
0x00007ffa76bf0000 - 0x00007ffa76c1a000 	C:\WINDOWS\System32\DEVOBJ.dll
0x00007ffa6fc60000 - 0x00007ffa6fe03000 	C:\WINDOWS\WinSxS\amd64_microsoft.windows.gdiplus_6595b64144ccf1df_1.1.18362.1256_none_cf692a813ef0bab0\gdiplus.dll
0x00007ffa73530000 - 0x00007ffa735ce000 	C:\Windows\System32\PortableDeviceApi.dll
0x00007ffa788c0000 - 0x00007ffa78d30000 	C:\WINDOWS\System32\SETUPAPI.dll
0x00007ffa76ed0000 - 0x00007ffa76f2c000 	C:\WINDOWS\System32\WINTRUST.dll
0x00007ffa76df0000 - 0x00007ffa76e02000 	C:\WINDOWS\System32\MSASN1.dll
0x00007ffa77020000 - 0x00007ffa77169000 	C:\WINDOWS\System32\CRYPT32.dll
0x00007ffa6bf40000 - 0x00007ffa6bf65000 	C:\Windows\System32\EhStorAPI.dll
0x00007ffa738b0000 - 0x00007ffa738c3000 	C:\Windows\System32\WTSAPI32.dll
0x00007ffa45a10000 - 0x00007ffa45a1d000 	C:\WINDOWS\SYSTEM32\LINKINFO.dll
0x00007ffa4a060000 - 0x00007ffa4a0f3000 	C:\Windows\System32\appresolver.dll
0x00007ffa66b60000 - 0x00007ffa66bbd000 	C:\Windows\System32\Bcp47Langs.dll
0x00007ffa75cc0000 - 0x00007ffa75ce7000 	C:\Windows\System32\SLC.dll
0x00007ffa76cc0000 - 0x00007ffa76ce5000 	C:\Windows\System32\USERENV.dll
0x00007ffa75c90000 - 0x00007ffa75cb6000 	C:\Windows\System32\sppc.dll
0x00007ffa58c60000 - 0x00007ffa58c6c000 	C:\WINDOWS\SYSTEM32\Secur32.dll
0x00007ffa76cf0000 - 0x00007ffa76d27000 	C:\WINDOWS\SYSTEM32\SSPICLI.DLL
0x00007ffa676f0000 - 0x00007ffa67708000 	C:\WINDOWS\SYSTEM32\samcli.dll
0x00007ffa73850000 - 0x00007ffa73873000 	C:\WINDOWS\SYSTEM32\SAMLIB.dll
0x00007ffa06a90000 - 0x00007ffa09ac3000 	C:\Users\ACER DEMO\OpenCV\opencv\build\java\x64\opencv_java440.dll
0x00007ffa667f0000 - 0x00007ffa6688e000 	C:\WINDOWS\System32\TextInputFramework.dll
0x00007ffa71780000 - 0x00007ffa71aaa000 	C:\WINDOWS\System32\CoreUIComponents.dll
0x00007ffa746c0000 - 0x00007ffa74794000 	C:\WINDOWS\System32\CoreMessaging.dll
0x00007ffa75dc0000 - 0x00007ffa75df1000 	C:\WINDOWS\SYSTEM32\ntmarta.dll
0x00007ffa71ee0000 - 0x00007ffa72033000 	C:\WINDOWS\SYSTEM32\wintypes.dll
0x00007ffa4f7f0000 - 0x00007ffa4f808000 	C:\Windows\System32\devenum.dll
0x00007ffa4f8c0000 - 0x00007ffa4f8cb000 	C:\WINDOWS\SYSTEM32\msdmo.dll
0x00007ffa4f7b0000 - 0x00007ffa4f7e4000 	C:\Windows\System32\qcap.dll
0x00007ffa32640000 - 0x00007ffa32804000 	C:\Windows\System32\quartz.dll
0x00007ffa4f3b0000 - 0x00007ffa4f3fc000 	C:\Windows\System32\mfksproxy.dll
0x00007ffa70410000 - 0x00007ffa7042c000 	C:\Windows\System32\ATL.DLL
0x00007ffa5bec0000 - 0x00007ffa5c0ba000 	C:\Windows\System32\MFPlat.DLL
0x00007ffa60840000 - 0x00007ffa6086f000 	C:\Windows\System32\RTWorkQ.DLL
0x00007ffa4bde0000 - 0x00007ffa4be3c000 	C:\Windows\System32\MFSENSORGROUP.dll
0x00007ffa4e980000 - 0x00007ffa4e9cd000 	C:\Windows\System32\ksproxy.ax
0x00007ffa4f7a0000 - 0x00007ffa4f7a9000 	C:\Windows\System32\ksuser.dll
0x00007ffa31250000 - 0x00007ffa31417000 	C:\Windows\System32\d3d9.dll
0x00007ffa4f3a0000 - 0x00007ffa4f3ad000 	C:\Windows\System32\vidcap.ax
0x00007ffa4f340000 - 0x00007ffa4f366000 	C:\Windows\System32\kswdmcap.ax
0x00007ffa1c690000 - 0x00007ffa1c7f2000 	C:\Windows\System32\MFC42.dll

dbghelp: loaded successfully - version: 4.0.5 - missing functions: none
symbol engine: initialized successfully - sym options: 0x614 - pdb path: .;C:\Program Files\Java\jdk-12.0.2\bin;C:\WINDOWS\SYSTEM32;C:\WINDOWS\WinSxS\amd64_microsoft.windows.common-controls_6595b64144ccf1df_6.0.18362.1256_none_9e7e379be45e40e2;C:\Program Files\Java\jdk-12.0.2\bin\server;C:\Program Files\JetBrains\IntelliJ IDEA 2019.2\bin;C:\WINDOWS\WinSxS\amd64_microsoft.windows.common-controls_6595b64144ccf1df_5.82.18362.1256_none_73b4ccbed8148ea3;C:\WINDOWS\WinSxS\amd64_microsoft.windows.gdiplus_6595b64144ccf1df_1.1.18362.1256_none_cf692a813ef0bab0;C:\Users\ACER DEMO\OpenCV\opencv\build\java\x64;C:\WINDOWS\System32\DriverStore\FileRepository\igdlh64.inf_amd64_ceddadac8a2b489e;C:\Program Files (x86)\Common Files\Intel\OpenCL\bin\x64

VM Arguments:
jvm_args: -Djava.library.path=C:\Users\ACER DEMO\OpenCV\opencv\build\java\x64 -javaagent:C:\Program Files\JetBrains\IntelliJ IDEA 2019.2\lib\idea_rt.jar=50359:C:\Program Files\JetBrains\IntelliJ IDEA 2019.2\bin -Dfile.encoding=UTF-8 
java_command: com.George.Main
java_class_path (initial): C:\Users\ACER DEMO\Desktop\Faculta\Java\GitHub Respository\myWork\6.FaceDetectionApplication\out\production\6.FaceDetectionApplication;C:\Users\ACER DEMO\OpenCV\opencv\build\java\opencv-440.jar
Launcher Type: SUN_STANDARD

[Global flags]
     intx CICompilerCount                          = 3                                         {product} {ergonomic}
     uint ConcGCThreads                            = 1                                         {product} {ergonomic}
     uint G1ConcRefinementThreads                  = 4                                         {product} {ergonomic}
   size_t G1HeapRegionSize                         = 1048576                                   {product} {ergonomic}
    uintx GCDrainStackTargetSize                   = 64                                        {product} {ergonomic}
   size_t InitialHeapSize                          = 132120576                                 {product} {ergonomic}
   size_t MarkStackSize                            = 4194304                                   {product} {ergonomic}
   size_t MaxHeapSize                              = 2113929216                                {product} {ergonomic}
   size_t MaxNewSize                               = 1267728384                                {product} {ergonomic}
   size_t MinHeapDeltaBytes                        = 1048576                                   {product} {ergonomic}
    uintx NonNMethodCodeHeapSize                   = 5830732                                {pd product} {ergonomic}
    uintx NonProfiledCodeHeapSize                  = 122913754                              {pd product} {ergonomic}
    uintx ProfiledCodeHeapSize                     = 122913754                              {pd product} {ergonomic}
    uintx ReservedCodeCacheSize                    = 251658240                              {pd product} {ergonomic}
     bool SegmentedCodeCache                       = true                                      {product} {ergonomic}
     bool UseCompressedClassPointers               = true                                 {lp64_product} {ergonomic}
     bool UseCompressedOops                        = true                                 {lp64_product} {ergonomic}
     bool UseG1GC                                  = true                                      {product} {ergonomic}
     bool UseLargePagesIndividualAllocation        = false                                  {pd product} {ergonomic}

Logging:
Log output configuration:
 #0: stdout all=warning uptime,level,tags
 #1: stderr all=off uptime,level,tags

Environment Variables:
JAVA_HOME=C:\Program Files\JetBrains\IntelliJ IDEA 2019.2\jbr
PATH=C:\Program Files\JetBrains\IntelliJ IDEA 2019.2\jbr\\bin;C:\Program Files\JetBrains\IntelliJ IDEA 2019.2\jbr\\bin\server;C:\Program Files\Java\jdk-12.0.2\bin;C:\Program Files\dotnet\;C:\Program Files\Microsoft SQL Server\130\Tools\Binn\;C:\Program Files\Microsoft SQL Server\Client SDK\ODBC\130\Tools\Binn\;C:\Program Files (x86)\Microsoft SQL Server\140\Tools\Binn\;C:\Program Files\Microsoft SQL Server\140\Tools\Binn\;C:\Program Files\Microsoft SQL Server\140\DTS\Binn\;C:\Program Files (x86)\Microsoft SQL Server\150\DTS\Binn\;C:\Program Files\Azure Data Studio\bin;C:\Ruby27-x64\bin;C:\Users\ACER DEMO\AppData\Local\Microsoft\WindowsApps;C:\Users\ACER DEMO\AppData\Local\GitHubDesktop\bin;C:\Users\ACER DEMO\AppData\Local\Microsoft\WindowsApps;C:\Users\ACER DEMO\AppData\Local\Android\Sdk\platform-tools;"C:\Program Files\Java\jdk-12.0.2\bin;C:\Users\ACER DEMO\OpenCV\opencv\build\x64\vc15\x64\vc15\bin";C:\Program Files\JetBrains\IntelliJ IDEA 2019.2\bin;;C:\Users\ACER DEMO\Desktop\Faculta\SQLite3\sqlite-tools-win32-x86-3330000;C:\Users\ACER DEMO\AppData\Local\Programs\Microsoft VS Code\bin;C:\Program Files\Azure Data Studio\bin
USERNAME=ACER DEMO
OS=Windows_NT
PROCESSOR_IDENTIFIER=Intel64 Family 6 Model 142 Stepping 9, GenuineIntel



---------------  S Y S T E M  ---------------

OS: Windows 10 , 64 bit Build 18362 (10.0.18362.1110)

CPU:total 4 (initial active 4) (2 cores per cpu, 2 threads per core) family 6 model 142 stepping 9, cmov, cx8, fxsr, mmx, sse, sse2, sse3, ssse3, sse4.1, sse4.2, popcnt, avx, avx2, aes, clmul, erms, 3dnowpref, lzcnt, ht, tsc, tscinvbit, bmi1, bmi2, adx, fma

Memory: 4k page, system-wide physical 8060M (2552M free)
TotalPageFile size 10876M (AvailPageFile size 3410M)
current process WorkingSet (physical memory assigned to process): 179M, peak: 209M
current process commit charge ("private bytes"): 191M, peak: 283M

vm_info: Java HotSpot(TM) 64-Bit Server VM (12.0.2+10) for windows-amd64 JRE (12.0.2+10), built on Jul 16 2019 01:56:17 by "mach5one" with MS VC++ 15.5 (VS2017)

END.
